ARM GAS  C:\Users\essele\AppData\Local\Temp\ccJDzEU5.s 			page 1


   1              		.syntax unified
   2              		.cpu cortex-m0
   3              		.fpu softvfp
   4              		.eabi_attribute 20, 1
   5              		.eabi_attribute 21, 1
   6              		.eabi_attribute 23, 3
   7              		.eabi_attribute 24, 1
   8              		.eabi_attribute 25, 1
   9              		.eabi_attribute 26, 1
  10              		.eabi_attribute 30, 6
  11              		.eabi_attribute 34, 0
  12              		.eabi_attribute 18, 4
  13              		.thumb
  14              		.syntax unified
  15              		.file	"DIO.c"
  16              		.text
  17              	.Ltext0:
  18              		.cfi_sections	.debug_frame
  19              		.section	.text.DIO_SetDriveMode,"ax",%progbits
  20              		.align	2
  21              		.global	DIO_SetDriveMode
  22              		.code	16
  23              		.thumb_func
  24              		.type	DIO_SetDriveMode, %function
  25              	DIO_SetDriveMode:
  26              	.LFB0:
  27              		.file 1 "Generated_Source\\PSoC4\\DIO.c"
   1:Generated_Source\PSoC4/DIO.c **** /*******************************************************************************
   2:Generated_Source\PSoC4/DIO.c **** * File Name: DIO.c  
   3:Generated_Source\PSoC4/DIO.c **** * Version 2.20
   4:Generated_Source\PSoC4/DIO.c **** *
   5:Generated_Source\PSoC4/DIO.c **** * Description:
   6:Generated_Source\PSoC4/DIO.c **** *  This file contains API to enable firmware control of a Pins component.
   7:Generated_Source\PSoC4/DIO.c **** *
   8:Generated_Source\PSoC4/DIO.c **** ********************************************************************************
   9:Generated_Source\PSoC4/DIO.c **** * Copyright 2008-2015, Cypress Semiconductor Corporation.  All rights reserved.
  10:Generated_Source\PSoC4/DIO.c **** * You may use this file only in accordance with the license, terms, conditions, 
  11:Generated_Source\PSoC4/DIO.c **** * disclaimers, and limitations in the end user license agreement accompanying 
  12:Generated_Source\PSoC4/DIO.c **** * the software package with which this file was provided.
  13:Generated_Source\PSoC4/DIO.c **** *******************************************************************************/
  14:Generated_Source\PSoC4/DIO.c **** 
  15:Generated_Source\PSoC4/DIO.c **** #include "cytypes.h"
  16:Generated_Source\PSoC4/DIO.c **** #include "DIO.h"
  17:Generated_Source\PSoC4/DIO.c **** 
  18:Generated_Source\PSoC4/DIO.c **** 
  19:Generated_Source\PSoC4/DIO.c **** #if defined(DIO__PC)
  20:Generated_Source\PSoC4/DIO.c ****     #define DIO_SetP4PinDriveMode(shift, mode)  \
  21:Generated_Source\PSoC4/DIO.c ****     do { \
  22:Generated_Source\PSoC4/DIO.c ****         DIO_PC =   (DIO_PC & \
  23:Generated_Source\PSoC4/DIO.c ****                                 (uint32)(~(uint32)(DIO_DRIVE_MODE_IND_MASK << \
  24:Generated_Source\PSoC4/DIO.c ****                                 (DIO_DRIVE_MODE_BITS * (shift))))) | \
  25:Generated_Source\PSoC4/DIO.c ****                                 (uint32)((uint32)(mode) << \
  26:Generated_Source\PSoC4/DIO.c ****                                 (DIO_DRIVE_MODE_BITS * (shift))); \
  27:Generated_Source\PSoC4/DIO.c ****     } while (0)
  28:Generated_Source\PSoC4/DIO.c **** #else
  29:Generated_Source\PSoC4/DIO.c ****     #if (CY_PSOC4_4200L)
  30:Generated_Source\PSoC4/DIO.c ****         #define DIO_SetP4PinDriveMode(shift, mode)  \
ARM GAS  C:\Users\essele\AppData\Local\Temp\ccJDzEU5.s 			page 2


  31:Generated_Source\PSoC4/DIO.c ****         do { \
  32:Generated_Source\PSoC4/DIO.c ****             DIO_USBIO_CTRL_REG = (DIO_USBIO_CTRL_REG & \
  33:Generated_Source\PSoC4/DIO.c ****                                     (uint32)(~(uint32)(DIO_DRIVE_MODE_IND_MASK << \
  34:Generated_Source\PSoC4/DIO.c ****                                     (DIO_DRIVE_MODE_BITS * (shift))))) | \
  35:Generated_Source\PSoC4/DIO.c ****                                     (uint32)((uint32)(mode) << \
  36:Generated_Source\PSoC4/DIO.c ****                                     (DIO_DRIVE_MODE_BITS * (shift))); \
  37:Generated_Source\PSoC4/DIO.c ****         } while (0)
  38:Generated_Source\PSoC4/DIO.c ****     #endif
  39:Generated_Source\PSoC4/DIO.c **** #endif
  40:Generated_Source\PSoC4/DIO.c ****   
  41:Generated_Source\PSoC4/DIO.c **** 
  42:Generated_Source\PSoC4/DIO.c **** #if defined(DIO__PC) || (CY_PSOC4_4200L) 
  43:Generated_Source\PSoC4/DIO.c ****     /*******************************************************************************
  44:Generated_Source\PSoC4/DIO.c ****     * Function Name: DIO_SetDriveMode
  45:Generated_Source\PSoC4/DIO.c ****     ****************************************************************************//**
  46:Generated_Source\PSoC4/DIO.c ****     *
  47:Generated_Source\PSoC4/DIO.c ****     * \brief Sets the drive mode for each of the Pins component's pins.
  48:Generated_Source\PSoC4/DIO.c ****     * 
  49:Generated_Source\PSoC4/DIO.c ****     * <b>Note</b> This affects all pins in the Pins component instance. Use the
  50:Generated_Source\PSoC4/DIO.c ****     * Per-Pin APIs if you wish to control individual pin's drive modes.
  51:Generated_Source\PSoC4/DIO.c ****     *
  52:Generated_Source\PSoC4/DIO.c ****     * <b>Note</b> USBIOs have limited drive functionality. Refer to the Drive Mode
  53:Generated_Source\PSoC4/DIO.c ****     * parameter for more information.
  54:Generated_Source\PSoC4/DIO.c ****     *
  55:Generated_Source\PSoC4/DIO.c ****     * \param mode
  56:Generated_Source\PSoC4/DIO.c ****     *  Mode for the selected signals. Valid options are documented in 
  57:Generated_Source\PSoC4/DIO.c ****     *  \ref driveMode.
  58:Generated_Source\PSoC4/DIO.c ****     *
  59:Generated_Source\PSoC4/DIO.c ****     * \return
  60:Generated_Source\PSoC4/DIO.c ****     *  None
  61:Generated_Source\PSoC4/DIO.c ****     *
  62:Generated_Source\PSoC4/DIO.c ****     * \sideeffect
  63:Generated_Source\PSoC4/DIO.c ****     *  If you use read-modify-write operations that are not atomic, the ISR can
  64:Generated_Source\PSoC4/DIO.c ****     *  cause corruption of this function. An ISR that interrupts this function 
  65:Generated_Source\PSoC4/DIO.c ****     *  and performs writes to the Pins component Drive Mode registers can cause 
  66:Generated_Source\PSoC4/DIO.c ****     *  corrupted port data. To avoid this issue, you should either use the Per-Pin
  67:Generated_Source\PSoC4/DIO.c ****     *  APIs (primary method) or disable interrupts around this function.
  68:Generated_Source\PSoC4/DIO.c ****     *
  69:Generated_Source\PSoC4/DIO.c ****     * \funcusage
  70:Generated_Source\PSoC4/DIO.c ****     *  \snippet DIO_SUT.c usage_DIO_SetDriveMode
  71:Generated_Source\PSoC4/DIO.c ****     *******************************************************************************/
  72:Generated_Source\PSoC4/DIO.c ****     void DIO_SetDriveMode(uint8 mode)
  73:Generated_Source\PSoC4/DIO.c ****     {
  28              		.loc 1 73 0
  29              		.cfi_startproc
  30              		@ args = 0, pretend = 0, frame = 8
  31              		@ frame_needed = 1, uses_anonymous_args = 0
  32 0000 80B5     		push	{r7, lr}
  33              		.cfi_def_cfa_offset 8
  34              		.cfi_offset 7, -8
  35              		.cfi_offset 14, -4
  36 0002 82B0     		sub	sp, sp, #8
  37              		.cfi_def_cfa_offset 16
  38 0004 00AF     		add	r7, sp, #0
  39              		.cfi_def_cfa_register 7
  40 0006 0200     		movs	r2, r0
  41 0008 FB1D     		adds	r3, r7, #7
ARM GAS  C:\Users\essele\AppData\Local\Temp\ccJDzEU5.s 			page 3


  42 000a 1A70     		strb	r2, [r3]
  74:Generated_Source\PSoC4/DIO.c **** 		DIO_SetP4PinDriveMode(DIO__0__SHIFT, mode);
  43              		.loc 1 74 0
  44 000c 2A4B     		ldr	r3, .L2
  45 000e 2A4A     		ldr	r2, .L2
  46 0010 1268     		ldr	r2, [r2]
  47 0012 0721     		movs	r1, #7
  48 0014 8A43     		bics	r2, r1
  49 0016 1100     		movs	r1, r2
  50 0018 FA1D     		adds	r2, r7, #7
  51 001a 1278     		ldrb	r2, [r2]
  52 001c 0A43     		orrs	r2, r1
  53 001e 1A60     		str	r2, [r3]
  75:Generated_Source\PSoC4/DIO.c **** 		DIO_SetP4PinDriveMode(DIO__1__SHIFT, mode);
  54              		.loc 1 75 0
  55 0020 254B     		ldr	r3, .L2
  56 0022 254A     		ldr	r2, .L2
  57 0024 1268     		ldr	r2, [r2]
  58 0026 3821     		movs	r1, #56
  59 0028 8A43     		bics	r2, r1
  60 002a 1100     		movs	r1, r2
  61 002c FA1D     		adds	r2, r7, #7
  62 002e 1278     		ldrb	r2, [r2]
  63 0030 D200     		lsls	r2, r2, #3
  64 0032 0A43     		orrs	r2, r1
  65 0034 1A60     		str	r2, [r3]
  76:Generated_Source\PSoC4/DIO.c **** 		DIO_SetP4PinDriveMode(DIO__2__SHIFT, mode);
  66              		.loc 1 76 0
  67 0036 204B     		ldr	r3, .L2
  68 0038 1F4A     		ldr	r2, .L2
  69 003a 1268     		ldr	r2, [r2]
  70 003c 1F49     		ldr	r1, .L2+4
  71 003e 1140     		ands	r1, r2
  72 0040 FA1D     		adds	r2, r7, #7
  73 0042 1278     		ldrb	r2, [r2]
  74 0044 9201     		lsls	r2, r2, #6
  75 0046 0A43     		orrs	r2, r1
  76 0048 1A60     		str	r2, [r3]
  77:Generated_Source\PSoC4/DIO.c **** 		DIO_SetP4PinDriveMode(DIO__3__SHIFT, mode);
  77              		.loc 1 77 0
  78 004a 1B4B     		ldr	r3, .L2
  79 004c 1A4A     		ldr	r2, .L2
  80 004e 1268     		ldr	r2, [r2]
  81 0050 1B49     		ldr	r1, .L2+8
  82 0052 1140     		ands	r1, r2
  83 0054 FA1D     		adds	r2, r7, #7
  84 0056 1278     		ldrb	r2, [r2]
  85 0058 5202     		lsls	r2, r2, #9
  86 005a 0A43     		orrs	r2, r1
  87 005c 1A60     		str	r2, [r3]
  78:Generated_Source\PSoC4/DIO.c **** 		DIO_SetP4PinDriveMode(DIO__4__SHIFT, mode);
  88              		.loc 1 78 0
  89 005e 164B     		ldr	r3, .L2
  90 0060 154A     		ldr	r2, .L2
  91 0062 1268     		ldr	r2, [r2]
  92 0064 1749     		ldr	r1, .L2+12
  93 0066 1140     		ands	r1, r2
ARM GAS  C:\Users\essele\AppData\Local\Temp\ccJDzEU5.s 			page 4


  94 0068 FA1D     		adds	r2, r7, #7
  95 006a 1278     		ldrb	r2, [r2]
  96 006c 1203     		lsls	r2, r2, #12
  97 006e 0A43     		orrs	r2, r1
  98 0070 1A60     		str	r2, [r3]
  79:Generated_Source\PSoC4/DIO.c **** 		DIO_SetP4PinDriveMode(DIO__5__SHIFT, mode);
  99              		.loc 1 79 0
 100 0072 114B     		ldr	r3, .L2
 101 0074 104A     		ldr	r2, .L2
 102 0076 1268     		ldr	r2, [r2]
 103 0078 1349     		ldr	r1, .L2+16
 104 007a 1140     		ands	r1, r2
 105 007c FA1D     		adds	r2, r7, #7
 106 007e 1278     		ldrb	r2, [r2]
 107 0080 D203     		lsls	r2, r2, #15
 108 0082 0A43     		orrs	r2, r1
 109 0084 1A60     		str	r2, [r3]
  80:Generated_Source\PSoC4/DIO.c **** 		DIO_SetP4PinDriveMode(DIO__6__SHIFT, mode);
 110              		.loc 1 80 0
 111 0086 0C4B     		ldr	r3, .L2
 112 0088 0B4A     		ldr	r2, .L2
 113 008a 1268     		ldr	r2, [r2]
 114 008c 0F49     		ldr	r1, .L2+20
 115 008e 1140     		ands	r1, r2
 116 0090 FA1D     		adds	r2, r7, #7
 117 0092 1278     		ldrb	r2, [r2]
 118 0094 9204     		lsls	r2, r2, #18
 119 0096 0A43     		orrs	r2, r1
 120 0098 1A60     		str	r2, [r3]
  81:Generated_Source\PSoC4/DIO.c **** 		DIO_SetP4PinDriveMode(DIO__7__SHIFT, mode);
 121              		.loc 1 81 0
 122 009a 074B     		ldr	r3, .L2
 123 009c 064A     		ldr	r2, .L2
 124 009e 1268     		ldr	r2, [r2]
 125 00a0 0B49     		ldr	r1, .L2+24
 126 00a2 1140     		ands	r1, r2
 127 00a4 FA1D     		adds	r2, r7, #7
 128 00a6 1278     		ldrb	r2, [r2]
 129 00a8 5205     		lsls	r2, r2, #21
 130 00aa 0A43     		orrs	r2, r1
 131 00ac 1A60     		str	r2, [r3]
  82:Generated_Source\PSoC4/DIO.c ****     }
 132              		.loc 1 82 0
 133 00ae C046     		nop
 134 00b0 BD46     		mov	sp, r7
 135 00b2 02B0     		add	sp, sp, #8
 136              		@ sp needed
 137 00b4 80BD     		pop	{r7, pc}
 138              	.L3:
 139 00b6 C046     		.align	2
 140              	.L2:
 141 00b8 08020440 		.word	1074004488
 142 00bc 3FFEFFFF 		.word	-449
 143 00c0 FFF1FFFF 		.word	-3585
 144 00c4 FF8FFFFF 		.word	-28673
 145 00c8 FF7FFCFF 		.word	-229377
 146 00cc FFFFE3FF 		.word	-1835009
ARM GAS  C:\Users\essele\AppData\Local\Temp\ccJDzEU5.s 			page 5


 147 00d0 FFFF1FFF 		.word	-14680065
 148              		.cfi_endproc
 149              	.LFE0:
 150              		.size	DIO_SetDriveMode, .-DIO_SetDriveMode
 151              		.section	.text.DIO_Write,"ax",%progbits
 152              		.align	2
 153              		.global	DIO_Write
 154              		.code	16
 155              		.thumb_func
 156              		.type	DIO_Write, %function
 157              	DIO_Write:
 158              	.LFB1:
  83:Generated_Source\PSoC4/DIO.c **** #endif
  84:Generated_Source\PSoC4/DIO.c **** 
  85:Generated_Source\PSoC4/DIO.c **** 
  86:Generated_Source\PSoC4/DIO.c **** /*******************************************************************************
  87:Generated_Source\PSoC4/DIO.c **** * Function Name: DIO_Write
  88:Generated_Source\PSoC4/DIO.c **** ****************************************************************************//**
  89:Generated_Source\PSoC4/DIO.c **** *
  90:Generated_Source\PSoC4/DIO.c **** * \brief Writes the value to the physical port (data output register), masking
  91:Generated_Source\PSoC4/DIO.c **** *  and shifting the bits appropriately. 
  92:Generated_Source\PSoC4/DIO.c **** *
  93:Generated_Source\PSoC4/DIO.c **** * The data output register controls the signal applied to the physical pin in 
  94:Generated_Source\PSoC4/DIO.c **** * conjunction with the drive mode parameter. This function avoids changing 
  95:Generated_Source\PSoC4/DIO.c **** * other bits in the port by using the appropriate method (read-modify-write or
  96:Generated_Source\PSoC4/DIO.c **** * bit banding).
  97:Generated_Source\PSoC4/DIO.c **** *
  98:Generated_Source\PSoC4/DIO.c **** * <b>Note</b> This function should not be used on a hardware digital output pin 
  99:Generated_Source\PSoC4/DIO.c **** * as it is driven by the hardware signal attached to it.
 100:Generated_Source\PSoC4/DIO.c **** *
 101:Generated_Source\PSoC4/DIO.c **** * \param value
 102:Generated_Source\PSoC4/DIO.c **** *  Value to write to the component instance.
 103:Generated_Source\PSoC4/DIO.c **** *
 104:Generated_Source\PSoC4/DIO.c **** * \return 
 105:Generated_Source\PSoC4/DIO.c **** *  None 
 106:Generated_Source\PSoC4/DIO.c **** *
 107:Generated_Source\PSoC4/DIO.c **** * \sideeffect
 108:Generated_Source\PSoC4/DIO.c **** *  If you use read-modify-write operations that are not atomic; the Interrupt 
 109:Generated_Source\PSoC4/DIO.c **** *  Service Routines (ISR) can cause corruption of this function. An ISR that 
 110:Generated_Source\PSoC4/DIO.c **** *  interrupts this function and performs writes to the Pins component data 
 111:Generated_Source\PSoC4/DIO.c **** *  register can cause corrupted port data. To avoid this issue, you should 
 112:Generated_Source\PSoC4/DIO.c **** *  either use the Per-Pin APIs (primary method) or disable interrupts around 
 113:Generated_Source\PSoC4/DIO.c **** *  this function.
 114:Generated_Source\PSoC4/DIO.c **** *
 115:Generated_Source\PSoC4/DIO.c **** * \funcusage
 116:Generated_Source\PSoC4/DIO.c **** *  \snippet DIO_SUT.c usage_DIO_Write
 117:Generated_Source\PSoC4/DIO.c **** *******************************************************************************/
 118:Generated_Source\PSoC4/DIO.c **** void DIO_Write(uint8 value)
 119:Generated_Source\PSoC4/DIO.c **** {
 159              		.loc 1 119 0
 160              		.cfi_startproc
 161              		@ args = 0, pretend = 0, frame = 16
 162              		@ frame_needed = 1, uses_anonymous_args = 0
 163 0000 80B5     		push	{r7, lr}
 164              		.cfi_def_cfa_offset 8
 165              		.cfi_offset 7, -8
 166              		.cfi_offset 14, -4
ARM GAS  C:\Users\essele\AppData\Local\Temp\ccJDzEU5.s 			page 6


 167 0002 84B0     		sub	sp, sp, #16
 168              		.cfi_def_cfa_offset 24
 169 0004 00AF     		add	r7, sp, #0
 170              		.cfi_def_cfa_register 7
 171 0006 0200     		movs	r2, r0
 172 0008 FB1D     		adds	r3, r7, #7
 173 000a 1A70     		strb	r2, [r3]
 120:Generated_Source\PSoC4/DIO.c ****     uint8 drVal = (uint8)(DIO_DR & (uint8)(~DIO_MASK));
 174              		.loc 1 120 0
 175 000c 0B4B     		ldr	r3, .L5
 176 000e 1B68     		ldr	r3, [r3]
 177 0010 0F23     		movs	r3, #15
 178 0012 FB18     		adds	r3, r7, r3
 179 0014 0022     		movs	r2, #0
 180 0016 1A70     		strb	r2, [r3]
 121:Generated_Source\PSoC4/DIO.c ****     drVal = (drVal | ((uint8)(value << DIO_SHIFT) & DIO_MASK));
 181              		.loc 1 121 0
 182 0018 0F23     		movs	r3, #15
 183 001a FB18     		adds	r3, r7, r3
 184 001c 0F22     		movs	r2, #15
 185 001e B918     		adds	r1, r7, r2
 186 0020 FA1D     		adds	r2, r7, #7
 187 0022 0978     		ldrb	r1, [r1]
 188 0024 1278     		ldrb	r2, [r2]
 189 0026 0A43     		orrs	r2, r1
 190 0028 1A70     		strb	r2, [r3]
 122:Generated_Source\PSoC4/DIO.c ****     DIO_DR = (uint32)drVal;
 191              		.loc 1 122 0
 192 002a 044B     		ldr	r3, .L5
 193 002c 0F22     		movs	r2, #15
 194 002e BA18     		adds	r2, r7, r2
 195 0030 1278     		ldrb	r2, [r2]
 196 0032 1A60     		str	r2, [r3]
 123:Generated_Source\PSoC4/DIO.c **** }
 197              		.loc 1 123 0
 198 0034 C046     		nop
 199 0036 BD46     		mov	sp, r7
 200 0038 04B0     		add	sp, sp, #16
 201              		@ sp needed
 202 003a 80BD     		pop	{r7, pc}
 203              	.L6:
 204              		.align	2
 205              	.L5:
 206 003c 00020440 		.word	1074004480
 207              		.cfi_endproc
 208              	.LFE1:
 209              		.size	DIO_Write, .-DIO_Write
 210              		.section	.text.DIO_Read,"ax",%progbits
 211              		.align	2
 212              		.global	DIO_Read
 213              		.code	16
 214              		.thumb_func
 215              		.type	DIO_Read, %function
 216              	DIO_Read:
 217              	.LFB2:
 124:Generated_Source\PSoC4/DIO.c **** 
 125:Generated_Source\PSoC4/DIO.c **** 
ARM GAS  C:\Users\essele\AppData\Local\Temp\ccJDzEU5.s 			page 7


 126:Generated_Source\PSoC4/DIO.c **** /*******************************************************************************
 127:Generated_Source\PSoC4/DIO.c **** * Function Name: DIO_Read
 128:Generated_Source\PSoC4/DIO.c **** ****************************************************************************//**
 129:Generated_Source\PSoC4/DIO.c **** *
 130:Generated_Source\PSoC4/DIO.c **** * \brief Reads the associated physical port (pin status register) and masks 
 131:Generated_Source\PSoC4/DIO.c **** *  the required bits according to the width and bit position of the component
 132:Generated_Source\PSoC4/DIO.c **** *  instance. 
 133:Generated_Source\PSoC4/DIO.c **** *
 134:Generated_Source\PSoC4/DIO.c **** * The pin's status register returns the current logic level present on the 
 135:Generated_Source\PSoC4/DIO.c **** * physical pin.
 136:Generated_Source\PSoC4/DIO.c **** *
 137:Generated_Source\PSoC4/DIO.c **** * \return 
 138:Generated_Source\PSoC4/DIO.c **** *  The current value for the pins in the component as a right justified number.
 139:Generated_Source\PSoC4/DIO.c **** *
 140:Generated_Source\PSoC4/DIO.c **** * \funcusage
 141:Generated_Source\PSoC4/DIO.c **** *  \snippet DIO_SUT.c usage_DIO_Read  
 142:Generated_Source\PSoC4/DIO.c **** *******************************************************************************/
 143:Generated_Source\PSoC4/DIO.c **** uint8 DIO_Read(void)
 144:Generated_Source\PSoC4/DIO.c **** {
 218              		.loc 1 144 0
 219              		.cfi_startproc
 220              		@ args = 0, pretend = 0, frame = 0
 221              		@ frame_needed = 1, uses_anonymous_args = 0
 222 0000 80B5     		push	{r7, lr}
 223              		.cfi_def_cfa_offset 8
 224              		.cfi_offset 7, -8
 225              		.cfi_offset 14, -4
 226 0002 00AF     		add	r7, sp, #0
 227              		.cfi_def_cfa_register 7
 145:Generated_Source\PSoC4/DIO.c ****     return (uint8)((DIO_PS & DIO_MASK) >> DIO_SHIFT);
 228              		.loc 1 145 0
 229 0004 024B     		ldr	r3, .L9
 230 0006 1B68     		ldr	r3, [r3]
 231 0008 DBB2     		uxtb	r3, r3
 146:Generated_Source\PSoC4/DIO.c **** }
 232              		.loc 1 146 0
 233 000a 1800     		movs	r0, r3
 234 000c BD46     		mov	sp, r7
 235              		@ sp needed
 236 000e 80BD     		pop	{r7, pc}
 237              	.L10:
 238              		.align	2
 239              	.L9:
 240 0010 04020440 		.word	1074004484
 241              		.cfi_endproc
 242              	.LFE2:
 243              		.size	DIO_Read, .-DIO_Read
 244              		.section	.text.DIO_ReadDataReg,"ax",%progbits
 245              		.align	2
 246              		.global	DIO_ReadDataReg
 247              		.code	16
 248              		.thumb_func
 249              		.type	DIO_ReadDataReg, %function
 250              	DIO_ReadDataReg:
 251              	.LFB3:
 147:Generated_Source\PSoC4/DIO.c **** 
 148:Generated_Source\PSoC4/DIO.c **** 
ARM GAS  C:\Users\essele\AppData\Local\Temp\ccJDzEU5.s 			page 8


 149:Generated_Source\PSoC4/DIO.c **** /*******************************************************************************
 150:Generated_Source\PSoC4/DIO.c **** * Function Name: DIO_ReadDataReg
 151:Generated_Source\PSoC4/DIO.c **** ****************************************************************************//**
 152:Generated_Source\PSoC4/DIO.c **** *
 153:Generated_Source\PSoC4/DIO.c **** * \brief Reads the associated physical port's data output register and masks 
 154:Generated_Source\PSoC4/DIO.c **** *  the correct bits according to the width and bit position of the component 
 155:Generated_Source\PSoC4/DIO.c **** *  instance. 
 156:Generated_Source\PSoC4/DIO.c **** *
 157:Generated_Source\PSoC4/DIO.c **** * The data output register controls the signal applied to the physical pin in 
 158:Generated_Source\PSoC4/DIO.c **** * conjunction with the drive mode parameter. This is not the same as the 
 159:Generated_Source\PSoC4/DIO.c **** * preferred DIO_Read() API because the 
 160:Generated_Source\PSoC4/DIO.c **** * DIO_ReadDataReg() reads the data register instead of the status 
 161:Generated_Source\PSoC4/DIO.c **** * register. For output pins this is a useful function to determine the value 
 162:Generated_Source\PSoC4/DIO.c **** * just written to the pin.
 163:Generated_Source\PSoC4/DIO.c **** *
 164:Generated_Source\PSoC4/DIO.c **** * \return 
 165:Generated_Source\PSoC4/DIO.c **** *  The current value of the data register masked and shifted into a right 
 166:Generated_Source\PSoC4/DIO.c **** *  justified number for the component instance.
 167:Generated_Source\PSoC4/DIO.c **** *
 168:Generated_Source\PSoC4/DIO.c **** * \funcusage
 169:Generated_Source\PSoC4/DIO.c **** *  \snippet DIO_SUT.c usage_DIO_ReadDataReg 
 170:Generated_Source\PSoC4/DIO.c **** *******************************************************************************/
 171:Generated_Source\PSoC4/DIO.c **** uint8 DIO_ReadDataReg(void)
 172:Generated_Source\PSoC4/DIO.c **** {
 252              		.loc 1 172 0
 253              		.cfi_startproc
 254              		@ args = 0, pretend = 0, frame = 0
 255              		@ frame_needed = 1, uses_anonymous_args = 0
 256 0000 80B5     		push	{r7, lr}
 257              		.cfi_def_cfa_offset 8
 258              		.cfi_offset 7, -8
 259              		.cfi_offset 14, -4
 260 0002 00AF     		add	r7, sp, #0
 261              		.cfi_def_cfa_register 7
 173:Generated_Source\PSoC4/DIO.c ****     return (uint8)((DIO_DR & DIO_MASK) >> DIO_SHIFT);
 262              		.loc 1 173 0
 263 0004 024B     		ldr	r3, .L13
 264 0006 1B68     		ldr	r3, [r3]
 265 0008 DBB2     		uxtb	r3, r3
 174:Generated_Source\PSoC4/DIO.c **** }
 266              		.loc 1 174 0
 267 000a 1800     		movs	r0, r3
 268 000c BD46     		mov	sp, r7
 269              		@ sp needed
 270 000e 80BD     		pop	{r7, pc}
 271              	.L14:
 272              		.align	2
 273              	.L13:
 274 0010 00020440 		.word	1074004480
 275              		.cfi_endproc
 276              	.LFE3:
 277              		.size	DIO_ReadDataReg, .-DIO_ReadDataReg
 278              		.section	.text.DIO_SetInterruptMode,"ax",%progbits
 279              		.align	2
 280              		.global	DIO_SetInterruptMode
 281              		.code	16
 282              		.thumb_func
ARM GAS  C:\Users\essele\AppData\Local\Temp\ccJDzEU5.s 			page 9


 283              		.type	DIO_SetInterruptMode, %function
 284              	DIO_SetInterruptMode:
 285              	.LFB4:
 175:Generated_Source\PSoC4/DIO.c **** 
 176:Generated_Source\PSoC4/DIO.c **** 
 177:Generated_Source\PSoC4/DIO.c **** /*******************************************************************************
 178:Generated_Source\PSoC4/DIO.c **** * Function Name: DIO_SetInterruptMode
 179:Generated_Source\PSoC4/DIO.c **** ****************************************************************************//**
 180:Generated_Source\PSoC4/DIO.c **** *
 181:Generated_Source\PSoC4/DIO.c **** * \brief Configures the interrupt mode for each of the Pins component's
 182:Generated_Source\PSoC4/DIO.c **** *  pins. Alternatively you may set the interrupt mode for all the pins
 183:Generated_Source\PSoC4/DIO.c **** *  specified in the Pins component.
 184:Generated_Source\PSoC4/DIO.c **** *
 185:Generated_Source\PSoC4/DIO.c **** *  <b>Note</b> The interrupt is port-wide and therefore any enabled pin
 186:Generated_Source\PSoC4/DIO.c **** *  interrupt may trigger it.
 187:Generated_Source\PSoC4/DIO.c **** *
 188:Generated_Source\PSoC4/DIO.c **** * \param position
 189:Generated_Source\PSoC4/DIO.c **** *  The pin position as listed in the Pins component. You may OR these to be 
 190:Generated_Source\PSoC4/DIO.c **** *  able to configure the interrupt mode of multiple pins within a Pins 
 191:Generated_Source\PSoC4/DIO.c **** *  component. Or you may use DIO_INTR_ALL to configure the
 192:Generated_Source\PSoC4/DIO.c **** *  interrupt mode of all the pins in the Pins component.       
 193:Generated_Source\PSoC4/DIO.c **** *  - DIO_0_INTR       (First pin in the list)
 194:Generated_Source\PSoC4/DIO.c **** *  - DIO_1_INTR       (Second pin in the list)
 195:Generated_Source\PSoC4/DIO.c **** *  - ...
 196:Generated_Source\PSoC4/DIO.c **** *  - DIO_INTR_ALL     (All pins in Pins component)
 197:Generated_Source\PSoC4/DIO.c **** *
 198:Generated_Source\PSoC4/DIO.c **** * \param mode
 199:Generated_Source\PSoC4/DIO.c **** *  Interrupt mode for the selected pins. Valid options are documented in
 200:Generated_Source\PSoC4/DIO.c **** *  \ref intrMode.
 201:Generated_Source\PSoC4/DIO.c **** *
 202:Generated_Source\PSoC4/DIO.c **** * \return 
 203:Generated_Source\PSoC4/DIO.c **** *  None
 204:Generated_Source\PSoC4/DIO.c **** *  
 205:Generated_Source\PSoC4/DIO.c **** * \sideeffect
 206:Generated_Source\PSoC4/DIO.c **** *  It is recommended that the interrupt be disabled before calling this 
 207:Generated_Source\PSoC4/DIO.c **** *  function to avoid unintended interrupt requests. Note that the interrupt
 208:Generated_Source\PSoC4/DIO.c **** *  type is port wide, and therefore will trigger for any enabled pin on the 
 209:Generated_Source\PSoC4/DIO.c **** *  port.
 210:Generated_Source\PSoC4/DIO.c **** *
 211:Generated_Source\PSoC4/DIO.c **** * \funcusage
 212:Generated_Source\PSoC4/DIO.c **** *  \snippet DIO_SUT.c usage_DIO_SetInterruptMode
 213:Generated_Source\PSoC4/DIO.c **** *******************************************************************************/
 214:Generated_Source\PSoC4/DIO.c **** void DIO_SetInterruptMode(uint16 position, uint16 mode)
 215:Generated_Source\PSoC4/DIO.c **** {
 286              		.loc 1 215 0
 287              		.cfi_startproc
 288              		@ args = 0, pretend = 0, frame = 16
 289              		@ frame_needed = 1, uses_anonymous_args = 0
 290 0000 80B5     		push	{r7, lr}
 291              		.cfi_def_cfa_offset 8
 292              		.cfi_offset 7, -8
 293              		.cfi_offset 14, -4
 294 0002 84B0     		sub	sp, sp, #16
 295              		.cfi_def_cfa_offset 24
 296 0004 00AF     		add	r7, sp, #0
 297              		.cfi_def_cfa_register 7
 298 0006 0200     		movs	r2, r0
ARM GAS  C:\Users\essele\AppData\Local\Temp\ccJDzEU5.s 			page 10


 299 0008 BB1D     		adds	r3, r7, #6
 300 000a 1A80     		strh	r2, [r3]
 301 000c 3B1D     		adds	r3, r7, #4
 302 000e 0A1C     		adds	r2, r1, #0
 303 0010 1A80     		strh	r2, [r3]
 216:Generated_Source\PSoC4/DIO.c ****     uint32 intrCfg;
 217:Generated_Source\PSoC4/DIO.c ****     
 218:Generated_Source\PSoC4/DIO.c ****     intrCfg =  DIO_INTCFG & (uint32)(~(uint32)position);
 304              		.loc 1 218 0
 305 0012 0B4B     		ldr	r3, .L16
 306 0014 1B68     		ldr	r3, [r3]
 307 0016 BA1D     		adds	r2, r7, #6
 308 0018 1288     		ldrh	r2, [r2]
 309 001a D243     		mvns	r2, r2
 310 001c 1340     		ands	r3, r2
 311 001e FB60     		str	r3, [r7, #12]
 219:Generated_Source\PSoC4/DIO.c ****     DIO_INTCFG = intrCfg | ((uint32)position & (uint32)mode);
 312              		.loc 1 219 0
 313 0020 074B     		ldr	r3, .L16
 314 0022 BA1D     		adds	r2, r7, #6
 315 0024 391D     		adds	r1, r7, #4
 316 0026 1288     		ldrh	r2, [r2]
 317 0028 0988     		ldrh	r1, [r1]
 318 002a 0A40     		ands	r2, r1
 319 002c 92B2     		uxth	r2, r2
 320 002e 1100     		movs	r1, r2
 321 0030 FA68     		ldr	r2, [r7, #12]
 322 0032 0A43     		orrs	r2, r1
 323 0034 1A60     		str	r2, [r3]
 220:Generated_Source\PSoC4/DIO.c **** }
 324              		.loc 1 220 0
 325 0036 C046     		nop
 326 0038 BD46     		mov	sp, r7
 327 003a 04B0     		add	sp, sp, #16
 328              		@ sp needed
 329 003c 80BD     		pop	{r7, pc}
 330              	.L17:
 331 003e C046     		.align	2
 332              	.L16:
 333 0040 0C020440 		.word	1074004492
 334              		.cfi_endproc
 335              	.LFE4:
 336              		.size	DIO_SetInterruptMode, .-DIO_SetInterruptMode
 337              		.section	.text.DIO_ClearInterrupt,"ax",%progbits
 338              		.align	2
 339              		.global	DIO_ClearInterrupt
 340              		.code	16
 341              		.thumb_func
 342              		.type	DIO_ClearInterrupt, %function
 343              	DIO_ClearInterrupt:
 344              	.LFB5:
 221:Generated_Source\PSoC4/DIO.c **** 
 222:Generated_Source\PSoC4/DIO.c **** 
 223:Generated_Source\PSoC4/DIO.c **** /*******************************************************************************
 224:Generated_Source\PSoC4/DIO.c **** * Function Name: DIO_ClearInterrupt
 225:Generated_Source\PSoC4/DIO.c **** ****************************************************************************//**
 226:Generated_Source\PSoC4/DIO.c **** *
ARM GAS  C:\Users\essele\AppData\Local\Temp\ccJDzEU5.s 			page 11


 227:Generated_Source\PSoC4/DIO.c **** * \brief Clears any active interrupts attached with the component and returns 
 228:Generated_Source\PSoC4/DIO.c **** *  the value of the interrupt status register allowing determination of which
 229:Generated_Source\PSoC4/DIO.c **** *  pins generated an interrupt event.
 230:Generated_Source\PSoC4/DIO.c **** *
 231:Generated_Source\PSoC4/DIO.c **** * \return 
 232:Generated_Source\PSoC4/DIO.c **** *  The right-shifted current value of the interrupt status register. Each pin 
 233:Generated_Source\PSoC4/DIO.c **** *  has one bit set if it generated an interrupt event. For example, bit 0 is 
 234:Generated_Source\PSoC4/DIO.c **** *  for pin 0 and bit 1 is for pin 1 of the Pins component.
 235:Generated_Source\PSoC4/DIO.c **** *  
 236:Generated_Source\PSoC4/DIO.c **** * \sideeffect
 237:Generated_Source\PSoC4/DIO.c **** *  Clears all bits of the physical port's interrupt status register, not just
 238:Generated_Source\PSoC4/DIO.c **** *  those associated with the Pins component.
 239:Generated_Source\PSoC4/DIO.c **** *
 240:Generated_Source\PSoC4/DIO.c **** * \funcusage
 241:Generated_Source\PSoC4/DIO.c **** *  \snippet DIO_SUT.c usage_DIO_ClearInterrupt
 242:Generated_Source\PSoC4/DIO.c **** *******************************************************************************/
 243:Generated_Source\PSoC4/DIO.c **** uint8 DIO_ClearInterrupt(void)
 244:Generated_Source\PSoC4/DIO.c **** {
 345              		.loc 1 244 0
 346              		.cfi_startproc
 347              		@ args = 0, pretend = 0, frame = 8
 348              		@ frame_needed = 1, uses_anonymous_args = 0
 349 0000 80B5     		push	{r7, lr}
 350              		.cfi_def_cfa_offset 8
 351              		.cfi_offset 7, -8
 352              		.cfi_offset 14, -4
 353 0002 82B0     		sub	sp, sp, #8
 354              		.cfi_def_cfa_offset 16
 355 0004 00AF     		add	r7, sp, #0
 356              		.cfi_def_cfa_register 7
 245:Generated_Source\PSoC4/DIO.c **** 	uint8 maskedStatus = (uint8)(DIO_INTSTAT & DIO_MASK);
 357              		.loc 1 245 0
 358 0006 074B     		ldr	r3, .L20
 359 0008 1A68     		ldr	r2, [r3]
 360 000a FB1D     		adds	r3, r7, #7
 361 000c 1A70     		strb	r2, [r3]
 246:Generated_Source\PSoC4/DIO.c **** 	DIO_INTSTAT = maskedStatus;
 362              		.loc 1 246 0
 363 000e 054B     		ldr	r3, .L20
 364 0010 FA1D     		adds	r2, r7, #7
 365 0012 1278     		ldrb	r2, [r2]
 366 0014 1A60     		str	r2, [r3]
 247:Generated_Source\PSoC4/DIO.c ****     return maskedStatus >> DIO_SHIFT;
 367              		.loc 1 247 0
 368 0016 FB1D     		adds	r3, r7, #7
 369 0018 1B78     		ldrb	r3, [r3]
 248:Generated_Source\PSoC4/DIO.c **** }
 370              		.loc 1 248 0
 371 001a 1800     		movs	r0, r3
 372 001c BD46     		mov	sp, r7
 373 001e 02B0     		add	sp, sp, #8
 374              		@ sp needed
 375 0020 80BD     		pop	{r7, pc}
 376              	.L21:
 377 0022 C046     		.align	2
 378              	.L20:
 379 0024 10020440 		.word	1074004496
ARM GAS  C:\Users\essele\AppData\Local\Temp\ccJDzEU5.s 			page 12


 380              		.cfi_endproc
 381              	.LFE5:
 382              		.size	DIO_ClearInterrupt, .-DIO_ClearInterrupt
 383              		.text
 384              	.Letext0:
 385              		.file 2 "Generated_Source\\PSoC4\\cytypes.h"
 386              		.section	.debug_info,"",%progbits
 387              	.Ldebug_info0:
 388 0000 96010000 		.4byte	0x196
 389 0004 0400     		.2byte	0x4
 390 0006 00000000 		.4byte	.Ldebug_abbrev0
 391 000a 04       		.byte	0x4
 392 000b 01       		.uleb128 0x1
 393 000c C4000000 		.4byte	.LASF28
 394 0010 0C       		.byte	0xc
 395 0011 A1010000 		.4byte	.LASF29
 396 0015 83000000 		.4byte	.LASF30
 397 0019 00000000 		.4byte	.Ldebug_ranges0+0
 398 001d 00000000 		.4byte	0
 399 0021 00000000 		.4byte	.Ldebug_line0
 400 0025 02       		.uleb128 0x2
 401 0026 01       		.byte	0x1
 402 0027 06       		.byte	0x6
 403 0028 1B020000 		.4byte	.LASF0
 404 002c 02       		.uleb128 0x2
 405 002d 01       		.byte	0x1
 406 002e 08       		.byte	0x8
 407 002f 48000000 		.4byte	.LASF1
 408 0033 02       		.uleb128 0x2
 409 0034 02       		.byte	0x2
 410 0035 05       		.byte	0x5
 411 0036 02020000 		.4byte	.LASF2
 412 003a 02       		.uleb128 0x2
 413 003b 02       		.byte	0x2
 414 003c 07       		.byte	0x7
 415 003d 1C000000 		.4byte	.LASF3
 416 0041 02       		.uleb128 0x2
 417 0042 04       		.byte	0x4
 418 0043 05       		.byte	0x5
 419 0044 12020000 		.4byte	.LASF4
 420 0048 02       		.uleb128 0x2
 421 0049 04       		.byte	0x4
 422 004a 07       		.byte	0x7
 423 004b 71000000 		.4byte	.LASF5
 424 004f 02       		.uleb128 0x2
 425 0050 08       		.byte	0x8
 426 0051 05       		.byte	0x5
 427 0052 CF010000 		.4byte	.LASF6
 428 0056 02       		.uleb128 0x2
 429 0057 08       		.byte	0x8
 430 0058 07       		.byte	0x7
 431 0059 85010000 		.4byte	.LASF7
 432 005d 03       		.uleb128 0x3
 433 005e 04       		.byte	0x4
 434 005f 05       		.byte	0x5
 435 0060 696E7400 		.ascii	"int\000"
 436 0064 02       		.uleb128 0x2
ARM GAS  C:\Users\essele\AppData\Local\Temp\ccJDzEU5.s 			page 13


 437 0065 04       		.byte	0x4
 438 0066 07       		.byte	0x7
 439 0067 78010000 		.4byte	.LASF8
 440 006b 04       		.uleb128 0x4
 441 006c 0C020000 		.4byte	.LASF9
 442 0070 02       		.byte	0x2
 443 0071 E401     		.2byte	0x1e4
 444 0073 2C000000 		.4byte	0x2c
 445 0077 04       		.uleb128 0x4
 446 0078 59010000 		.4byte	.LASF10
 447 007c 02       		.byte	0x2
 448 007d E501     		.2byte	0x1e5
 449 007f 3A000000 		.4byte	0x3a
 450 0083 04       		.uleb128 0x4
 451 0084 69010000 		.4byte	.LASF11
 452 0088 02       		.byte	0x2
 453 0089 E601     		.2byte	0x1e6
 454 008b 48000000 		.4byte	0x48
 455 008f 02       		.uleb128 0x2
 456 0090 04       		.byte	0x4
 457 0091 04       		.byte	0x4
 458 0092 42000000 		.4byte	.LASF12
 459 0096 02       		.uleb128 0x2
 460 0097 08       		.byte	0x8
 461 0098 04       		.byte	0x4
 462 0099 52010000 		.4byte	.LASF13
 463 009d 02       		.uleb128 0x2
 464 009e 01       		.byte	0x1
 465 009f 08       		.byte	0x8
 466 00a0 FD010000 		.4byte	.LASF14
 467 00a4 04       		.uleb128 0x4
 468 00a5 10000000 		.4byte	.LASF15
 469 00a9 02       		.byte	0x2
 470 00aa 9002     		.2byte	0x290
 471 00ac B0000000 		.4byte	0xb0
 472 00b0 05       		.uleb128 0x5
 473 00b1 83000000 		.4byte	0x83
 474 00b5 06       		.uleb128 0x6
 475 00b6 BE010000 		.4byte	.LASF16
 476 00ba 01       		.byte	0x1
 477 00bb 48       		.byte	0x48
 478 00bc 00000000 		.4byte	.LFB0
 479 00c0 D4000000 		.4byte	.LFE0-.LFB0
 480 00c4 01       		.uleb128 0x1
 481 00c5 9C       		.byte	0x9c
 482 00c6 D9000000 		.4byte	0xd9
 483 00ca 07       		.uleb128 0x7
 484 00cb 9C010000 		.4byte	.LASF18
 485 00cf 01       		.byte	0x1
 486 00d0 48       		.byte	0x48
 487 00d1 6B000000 		.4byte	0x6b
 488 00d5 02       		.uleb128 0x2
 489 00d6 91       		.byte	0x91
 490 00d7 77       		.sleb128 -9
 491 00d8 00       		.byte	0
 492 00d9 06       		.uleb128 0x6
 493 00da 2F000000 		.4byte	.LASF17
ARM GAS  C:\Users\essele\AppData\Local\Temp\ccJDzEU5.s 			page 14


 494 00de 01       		.byte	0x1
 495 00df 76       		.byte	0x76
 496 00e0 00000000 		.4byte	.LFB1
 497 00e4 40000000 		.4byte	.LFE1-.LFB1
 498 00e8 01       		.uleb128 0x1
 499 00e9 9C       		.byte	0x9c
 500 00ea 0B010000 		.4byte	0x10b
 501 00ee 07       		.uleb128 0x7
 502 00ef 16000000 		.4byte	.LASF19
 503 00f3 01       		.byte	0x1
 504 00f4 76       		.byte	0x76
 505 00f5 6B000000 		.4byte	0x6b
 506 00f9 02       		.uleb128 0x2
 507 00fa 91       		.byte	0x91
 508 00fb 6F       		.sleb128 -17
 509 00fc 08       		.uleb128 0x8
 510 00fd 6B000000 		.4byte	.LASF24
 511 0101 01       		.byte	0x1
 512 0102 78       		.byte	0x78
 513 0103 6B000000 		.4byte	0x6b
 514 0107 02       		.uleb128 0x2
 515 0108 91       		.byte	0x91
 516 0109 77       		.sleb128 -9
 517 010a 00       		.byte	0
 518 010b 09       		.uleb128 0x9
 519 010c 39000000 		.4byte	.LASF20
 520 0110 01       		.byte	0x1
 521 0111 8F       		.byte	0x8f
 522 0112 6B000000 		.4byte	0x6b
 523 0116 00000000 		.4byte	.LFB2
 524 011a 14000000 		.4byte	.LFE2-.LFB2
 525 011e 01       		.uleb128 0x1
 526 011f 9C       		.byte	0x9c
 527 0120 09       		.uleb128 0x9
 528 0121 00000000 		.4byte	.LASF21
 529 0125 01       		.byte	0x1
 530 0126 AB       		.byte	0xab
 531 0127 6B000000 		.4byte	0x6b
 532 012b 00000000 		.4byte	.LFB3
 533 012f 14000000 		.4byte	.LFE3-.LFB3
 534 0133 01       		.uleb128 0x1
 535 0134 9C       		.byte	0x9c
 536 0135 06       		.uleb128 0x6
 537 0136 56000000 		.4byte	.LASF22
 538 013a 01       		.byte	0x1
 539 013b D6       		.byte	0xd6
 540 013c 00000000 		.4byte	.LFB4
 541 0140 44000000 		.4byte	.LFE4-.LFB4
 542 0144 01       		.uleb128 0x1
 543 0145 9C       		.byte	0x9c
 544 0146 75010000 		.4byte	0x175
 545 014a 07       		.uleb128 0x7
 546 014b 60010000 		.4byte	.LASF23
 547 014f 01       		.byte	0x1
 548 0150 D6       		.byte	0xd6
 549 0151 77000000 		.4byte	0x77
 550 0155 02       		.uleb128 0x2
ARM GAS  C:\Users\essele\AppData\Local\Temp\ccJDzEU5.s 			page 15


 551 0156 91       		.byte	0x91
 552 0157 6E       		.sleb128 -18
 553 0158 07       		.uleb128 0x7
 554 0159 9C010000 		.4byte	.LASF18
 555 015d 01       		.byte	0x1
 556 015e D6       		.byte	0xd6
 557 015f 77000000 		.4byte	0x77
 558 0163 02       		.uleb128 0x2
 559 0164 91       		.byte	0x91
 560 0165 6C       		.sleb128 -20
 561 0166 08       		.uleb128 0x8
 562 0167 70010000 		.4byte	.LASF25
 563 016b 01       		.byte	0x1
 564 016c D8       		.byte	0xd8
 565 016d 83000000 		.4byte	0x83
 566 0171 02       		.uleb128 0x2
 567 0172 91       		.byte	0x91
 568 0173 74       		.sleb128 -12
 569 0174 00       		.byte	0
 570 0175 0A       		.uleb128 0xa
 571 0176 DD010000 		.4byte	.LASF26
 572 017a 01       		.byte	0x1
 573 017b F3       		.byte	0xf3
 574 017c 6B000000 		.4byte	0x6b
 575 0180 00000000 		.4byte	.LFB5
 576 0184 28000000 		.4byte	.LFE5-.LFB5
 577 0188 01       		.uleb128 0x1
 578 0189 9C       		.byte	0x9c
 579 018a 08       		.uleb128 0x8
 580 018b F0010000 		.4byte	.LASF27
 581 018f 01       		.byte	0x1
 582 0190 F5       		.byte	0xf5
 583 0191 6B000000 		.4byte	0x6b
 584 0195 02       		.uleb128 0x2
 585 0196 91       		.byte	0x91
 586 0197 77       		.sleb128 -9
 587 0198 00       		.byte	0
 588 0199 00       		.byte	0
 589              		.section	.debug_abbrev,"",%progbits
 590              	.Ldebug_abbrev0:
 591 0000 01       		.uleb128 0x1
 592 0001 11       		.uleb128 0x11
 593 0002 01       		.byte	0x1
 594 0003 25       		.uleb128 0x25
 595 0004 0E       		.uleb128 0xe
 596 0005 13       		.uleb128 0x13
 597 0006 0B       		.uleb128 0xb
 598 0007 03       		.uleb128 0x3
 599 0008 0E       		.uleb128 0xe
 600 0009 1B       		.uleb128 0x1b
 601 000a 0E       		.uleb128 0xe
 602 000b 55       		.uleb128 0x55
 603 000c 17       		.uleb128 0x17
 604 000d 11       		.uleb128 0x11
 605 000e 01       		.uleb128 0x1
 606 000f 10       		.uleb128 0x10
 607 0010 17       		.uleb128 0x17
ARM GAS  C:\Users\essele\AppData\Local\Temp\ccJDzEU5.s 			page 16


 608 0011 00       		.byte	0
 609 0012 00       		.byte	0
 610 0013 02       		.uleb128 0x2
 611 0014 24       		.uleb128 0x24
 612 0015 00       		.byte	0
 613 0016 0B       		.uleb128 0xb
 614 0017 0B       		.uleb128 0xb
 615 0018 3E       		.uleb128 0x3e
 616 0019 0B       		.uleb128 0xb
 617 001a 03       		.uleb128 0x3
 618 001b 0E       		.uleb128 0xe
 619 001c 00       		.byte	0
 620 001d 00       		.byte	0
 621 001e 03       		.uleb128 0x3
 622 001f 24       		.uleb128 0x24
 623 0020 00       		.byte	0
 624 0021 0B       		.uleb128 0xb
 625 0022 0B       		.uleb128 0xb
 626 0023 3E       		.uleb128 0x3e
 627 0024 0B       		.uleb128 0xb
 628 0025 03       		.uleb128 0x3
 629 0026 08       		.uleb128 0x8
 630 0027 00       		.byte	0
 631 0028 00       		.byte	0
 632 0029 04       		.uleb128 0x4
 633 002a 16       		.uleb128 0x16
 634 002b 00       		.byte	0
 635 002c 03       		.uleb128 0x3
 636 002d 0E       		.uleb128 0xe
 637 002e 3A       		.uleb128 0x3a
 638 002f 0B       		.uleb128 0xb
 639 0030 3B       		.uleb128 0x3b
 640 0031 05       		.uleb128 0x5
 641 0032 49       		.uleb128 0x49
 642 0033 13       		.uleb128 0x13
 643 0034 00       		.byte	0
 644 0035 00       		.byte	0
 645 0036 05       		.uleb128 0x5
 646 0037 35       		.uleb128 0x35
 647 0038 00       		.byte	0
 648 0039 49       		.uleb128 0x49
 649 003a 13       		.uleb128 0x13
 650 003b 00       		.byte	0
 651 003c 00       		.byte	0
 652 003d 06       		.uleb128 0x6
 653 003e 2E       		.uleb128 0x2e
 654 003f 01       		.byte	0x1
 655 0040 3F       		.uleb128 0x3f
 656 0041 19       		.uleb128 0x19
 657 0042 03       		.uleb128 0x3
 658 0043 0E       		.uleb128 0xe
 659 0044 3A       		.uleb128 0x3a
 660 0045 0B       		.uleb128 0xb
 661 0046 3B       		.uleb128 0x3b
 662 0047 0B       		.uleb128 0xb
 663 0048 27       		.uleb128 0x27
 664 0049 19       		.uleb128 0x19
ARM GAS  C:\Users\essele\AppData\Local\Temp\ccJDzEU5.s 			page 17


 665 004a 11       		.uleb128 0x11
 666 004b 01       		.uleb128 0x1
 667 004c 12       		.uleb128 0x12
 668 004d 06       		.uleb128 0x6
 669 004e 40       		.uleb128 0x40
 670 004f 18       		.uleb128 0x18
 671 0050 9742     		.uleb128 0x2117
 672 0052 19       		.uleb128 0x19
 673 0053 01       		.uleb128 0x1
 674 0054 13       		.uleb128 0x13
 675 0055 00       		.byte	0
 676 0056 00       		.byte	0
 677 0057 07       		.uleb128 0x7
 678 0058 05       		.uleb128 0x5
 679 0059 00       		.byte	0
 680 005a 03       		.uleb128 0x3
 681 005b 0E       		.uleb128 0xe
 682 005c 3A       		.uleb128 0x3a
 683 005d 0B       		.uleb128 0xb
 684 005e 3B       		.uleb128 0x3b
 685 005f 0B       		.uleb128 0xb
 686 0060 49       		.uleb128 0x49
 687 0061 13       		.uleb128 0x13
 688 0062 02       		.uleb128 0x2
 689 0063 18       		.uleb128 0x18
 690 0064 00       		.byte	0
 691 0065 00       		.byte	0
 692 0066 08       		.uleb128 0x8
 693 0067 34       		.uleb128 0x34
 694 0068 00       		.byte	0
 695 0069 03       		.uleb128 0x3
 696 006a 0E       		.uleb128 0xe
 697 006b 3A       		.uleb128 0x3a
 698 006c 0B       		.uleb128 0xb
 699 006d 3B       		.uleb128 0x3b
 700 006e 0B       		.uleb128 0xb
 701 006f 49       		.uleb128 0x49
 702 0070 13       		.uleb128 0x13
 703 0071 02       		.uleb128 0x2
 704 0072 18       		.uleb128 0x18
 705 0073 00       		.byte	0
 706 0074 00       		.byte	0
 707 0075 09       		.uleb128 0x9
 708 0076 2E       		.uleb128 0x2e
 709 0077 00       		.byte	0
 710 0078 3F       		.uleb128 0x3f
 711 0079 19       		.uleb128 0x19
 712 007a 03       		.uleb128 0x3
 713 007b 0E       		.uleb128 0xe
 714 007c 3A       		.uleb128 0x3a
 715 007d 0B       		.uleb128 0xb
 716 007e 3B       		.uleb128 0x3b
 717 007f 0B       		.uleb128 0xb
 718 0080 27       		.uleb128 0x27
 719 0081 19       		.uleb128 0x19
 720 0082 49       		.uleb128 0x49
 721 0083 13       		.uleb128 0x13
ARM GAS  C:\Users\essele\AppData\Local\Temp\ccJDzEU5.s 			page 18


 722 0084 11       		.uleb128 0x11
 723 0085 01       		.uleb128 0x1
 724 0086 12       		.uleb128 0x12
 725 0087 06       		.uleb128 0x6
 726 0088 40       		.uleb128 0x40
 727 0089 18       		.uleb128 0x18
 728 008a 9742     		.uleb128 0x2117
 729 008c 19       		.uleb128 0x19
 730 008d 00       		.byte	0
 731 008e 00       		.byte	0
 732 008f 0A       		.uleb128 0xa
 733 0090 2E       		.uleb128 0x2e
 734 0091 01       		.byte	0x1
 735 0092 3F       		.uleb128 0x3f
 736 0093 19       		.uleb128 0x19
 737 0094 03       		.uleb128 0x3
 738 0095 0E       		.uleb128 0xe
 739 0096 3A       		.uleb128 0x3a
 740 0097 0B       		.uleb128 0xb
 741 0098 3B       		.uleb128 0x3b
 742 0099 0B       		.uleb128 0xb
 743 009a 27       		.uleb128 0x27
 744 009b 19       		.uleb128 0x19
 745 009c 49       		.uleb128 0x49
 746 009d 13       		.uleb128 0x13
 747 009e 11       		.uleb128 0x11
 748 009f 01       		.uleb128 0x1
 749 00a0 12       		.uleb128 0x12
 750 00a1 06       		.uleb128 0x6
 751 00a2 40       		.uleb128 0x40
 752 00a3 18       		.uleb128 0x18
 753 00a4 9742     		.uleb128 0x2117
 754 00a6 19       		.uleb128 0x19
 755 00a7 00       		.byte	0
 756 00a8 00       		.byte	0
 757 00a9 00       		.byte	0
 758              		.section	.debug_aranges,"",%progbits
 759 0000 44000000 		.4byte	0x44
 760 0004 0200     		.2byte	0x2
 761 0006 00000000 		.4byte	.Ldebug_info0
 762 000a 04       		.byte	0x4
 763 000b 00       		.byte	0
 764 000c 0000     		.2byte	0
 765 000e 0000     		.2byte	0
 766 0010 00000000 		.4byte	.LFB0
 767 0014 D4000000 		.4byte	.LFE0-.LFB0
 768 0018 00000000 		.4byte	.LFB1
 769 001c 40000000 		.4byte	.LFE1-.LFB1
 770 0020 00000000 		.4byte	.LFB2
 771 0024 14000000 		.4byte	.LFE2-.LFB2
 772 0028 00000000 		.4byte	.LFB3
 773 002c 14000000 		.4byte	.LFE3-.LFB3
 774 0030 00000000 		.4byte	.LFB4
 775 0034 44000000 		.4byte	.LFE4-.LFB4
 776 0038 00000000 		.4byte	.LFB5
 777 003c 28000000 		.4byte	.LFE5-.LFB5
 778 0040 00000000 		.4byte	0
ARM GAS  C:\Users\essele\AppData\Local\Temp\ccJDzEU5.s 			page 19


 779 0044 00000000 		.4byte	0
 780              		.section	.debug_ranges,"",%progbits
 781              	.Ldebug_ranges0:
 782 0000 00000000 		.4byte	.LFB0
 783 0004 D4000000 		.4byte	.LFE0
 784 0008 00000000 		.4byte	.LFB1
 785 000c 40000000 		.4byte	.LFE1
 786 0010 00000000 		.4byte	.LFB2
 787 0014 14000000 		.4byte	.LFE2
 788 0018 00000000 		.4byte	.LFB3
 789 001c 14000000 		.4byte	.LFE3
 790 0020 00000000 		.4byte	.LFB4
 791 0024 44000000 		.4byte	.LFE4
 792 0028 00000000 		.4byte	.LFB5
 793 002c 28000000 		.4byte	.LFE5
 794 0030 00000000 		.4byte	0
 795 0034 00000000 		.4byte	0
 796              		.section	.debug_line,"",%progbits
 797              	.Ldebug_line0:
 798 0000 BE000000 		.section	.debug_str,"MS",%progbits,1
 798      02004000 
 798      00000201 
 798      FB0E0D00 
 798      01010101 
 799              	.LASF21:
 800 0000 44494F5F 		.ascii	"DIO_ReadDataReg\000"
 800      52656164 
 800      44617461 
 800      52656700 
 801              	.LASF15:
 802 0010 72656733 		.ascii	"reg32\000"
 802      3200
 803              	.LASF19:
 804 0016 76616C75 		.ascii	"value\000"
 804      6500
 805              	.LASF3:
 806 001c 73686F72 		.ascii	"short unsigned int\000"
 806      7420756E 
 806      7369676E 
 806      65642069 
 806      6E7400
 807              	.LASF17:
 808 002f 44494F5F 		.ascii	"DIO_Write\000"
 808      57726974 
 808      6500
 809              	.LASF20:
 810 0039 44494F5F 		.ascii	"DIO_Read\000"
 810      52656164 
 810      00
 811              	.LASF12:
 812 0042 666C6F61 		.ascii	"float\000"
 812      7400
 813              	.LASF1:
 814 0048 756E7369 		.ascii	"unsigned char\000"
 814      676E6564 
 814      20636861 
 814      7200
ARM GAS  C:\Users\essele\AppData\Local\Temp\ccJDzEU5.s 			page 20


 815              	.LASF22:
 816 0056 44494F5F 		.ascii	"DIO_SetInterruptMode\000"
 816      53657449 
 816      6E746572 
 816      72757074 
 816      4D6F6465 
 817              	.LASF24:
 818 006b 64725661 		.ascii	"drVal\000"
 818      6C00
 819              	.LASF5:
 820 0071 6C6F6E67 		.ascii	"long unsigned int\000"
 820      20756E73 
 820      69676E65 
 820      6420696E 
 820      7400
 821              	.LASF30:
 822 0083 5C5C4D61 		.ascii	"\\\\Mac\\Home\\Documents\\dev\\yaugi\\GPIB USB Adap"
 822      635C486F 
 822      6D655C44 
 822      6F63756D 
 822      656E7473 
 823 00af 7465725C 		.ascii	"ter\\GPIB USB 1.cydsn\000"
 823      47504942 
 823      20555342 
 823      20312E63 
 823      7964736E 
 824              	.LASF28:
 825 00c4 474E5520 		.ascii	"GNU C11 5.4.1 20160609 (release) [ARM/embedded-5-br"
 825      43313120 
 825      352E342E 
 825      31203230 
 825      31363036 
 826 00f7 616E6368 		.ascii	"anch revision 237715] -mcpu=cortex-m0 -mthumb -g -O"
 826      20726576 
 826      6973696F 
 826      6E203233 
 826      37373135 
 827 012a 30202D66 		.ascii	"0 -ffunction-sections -ffat-lto-objects\000"
 827      66756E63 
 827      74696F6E 
 827      2D736563 
 827      74696F6E 
 828              	.LASF13:
 829 0152 646F7562 		.ascii	"double\000"
 829      6C6500
 830              	.LASF10:
 831 0159 75696E74 		.ascii	"uint16\000"
 831      313600
 832              	.LASF23:
 833 0160 706F7369 		.ascii	"position\000"
 833      74696F6E 
 833      00
 834              	.LASF11:
 835 0169 75696E74 		.ascii	"uint32\000"
 835      333200
 836              	.LASF25:
 837 0170 696E7472 		.ascii	"intrCfg\000"
ARM GAS  C:\Users\essele\AppData\Local\Temp\ccJDzEU5.s 			page 21


 837      43666700 
 838              	.LASF8:
 839 0178 756E7369 		.ascii	"unsigned int\000"
 839      676E6564 
 839      20696E74 
 839      00
 840              	.LASF7:
 841 0185 6C6F6E67 		.ascii	"long long unsigned int\000"
 841      206C6F6E 
 841      6720756E 
 841      7369676E 
 841      65642069 
 842              	.LASF18:
 843 019c 6D6F6465 		.ascii	"mode\000"
 843      00
 844              	.LASF29:
 845 01a1 47656E65 		.ascii	"Generated_Source\\PSoC4\\DIO.c\000"
 845      72617465 
 845      645F536F 
 845      75726365 
 845      5C50536F 
 846              	.LASF16:
 847 01be 44494F5F 		.ascii	"DIO_SetDriveMode\000"
 847      53657444 
 847      72697665 
 847      4D6F6465 
 847      00
 848              	.LASF6:
 849 01cf 6C6F6E67 		.ascii	"long long int\000"
 849      206C6F6E 
 849      6720696E 
 849      7400
 850              	.LASF26:
 851 01dd 44494F5F 		.ascii	"DIO_ClearInterrupt\000"
 851      436C6561 
 851      72496E74 
 851      65727275 
 851      707400
 852              	.LASF27:
 853 01f0 6D61736B 		.ascii	"maskedStatus\000"
 853      65645374 
 853      61747573 
 853      00
 854              	.LASF14:
 855 01fd 63686172 		.ascii	"char\000"
 855      00
 856              	.LASF2:
 857 0202 73686F72 		.ascii	"short int\000"
 857      7420696E 
 857      7400
 858              	.LASF9:
 859 020c 75696E74 		.ascii	"uint8\000"
 859      3800
 860              	.LASF4:
 861 0212 6C6F6E67 		.ascii	"long int\000"
 861      20696E74 
 861      00
ARM GAS  C:\Users\essele\AppData\Local\Temp\ccJDzEU5.s 			page 22


 862              	.LASF0:
 863 021b 7369676E 		.ascii	"signed char\000"
 863      65642063 
 863      68617200 
 864              		.ident	"GCC: (GNU Tools for ARM Embedded Processors) 5.4.1 20160609 (release) [ARM/embedded-5-bran
