ARM GAS  C:\Users\essele\AppData\Local\Temp\ccq0UoUC.s 			page 1


   1              		.syntax unified
   2              		.cpu cortex-m0
   3              		.fpu softvfp
   4              		.eabi_attribute 20, 1
   5              		.eabi_attribute 21, 1
   6              		.eabi_attribute 23, 3
   7              		.eabi_attribute 24, 1
   8              		.eabi_attribute 25, 1
   9              		.eabi_attribute 26, 1
  10              		.eabi_attribute 30, 6
  11              		.eabi_attribute 34, 0
  12              		.eabi_attribute 18, 4
  13              		.thumb
  14              		.syntax unified
  15              		.file	"EEPROM.c"
  16              		.text
  17              	.Ltext0:
  18              		.cfi_sections	.debug_frame
  19              		.global	EEPROM_config
  20              		.section	.rodata
  21              		.align	2
  22              		.type	EEPROM_config, %object
  23              		.size	EEPROM_config, 16
  24              	EEPROM_config:
  25 0000 00010000 		.word	256
  26 0004 01000000 		.word	1
  27 0008 00       		.byte	0
  28 0009 00       		.byte	0
  29 000a 0000     		.space	2
  30 000c 00000000 		.word	0
  31              		.comm	EEPROM_context,28,4
  32              		.section	.text.EEPROM_Init,"ax",%progbits
  33              		.align	2
  34              		.global	EEPROM_Init
  35              		.code	16
  36              		.thumb_func
  37              		.type	EEPROM_Init, %function
  38              	EEPROM_Init:
  39              	.LFB1:
  40              		.file 1 "Generated_Source\\PSoC4\\EEPROM.c"
   1:Generated_Source\PSoC4/EEPROM.c **** /*******************************************************************************
   2:Generated_Source\PSoC4/EEPROM.c **** * File Name: EEPROM.c
   3:Generated_Source\PSoC4/EEPROM.c **** * Version 2.20
   4:Generated_Source\PSoC4/EEPROM.c **** *
   5:Generated_Source\PSoC4/EEPROM.c **** * Description:
   6:Generated_Source\PSoC4/EEPROM.c **** *  This file provides source code of the API for the Emulated EEPROM
   7:Generated_Source\PSoC4/EEPROM.c **** *  Component.
   8:Generated_Source\PSoC4/EEPROM.c **** *
   9:Generated_Source\PSoC4/EEPROM.c **** ********************************************************************************
  10:Generated_Source\PSoC4/EEPROM.c **** * Copyright 2013-2017, Cypress Semiconductor Corporation. All rights reserved.
  11:Generated_Source\PSoC4/EEPROM.c **** * You may use this file only in accordance with the license, terms, conditions,
  12:Generated_Source\PSoC4/EEPROM.c **** * disclaimers, and limitations in the end user license agreement accompanying
  13:Generated_Source\PSoC4/EEPROM.c **** * the software package with which this file was provided.
  14:Generated_Source\PSoC4/EEPROM.c **** *******************************************************************************/
  15:Generated_Source\PSoC4/EEPROM.c **** 
  16:Generated_Source\PSoC4/EEPROM.c **** #include "EEPROM.h"
  17:Generated_Source\PSoC4/EEPROM.c **** 
ARM GAS  C:\Users\essele\AppData\Local\Temp\ccq0UoUC.s 			page 2


  18:Generated_Source\PSoC4/EEPROM.c **** /** The instance-specific configuration structure. This should be used in the
  19:Generated_Source\PSoC4/EEPROM.c **** *  associated EEPROM_Init() function.
  20:Generated_Source\PSoC4/EEPROM.c **** */
  21:Generated_Source\PSoC4/EEPROM.c **** cy_stc_eeprom_config_t const EEPROM_config =
  22:Generated_Source\PSoC4/EEPROM.c **** {
  23:Generated_Source\PSoC4/EEPROM.c ****     256U,
  24:Generated_Source\PSoC4/EEPROM.c ****     1U,
  25:Generated_Source\PSoC4/EEPROM.c ****     0U,
  26:Generated_Source\PSoC4/EEPROM.c ****     0U,
  27:Generated_Source\PSoC4/EEPROM.c ****     0U
  28:Generated_Source\PSoC4/EEPROM.c **** };
  29:Generated_Source\PSoC4/EEPROM.c **** 
  30:Generated_Source\PSoC4/EEPROM.c **** /** The instance-specific context structure that holds all required information
  31:Generated_Source\PSoC4/EEPROM.c **** * about an EEPROM instance. This structure is filled by the Em_EEPROM
  32:Generated_Source\PSoC4/EEPROM.c **** * library Init() function and used by EEPROM library functions.
  33:Generated_Source\PSoC4/EEPROM.c **** */
  34:Generated_Source\PSoC4/EEPROM.c **** cy_stc_eeprom_context_t EEPROM_context;
  35:Generated_Source\PSoC4/EEPROM.c **** 
  36:Generated_Source\PSoC4/EEPROM.c **** /* For PSoC 6 place EEPROM into Emulated EEPROM flash area */
  37:Generated_Source\PSoC4/EEPROM.c **** #if ((CY_PSOC6) && (EEPROM_STORAGE_EM_EEPROM))
  38:Generated_Source\PSoC4/EEPROM.c **** 
  39:Generated_Source\PSoC4/EEPROM.c ****     CY_SECTION(".cy_em_eeprom") CY_ALIGN(CY_FLASH_SIZEOF_ROW)
  40:Generated_Source\PSoC4/EEPROM.c ****     const uint8 EEPROM_em_EepromStorage[EEPROM_ACTUAL_SIZE] = {0u};
  41:Generated_Source\PSoC4/EEPROM.c **** 
  42:Generated_Source\PSoC4/EEPROM.c **** #endif /* ((CY_PSOC6) && (EEPROM_STORAGE_EM_EEPROM)) */
  43:Generated_Source\PSoC4/EEPROM.c **** 
  44:Generated_Source\PSoC4/EEPROM.c **** 
  45:Generated_Source\PSoC4/EEPROM.c **** /*******************************************************************************
  46:Generated_Source\PSoC4/EEPROM.c **** * Function Name: EEPROM_Init
  47:Generated_Source\PSoC4/EEPROM.c **** ********************************************************************************
  48:Generated_Source\PSoC4/EEPROM.c **** *
  49:Generated_Source\PSoC4/EEPROM.c **** * Fills the start address of the EEPROM to the component configuration structure
  50:Generated_Source\PSoC4/EEPROM.c **** * and invokes Cy_Em_EEPROM_Init() function. In case of PSoC 6 the function 
  51:Generated_Source\PSoC4/EEPROM.c **** * is located in Cy_Em_EEPROM middleware library which is part of PDL. In case if
  52:Generated_Source\PSoC4/EEPROM.c **** * it is utilized in the design based on non-PSOC 6 device the function is 
  53:Generated_Source\PSoC4/EEPROM.c **** * located in internal design wide resource component - Em_EEPROM_Dynamic.
  54:Generated_Source\PSoC4/EEPROM.c **** *
  55:Generated_Source\PSoC4/EEPROM.c **** * \param startAddress
  56:Generated_Source\PSoC4/EEPROM.c **** * Start address of the EEPROM storage. For PSoC 6, if Emulated EEPROM is 
  57:Generated_Source\PSoC4/EEPROM.c **** * selected for EEPROM storage, the start address will be overwritten to some 
  58:Generated_Source\PSoC4/EEPROM.c **** * address from Emulated EEPROM flash area.
  59:Generated_Source\PSoC4/EEPROM.c **** *
  60:Generated_Source\PSoC4/EEPROM.c **** * \return
  61:Generated_Source\PSoC4/EEPROM.c **** * A result of function execution of type cy_en_em_eeprom_status_t.
  62:Generated_Source\PSoC4/EEPROM.c **** *
  63:Generated_Source\PSoC4/EEPROM.c **** *******************************************************************************/
  64:Generated_Source\PSoC4/EEPROM.c **** cy_en_em_eeprom_status_t EEPROM_Init(uint32 startAddress)
  65:Generated_Source\PSoC4/EEPROM.c **** {
  41              		.loc 1 65 0
  42              		.cfi_startproc
  43              		@ args = 0, pretend = 0, frame = 32
  44              		@ frame_needed = 1, uses_anonymous_args = 0
  45 0000 90B5     		push	{r4, r7, lr}
  46              		.cfi_def_cfa_offset 12
  47              		.cfi_offset 4, -12
  48              		.cfi_offset 7, -8
  49              		.cfi_offset 14, -4
ARM GAS  C:\Users\essele\AppData\Local\Temp\ccq0UoUC.s 			page 3


  50 0002 89B0     		sub	sp, sp, #36
  51              		.cfi_def_cfa_offset 48
  52 0004 00AF     		add	r7, sp, #0
  53              		.cfi_def_cfa_register 7
  54 0006 7860     		str	r0, [r7, #4]
  66:Generated_Source\PSoC4/EEPROM.c ****     cy_en_em_eeprom_status_t ret;
  67:Generated_Source\PSoC4/EEPROM.c ****     cy_stc_eeprom_config_t config;
  68:Generated_Source\PSoC4/EEPROM.c **** 
  69:Generated_Source\PSoC4/EEPROM.c ****     config.blockingWrite =      EEPROM_config.blockingWrite;
  55              		.loc 1 69 0
  56 0008 0022     		movs	r2, #0
  57 000a 0C23     		movs	r3, #12
  58 000c FB18     		adds	r3, r7, r3
  59 000e 5A72     		strb	r2, [r3, #9]
  70:Generated_Source\PSoC4/EEPROM.c ****     config.eepromSize =         EEPROM_config.eepromSize;
  60              		.loc 1 70 0
  61 0010 8023     		movs	r3, #128
  62 0012 5A00     		lsls	r2, r3, #1
  63 0014 0C23     		movs	r3, #12
  64 0016 FB18     		adds	r3, r7, r3
  65 0018 1A60     		str	r2, [r3]
  71:Generated_Source\PSoC4/EEPROM.c ****     config.redundantCopy =      EEPROM_config.redundantCopy;
  66              		.loc 1 71 0
  67 001a 0022     		movs	r2, #0
  68 001c 0C23     		movs	r3, #12
  69 001e FB18     		adds	r3, r7, r3
  70 0020 1A72     		strb	r2, [r3, #8]
  72:Generated_Source\PSoC4/EEPROM.c ****     config.wearLevelingFactor = EEPROM_config.wearLevelingFactor;
  71              		.loc 1 72 0
  72 0022 0122     		movs	r2, #1
  73 0024 0C23     		movs	r3, #12
  74 0026 FB18     		adds	r3, r7, r3
  75 0028 5A60     		str	r2, [r3, #4]
  73:Generated_Source\PSoC4/EEPROM.c ****     
  74:Generated_Source\PSoC4/EEPROM.c **** #if ((CY_PSOC6) && (EEPROM_STORAGE_EM_EEPROM))
  75:Generated_Source\PSoC4/EEPROM.c ****     /* For PSoC 6, if Emulated EEPROM is selected - override the eeprom start 
  76:Generated_Source\PSoC4/EEPROM.c ****     * address.
  77:Generated_Source\PSoC4/EEPROM.c ****     */
  78:Generated_Source\PSoC4/EEPROM.c ****     config.userFlashStartAddr = (uint32)EEPROM_em_EepromStorage;
  79:Generated_Source\PSoC4/EEPROM.c **** #else
  80:Generated_Source\PSoC4/EEPROM.c ****     config.userFlashStartAddr = startAddress;
  76              		.loc 1 80 0
  77 002a 0C23     		movs	r3, #12
  78 002c FB18     		adds	r3, r7, r3
  79 002e 7A68     		ldr	r2, [r7, #4]
  80 0030 DA60     		str	r2, [r3, #12]
  81:Generated_Source\PSoC4/EEPROM.c **** #endif /* ((CY_PSOC6) && (EEPROM_STORAGE_EM_EEPROM)) */
  82:Generated_Source\PSoC4/EEPROM.c ****         
  83:Generated_Source\PSoC4/EEPROM.c ****     ret = Cy_Em_EEPROM_Init(&config, &EEPROM_context);
  81              		.loc 1 83 0
  82 0032 1F23     		movs	r3, #31
  83 0034 FC18     		adds	r4, r7, r3
  84 0036 084A     		ldr	r2, .L3
  85 0038 0C23     		movs	r3, #12
  86 003a FB18     		adds	r3, r7, r3
  87 003c 1100     		movs	r1, r2
  88 003e 1800     		movs	r0, r3
ARM GAS  C:\Users\essele\AppData\Local\Temp\ccq0UoUC.s 			page 4


  89 0040 FFF7FEFF 		bl	Cy_Em_EEPROM_Init
  90 0044 0300     		movs	r3, r0
  91 0046 2370     		strb	r3, [r4]
  84:Generated_Source\PSoC4/EEPROM.c **** 
  85:Generated_Source\PSoC4/EEPROM.c ****     return(ret);
  92              		.loc 1 85 0
  93 0048 1F23     		movs	r3, #31
  94 004a FB18     		adds	r3, r7, r3
  95 004c 1B78     		ldrb	r3, [r3]
  86:Generated_Source\PSoC4/EEPROM.c **** }
  96              		.loc 1 86 0
  97 004e 1800     		movs	r0, r3
  98 0050 BD46     		mov	sp, r7
  99 0052 09B0     		add	sp, sp, #36
 100              		@ sp needed
 101 0054 90BD     		pop	{r4, r7, pc}
 102              	.L4:
 103 0056 C046     		.align	2
 104              	.L3:
 105 0058 00000000 		.word	EEPROM_context
 106              		.cfi_endproc
 107              	.LFE1:
 108              		.size	EEPROM_Init, .-EEPROM_Init
 109              		.text
 110              	.Letext0:
 111              		.file 2 "Generated_Source\\PSoC4\\cytypes.h"
 112              		.file 3 "Generated_Source\\PSoC4\\cy_em_eeprom.h"
 113              		.section	.debug_info,"",%progbits
 114              	.Ldebug_info0:
 115 0000 19020000 		.4byte	0x219
 116 0004 0400     		.2byte	0x4
 117 0006 00000000 		.4byte	.Ldebug_abbrev0
 118 000a 04       		.byte	0x4
 119 000b 01       		.uleb128 0x1
 120 000c 0E010000 		.4byte	.LASF35
 121 0010 0C       		.byte	0xc
 122 0011 4B000000 		.4byte	.LASF36
 123 0015 8F000000 		.4byte	.LASF37
 124 0019 00000000 		.4byte	.Ldebug_ranges0+0
 125 001d 00000000 		.4byte	0
 126 0021 00000000 		.4byte	.Ldebug_line0
 127 0025 02       		.uleb128 0x2
 128 0026 01       		.byte	0x1
 129 0027 06       		.byte	0x6
 130 0028 EC020000 		.4byte	.LASF0
 131 002c 02       		.uleb128 0x2
 132 002d 01       		.byte	0x1
 133 002e 08       		.byte	0x8
 134 002f D0000000 		.4byte	.LASF1
 135 0033 02       		.uleb128 0x2
 136 0034 02       		.byte	0x2
 137 0035 05       		.byte	0x5
 138 0036 B5020000 		.4byte	.LASF2
 139 003a 02       		.uleb128 0x2
 140 003b 02       		.byte	0x2
 141 003c 07       		.byte	0x7
 142 003d 20000000 		.4byte	.LASF3
ARM GAS  C:\Users\essele\AppData\Local\Temp\ccq0UoUC.s 			page 5


 143 0041 02       		.uleb128 0x2
 144 0042 04       		.byte	0x4
 145 0043 05       		.byte	0x5
 146 0044 C9020000 		.4byte	.LASF4
 147 0048 02       		.uleb128 0x2
 148 0049 04       		.byte	0x4
 149 004a 07       		.byte	0x7
 150 004b F6000000 		.4byte	.LASF5
 151 004f 02       		.uleb128 0x2
 152 0050 08       		.byte	0x8
 153 0051 05       		.byte	0x5
 154 0052 65020000 		.4byte	.LASF6
 155 0056 02       		.uleb128 0x2
 156 0057 08       		.byte	0x8
 157 0058 07       		.byte	0x7
 158 0059 06020000 		.4byte	.LASF7
 159 005d 03       		.uleb128 0x3
 160 005e 04       		.byte	0x4
 161 005f 05       		.byte	0x5
 162 0060 696E7400 		.ascii	"int\000"
 163 0064 02       		.uleb128 0x2
 164 0065 04       		.byte	0x4
 165 0066 07       		.byte	0x7
 166 0067 E3010000 		.4byte	.LASF8
 167 006b 04       		.uleb128 0x4
 168 006c 08010000 		.4byte	.LASF9
 169 0070 02       		.byte	0x2
 170 0071 E401     		.2byte	0x1e4
 171 0073 2C000000 		.4byte	0x2c
 172 0077 04       		.uleb128 0x4
 173 0078 CD010000 		.4byte	.LASF10
 174 007c 02       		.byte	0x2
 175 007d E601     		.2byte	0x1e6
 176 007f 48000000 		.4byte	0x48
 177 0083 02       		.uleb128 0x2
 178 0084 04       		.byte	0x4
 179 0085 04       		.byte	0x4
 180 0086 89000000 		.4byte	.LASF11
 181 008a 02       		.uleb128 0x2
 182 008b 08       		.byte	0x8
 183 008c 04       		.byte	0x4
 184 008d C6010000 		.4byte	.LASF12
 185 0091 02       		.uleb128 0x2
 186 0092 01       		.byte	0x1
 187 0093 08       		.byte	0x8
 188 0094 80020000 		.4byte	.LASF13
 189 0098 02       		.uleb128 0x2
 190 0099 08       		.byte	0x8
 191 009a 04       		.byte	0x4
 192 009b D2020000 		.4byte	.LASF14
 193 009f 02       		.uleb128 0x2
 194 00a0 04       		.byte	0x4
 195 00a1 07       		.byte	0x7
 196 00a2 5C020000 		.4byte	.LASF15
 197 00a6 05       		.uleb128 0x5
 198 00a7 10       		.byte	0x10
 199 00a8 03       		.byte	0x3
ARM GAS  C:\Users\essele\AppData\Local\Temp\ccq0UoUC.s 			page 6


 200 00a9 FB       		.byte	0xfb
 201 00aa EF000000 		.4byte	0xef
 202 00ae 06       		.uleb128 0x6
 203 00af 7E000000 		.4byte	.LASF16
 204 00b3 03       		.byte	0x3
 205 00b4 FE       		.byte	0xfe
 206 00b5 77000000 		.4byte	0x77
 207 00b9 00       		.byte	0
 208 00ba 07       		.uleb128 0x7
 209 00bb 6B000000 		.4byte	.LASF17
 210 00bf 03       		.byte	0x3
 211 00c0 0301     		.2byte	0x103
 212 00c2 77000000 		.4byte	0x77
 213 00c6 04       		.byte	0x4
 214 00c7 07       		.uleb128 0x7
 215 00c8 4E020000 		.4byte	.LASF18
 216 00cc 03       		.byte	0x3
 217 00cd 0601     		.2byte	0x106
 218 00cf 6B000000 		.4byte	0x6b
 219 00d3 08       		.byte	0x8
 220 00d4 07       		.uleb128 0x7
 221 00d5 40020000 		.4byte	.LASF19
 222 00d9 03       		.byte	0x3
 223 00da 0B01     		.2byte	0x10b
 224 00dc 6B000000 		.4byte	0x6b
 225 00e0 09       		.byte	0x9
 226 00e1 07       		.uleb128 0x7
 227 00e2 00000000 		.4byte	.LASF20
 228 00e6 03       		.byte	0x3
 229 00e7 0E01     		.2byte	0x10e
 230 00e9 77000000 		.4byte	0x77
 231 00ed 0C       		.byte	0xc
 232 00ee 00       		.byte	0
 233 00ef 04       		.uleb128 0x4
 234 00f0 9C010000 		.4byte	.LASF21
 235 00f4 03       		.byte	0x3
 236 00f5 0F01     		.2byte	0x10f
 237 00f7 A6000000 		.4byte	0xa6
 238 00fb 08       		.uleb128 0x8
 239 00fc 1C       		.byte	0x1c
 240 00fd 03       		.byte	0x3
 241 00fe 1601     		.2byte	0x116
 242 0100 6D010000 		.4byte	0x16d
 243 0104 07       		.uleb128 0x7
 244 0105 BF020000 		.4byte	.LASF22
 245 0109 03       		.byte	0x3
 246 010a 1B01     		.2byte	0x11b
 247 010c 77000000 		.4byte	0x77
 248 0110 00       		.byte	0
 249 0111 07       		.uleb128 0x7
 250 0112 13000000 		.4byte	.LASF23
 251 0116 03       		.byte	0x3
 252 0117 2001     		.2byte	0x120
 253 0119 77000000 		.4byte	0x77
 254 011d 04       		.byte	0x4
 255 011e 07       		.uleb128 0x7
 256 011f DE020000 		.4byte	.LASF24
ARM GAS  C:\Users\essele\AppData\Local\Temp\ccq0UoUC.s 			page 7


 257 0123 03       		.byte	0x3
 258 0124 2301     		.2byte	0x123
 259 0126 77000000 		.4byte	0x77
 260 012a 08       		.byte	0x8
 261 012b 07       		.uleb128 0x7
 262 012c 7E000000 		.4byte	.LASF16
 263 0130 03       		.byte	0x3
 264 0131 2601     		.2byte	0x126
 265 0133 77000000 		.4byte	0x77
 266 0137 0C       		.byte	0xc
 267 0138 07       		.uleb128 0x7
 268 0139 6B000000 		.4byte	.LASF17
 269 013d 03       		.byte	0x3
 270 013e 2B01     		.2byte	0x12b
 271 0140 77000000 		.4byte	0x77
 272 0144 10       		.byte	0x10
 273 0145 07       		.uleb128 0x7
 274 0146 4E020000 		.4byte	.LASF18
 275 014a 03       		.byte	0x3
 276 014b 2E01     		.2byte	0x12e
 277 014d 6B000000 		.4byte	0x6b
 278 0151 14       		.byte	0x14
 279 0152 07       		.uleb128 0x7
 280 0153 40020000 		.4byte	.LASF19
 281 0157 03       		.byte	0x3
 282 0158 3301     		.2byte	0x133
 283 015a 6B000000 		.4byte	0x6b
 284 015e 15       		.byte	0x15
 285 015f 07       		.uleb128 0x7
 286 0160 00000000 		.4byte	.LASF20
 287 0164 03       		.byte	0x3
 288 0165 3601     		.2byte	0x136
 289 0167 77000000 		.4byte	0x77
 290 016b 18       		.byte	0x18
 291 016c 00       		.byte	0
 292 016d 04       		.uleb128 0x4
 293 016e 33000000 		.4byte	.LASF25
 294 0172 03       		.byte	0x3
 295 0173 3701     		.2byte	0x137
 296 0175 FB000000 		.4byte	0xfb
 297 0179 09       		.uleb128 0x9
 298 017a 01       		.byte	0x1
 299 017b 2C000000 		.4byte	0x2c
 300 017f 03       		.byte	0x3
 301 0180 5401     		.2byte	0x154
 302 0182 A5010000 		.4byte	0x1a5
 303 0186 0A       		.uleb128 0xa
 304 0187 2B020000 		.4byte	.LASF26
 305 018b 00       		.byte	0
 306 018c 0A       		.uleb128 0xa
 307 018d 85020000 		.4byte	.LASF27
 308 0191 01       		.byte	0x1
 309 0192 0A       		.uleb128 0xa
 310 0193 F8020000 		.4byte	.LASF28
 311 0197 02       		.byte	0x2
 312 0198 0A       		.uleb128 0xa
 313 0199 F0010000 		.4byte	.LASF29
ARM GAS  C:\Users\essele\AppData\Local\Temp\ccq0UoUC.s 			page 8


 314 019d 03       		.byte	0x3
 315 019e 0A       		.uleb128 0xa
 316 019f DE000000 		.4byte	.LASF30
 317 01a3 04       		.byte	0x4
 318 01a4 00       		.byte	0
 319 01a5 04       		.uleb128 0x4
 320 01a6 9C020000 		.4byte	.LASF31
 321 01aa 03       		.byte	0x3
 322 01ab 5A01     		.2byte	0x15a
 323 01ad 79010000 		.4byte	0x179
 324 01b1 0B       		.uleb128 0xb
 325 01b2 B3010000 		.4byte	.LASF38
 326 01b6 01       		.byte	0x1
 327 01b7 40       		.byte	0x40
 328 01b8 A5010000 		.4byte	0x1a5
 329 01bc 00000000 		.4byte	.LFB1
 330 01c0 5C000000 		.4byte	.LFE1-.LFB1
 331 01c4 01       		.uleb128 0x1
 332 01c5 9C       		.byte	0x9c
 333 01c6 F5010000 		.4byte	0x1f5
 334 01ca 0C       		.uleb128 0xc
 335 01cb 73020000 		.4byte	.LASF39
 336 01cf 01       		.byte	0x1
 337 01d0 40       		.byte	0x40
 338 01d1 77000000 		.4byte	0x77
 339 01d5 02       		.uleb128 0x2
 340 01d6 91       		.byte	0x91
 341 01d7 54       		.sleb128 -44
 342 01d8 0D       		.uleb128 0xd
 343 01d9 72657400 		.ascii	"ret\000"
 344 01dd 01       		.byte	0x1
 345 01de 42       		.byte	0x42
 346 01df A5010000 		.4byte	0x1a5
 347 01e3 02       		.uleb128 0x2
 348 01e4 91       		.byte	0x91
 349 01e5 6F       		.sleb128 -17
 350 01e6 0E       		.uleb128 0xe
 351 01e7 BF010000 		.4byte	.LASF32
 352 01eb 01       		.byte	0x1
 353 01ec 43       		.byte	0x43
 354 01ed EF000000 		.4byte	0xef
 355 01f1 02       		.uleb128 0x2
 356 01f2 91       		.byte	0x91
 357 01f3 5C       		.sleb128 -36
 358 01f4 00       		.byte	0
 359 01f5 0F       		.uleb128 0xf
 360 01f6 1D020000 		.4byte	.LASF33
 361 01fa 01       		.byte	0x1
 362 01fb 15       		.byte	0x15
 363 01fc 06020000 		.4byte	0x206
 364 0200 05       		.uleb128 0x5
 365 0201 03       		.byte	0x3
 366 0202 00000000 		.4byte	EEPROM_config
 367 0206 10       		.uleb128 0x10
 368 0207 EF000000 		.4byte	0xef
 369 020b 0F       		.uleb128 0xf
 370 020c D4010000 		.4byte	.LASF34
ARM GAS  C:\Users\essele\AppData\Local\Temp\ccq0UoUC.s 			page 9


 371 0210 01       		.byte	0x1
 372 0211 22       		.byte	0x22
 373 0212 6D010000 		.4byte	0x16d
 374 0216 05       		.uleb128 0x5
 375 0217 03       		.byte	0x3
 376 0218 00000000 		.4byte	EEPROM_context
 377 021c 00       		.byte	0
 378              		.section	.debug_abbrev,"",%progbits
 379              	.Ldebug_abbrev0:
 380 0000 01       		.uleb128 0x1
 381 0001 11       		.uleb128 0x11
 382 0002 01       		.byte	0x1
 383 0003 25       		.uleb128 0x25
 384 0004 0E       		.uleb128 0xe
 385 0005 13       		.uleb128 0x13
 386 0006 0B       		.uleb128 0xb
 387 0007 03       		.uleb128 0x3
 388 0008 0E       		.uleb128 0xe
 389 0009 1B       		.uleb128 0x1b
 390 000a 0E       		.uleb128 0xe
 391 000b 55       		.uleb128 0x55
 392 000c 17       		.uleb128 0x17
 393 000d 11       		.uleb128 0x11
 394 000e 01       		.uleb128 0x1
 395 000f 10       		.uleb128 0x10
 396 0010 17       		.uleb128 0x17
 397 0011 00       		.byte	0
 398 0012 00       		.byte	0
 399 0013 02       		.uleb128 0x2
 400 0014 24       		.uleb128 0x24
 401 0015 00       		.byte	0
 402 0016 0B       		.uleb128 0xb
 403 0017 0B       		.uleb128 0xb
 404 0018 3E       		.uleb128 0x3e
 405 0019 0B       		.uleb128 0xb
 406 001a 03       		.uleb128 0x3
 407 001b 0E       		.uleb128 0xe
 408 001c 00       		.byte	0
 409 001d 00       		.byte	0
 410 001e 03       		.uleb128 0x3
 411 001f 24       		.uleb128 0x24
 412 0020 00       		.byte	0
 413 0021 0B       		.uleb128 0xb
 414 0022 0B       		.uleb128 0xb
 415 0023 3E       		.uleb128 0x3e
 416 0024 0B       		.uleb128 0xb
 417 0025 03       		.uleb128 0x3
 418 0026 08       		.uleb128 0x8
 419 0027 00       		.byte	0
 420 0028 00       		.byte	0
 421 0029 04       		.uleb128 0x4
 422 002a 16       		.uleb128 0x16
 423 002b 00       		.byte	0
 424 002c 03       		.uleb128 0x3
 425 002d 0E       		.uleb128 0xe
 426 002e 3A       		.uleb128 0x3a
 427 002f 0B       		.uleb128 0xb
ARM GAS  C:\Users\essele\AppData\Local\Temp\ccq0UoUC.s 			page 10


 428 0030 3B       		.uleb128 0x3b
 429 0031 05       		.uleb128 0x5
 430 0032 49       		.uleb128 0x49
 431 0033 13       		.uleb128 0x13
 432 0034 00       		.byte	0
 433 0035 00       		.byte	0
 434 0036 05       		.uleb128 0x5
 435 0037 13       		.uleb128 0x13
 436 0038 01       		.byte	0x1
 437 0039 0B       		.uleb128 0xb
 438 003a 0B       		.uleb128 0xb
 439 003b 3A       		.uleb128 0x3a
 440 003c 0B       		.uleb128 0xb
 441 003d 3B       		.uleb128 0x3b
 442 003e 0B       		.uleb128 0xb
 443 003f 01       		.uleb128 0x1
 444 0040 13       		.uleb128 0x13
 445 0041 00       		.byte	0
 446 0042 00       		.byte	0
 447 0043 06       		.uleb128 0x6
 448 0044 0D       		.uleb128 0xd
 449 0045 00       		.byte	0
 450 0046 03       		.uleb128 0x3
 451 0047 0E       		.uleb128 0xe
 452 0048 3A       		.uleb128 0x3a
 453 0049 0B       		.uleb128 0xb
 454 004a 3B       		.uleb128 0x3b
 455 004b 0B       		.uleb128 0xb
 456 004c 49       		.uleb128 0x49
 457 004d 13       		.uleb128 0x13
 458 004e 38       		.uleb128 0x38
 459 004f 0B       		.uleb128 0xb
 460 0050 00       		.byte	0
 461 0051 00       		.byte	0
 462 0052 07       		.uleb128 0x7
 463 0053 0D       		.uleb128 0xd
 464 0054 00       		.byte	0
 465 0055 03       		.uleb128 0x3
 466 0056 0E       		.uleb128 0xe
 467 0057 3A       		.uleb128 0x3a
 468 0058 0B       		.uleb128 0xb
 469 0059 3B       		.uleb128 0x3b
 470 005a 05       		.uleb128 0x5
 471 005b 49       		.uleb128 0x49
 472 005c 13       		.uleb128 0x13
 473 005d 38       		.uleb128 0x38
 474 005e 0B       		.uleb128 0xb
 475 005f 00       		.byte	0
 476 0060 00       		.byte	0
 477 0061 08       		.uleb128 0x8
 478 0062 13       		.uleb128 0x13
 479 0063 01       		.byte	0x1
 480 0064 0B       		.uleb128 0xb
 481 0065 0B       		.uleb128 0xb
 482 0066 3A       		.uleb128 0x3a
 483 0067 0B       		.uleb128 0xb
 484 0068 3B       		.uleb128 0x3b
ARM GAS  C:\Users\essele\AppData\Local\Temp\ccq0UoUC.s 			page 11


 485 0069 05       		.uleb128 0x5
 486 006a 01       		.uleb128 0x1
 487 006b 13       		.uleb128 0x13
 488 006c 00       		.byte	0
 489 006d 00       		.byte	0
 490 006e 09       		.uleb128 0x9
 491 006f 04       		.uleb128 0x4
 492 0070 01       		.byte	0x1
 493 0071 0B       		.uleb128 0xb
 494 0072 0B       		.uleb128 0xb
 495 0073 49       		.uleb128 0x49
 496 0074 13       		.uleb128 0x13
 497 0075 3A       		.uleb128 0x3a
 498 0076 0B       		.uleb128 0xb
 499 0077 3B       		.uleb128 0x3b
 500 0078 05       		.uleb128 0x5
 501 0079 01       		.uleb128 0x1
 502 007a 13       		.uleb128 0x13
 503 007b 00       		.byte	0
 504 007c 00       		.byte	0
 505 007d 0A       		.uleb128 0xa
 506 007e 28       		.uleb128 0x28
 507 007f 00       		.byte	0
 508 0080 03       		.uleb128 0x3
 509 0081 0E       		.uleb128 0xe
 510 0082 1C       		.uleb128 0x1c
 511 0083 0B       		.uleb128 0xb
 512 0084 00       		.byte	0
 513 0085 00       		.byte	0
 514 0086 0B       		.uleb128 0xb
 515 0087 2E       		.uleb128 0x2e
 516 0088 01       		.byte	0x1
 517 0089 3F       		.uleb128 0x3f
 518 008a 19       		.uleb128 0x19
 519 008b 03       		.uleb128 0x3
 520 008c 0E       		.uleb128 0xe
 521 008d 3A       		.uleb128 0x3a
 522 008e 0B       		.uleb128 0xb
 523 008f 3B       		.uleb128 0x3b
 524 0090 0B       		.uleb128 0xb
 525 0091 27       		.uleb128 0x27
 526 0092 19       		.uleb128 0x19
 527 0093 49       		.uleb128 0x49
 528 0094 13       		.uleb128 0x13
 529 0095 11       		.uleb128 0x11
 530 0096 01       		.uleb128 0x1
 531 0097 12       		.uleb128 0x12
 532 0098 06       		.uleb128 0x6
 533 0099 40       		.uleb128 0x40
 534 009a 18       		.uleb128 0x18
 535 009b 9642     		.uleb128 0x2116
 536 009d 19       		.uleb128 0x19
 537 009e 01       		.uleb128 0x1
 538 009f 13       		.uleb128 0x13
 539 00a0 00       		.byte	0
 540 00a1 00       		.byte	0
 541 00a2 0C       		.uleb128 0xc
ARM GAS  C:\Users\essele\AppData\Local\Temp\ccq0UoUC.s 			page 12


 542 00a3 05       		.uleb128 0x5
 543 00a4 00       		.byte	0
 544 00a5 03       		.uleb128 0x3
 545 00a6 0E       		.uleb128 0xe
 546 00a7 3A       		.uleb128 0x3a
 547 00a8 0B       		.uleb128 0xb
 548 00a9 3B       		.uleb128 0x3b
 549 00aa 0B       		.uleb128 0xb
 550 00ab 49       		.uleb128 0x49
 551 00ac 13       		.uleb128 0x13
 552 00ad 02       		.uleb128 0x2
 553 00ae 18       		.uleb128 0x18
 554 00af 00       		.byte	0
 555 00b0 00       		.byte	0
 556 00b1 0D       		.uleb128 0xd
 557 00b2 34       		.uleb128 0x34
 558 00b3 00       		.byte	0
 559 00b4 03       		.uleb128 0x3
 560 00b5 08       		.uleb128 0x8
 561 00b6 3A       		.uleb128 0x3a
 562 00b7 0B       		.uleb128 0xb
 563 00b8 3B       		.uleb128 0x3b
 564 00b9 0B       		.uleb128 0xb
 565 00ba 49       		.uleb128 0x49
 566 00bb 13       		.uleb128 0x13
 567 00bc 02       		.uleb128 0x2
 568 00bd 18       		.uleb128 0x18
 569 00be 00       		.byte	0
 570 00bf 00       		.byte	0
 571 00c0 0E       		.uleb128 0xe
 572 00c1 34       		.uleb128 0x34
 573 00c2 00       		.byte	0
 574 00c3 03       		.uleb128 0x3
 575 00c4 0E       		.uleb128 0xe
 576 00c5 3A       		.uleb128 0x3a
 577 00c6 0B       		.uleb128 0xb
 578 00c7 3B       		.uleb128 0x3b
 579 00c8 0B       		.uleb128 0xb
 580 00c9 49       		.uleb128 0x49
 581 00ca 13       		.uleb128 0x13
 582 00cb 02       		.uleb128 0x2
 583 00cc 18       		.uleb128 0x18
 584 00cd 00       		.byte	0
 585 00ce 00       		.byte	0
 586 00cf 0F       		.uleb128 0xf
 587 00d0 34       		.uleb128 0x34
 588 00d1 00       		.byte	0
 589 00d2 03       		.uleb128 0x3
 590 00d3 0E       		.uleb128 0xe
 591 00d4 3A       		.uleb128 0x3a
 592 00d5 0B       		.uleb128 0xb
 593 00d6 3B       		.uleb128 0x3b
 594 00d7 0B       		.uleb128 0xb
 595 00d8 49       		.uleb128 0x49
 596 00d9 13       		.uleb128 0x13
 597 00da 3F       		.uleb128 0x3f
 598 00db 19       		.uleb128 0x19
ARM GAS  C:\Users\essele\AppData\Local\Temp\ccq0UoUC.s 			page 13


 599 00dc 02       		.uleb128 0x2
 600 00dd 18       		.uleb128 0x18
 601 00de 00       		.byte	0
 602 00df 00       		.byte	0
 603 00e0 10       		.uleb128 0x10
 604 00e1 26       		.uleb128 0x26
 605 00e2 00       		.byte	0
 606 00e3 49       		.uleb128 0x49
 607 00e4 13       		.uleb128 0x13
 608 00e5 00       		.byte	0
 609 00e6 00       		.byte	0
 610 00e7 00       		.byte	0
 611              		.section	.debug_aranges,"",%progbits
 612 0000 1C000000 		.4byte	0x1c
 613 0004 0200     		.2byte	0x2
 614 0006 00000000 		.4byte	.Ldebug_info0
 615 000a 04       		.byte	0x4
 616 000b 00       		.byte	0
 617 000c 0000     		.2byte	0
 618 000e 0000     		.2byte	0
 619 0010 00000000 		.4byte	.LFB1
 620 0014 5C000000 		.4byte	.LFE1-.LFB1
 621 0018 00000000 		.4byte	0
 622 001c 00000000 		.4byte	0
 623              		.section	.debug_ranges,"",%progbits
 624              	.Ldebug_ranges0:
 625 0000 00000000 		.4byte	.LFB1
 626 0004 5C000000 		.4byte	.LFE1
 627 0008 00000000 		.4byte	0
 628 000c 00000000 		.4byte	0
 629              		.section	.debug_line,"",%progbits
 630              	.Ldebug_line0:
 631 0000 73000000 		.section	.debug_str,"MS",%progbits,1
 631      02005500 
 631      00000201 
 631      FB0E0D00 
 631      01010101 
 632              	.LASF20:
 633 0000 75736572 		.ascii	"userFlashStartAddr\000"
 633      466C6173 
 633      68537461 
 633      72744164 
 633      647200
 634              	.LASF23:
 635 0013 6E756D62 		.ascii	"numberOfRows\000"
 635      65724F66 
 635      526F7773 
 635      00
 636              	.LASF3:
 637 0020 73686F72 		.ascii	"short unsigned int\000"
 637      7420756E 
 637      7369676E 
 637      65642069 
 637      6E7400
 638              	.LASF25:
 639 0033 63795F73 		.ascii	"cy_stc_eeprom_context_t\000"
 639      74635F65 
ARM GAS  C:\Users\essele\AppData\Local\Temp\ccq0UoUC.s 			page 14


 639      6570726F 
 639      6D5F636F 
 639      6E746578 
 640              	.LASF36:
 641 004b 47656E65 		.ascii	"Generated_Source\\PSoC4\\EEPROM.c\000"
 641      72617465 
 641      645F536F 
 641      75726365 
 641      5C50536F 
 642              	.LASF17:
 643 006b 77656172 		.ascii	"wearLevelingFactor\000"
 643      4C657665 
 643      6C696E67 
 643      46616374 
 643      6F7200
 644              	.LASF16:
 645 007e 65657072 		.ascii	"eepromSize\000"
 645      6F6D5369 
 645      7A6500
 646              	.LASF11:
 647 0089 666C6F61 		.ascii	"float\000"
 647      7400
 648              	.LASF37:
 649 008f 5C5C4D61 		.ascii	"\\\\Mac\\Home\\Documents\\dev\\yaugi\\GPIB USB Adap"
 649      635C486F 
 649      6D655C44 
 649      6F63756D 
 649      656E7473 
 650 00bb 7465725C 		.ascii	"ter\\GPIB USB 1.cydsn\000"
 650      47504942 
 650      20555342 
 650      20312E63 
 650      7964736E 
 651              	.LASF1:
 652 00d0 756E7369 		.ascii	"unsigned char\000"
 652      676E6564 
 652      20636861 
 652      7200
 653              	.LASF30:
 654 00de 43595F45 		.ascii	"CY_EM_EEPROM_WRITE_FAIL\000"
 654      4D5F4545 
 654      50524F4D 
 654      5F575249 
 654      54455F46 
 655              	.LASF5:
 656 00f6 6C6F6E67 		.ascii	"long unsigned int\000"
 656      20756E73 
 656      69676E65 
 656      6420696E 
 656      7400
 657              	.LASF9:
 658 0108 75696E74 		.ascii	"uint8\000"
 658      3800
 659              	.LASF35:
 660 010e 474E5520 		.ascii	"GNU C11 5.4.1 20160609 (release) [ARM/embedded-5-br"
 660      43313120 
 660      352E342E 
ARM GAS  C:\Users\essele\AppData\Local\Temp\ccq0UoUC.s 			page 15


 660      31203230 
 660      31363036 
 661 0141 616E6368 		.ascii	"anch revision 237715] -mcpu=cortex-m0 -mthumb -g -O"
 661      20726576 
 661      6973696F 
 661      6E203233 
 661      37373135 
 662 0174 30202D66 		.ascii	"0 -ffunction-sections -ffat-lto-objects\000"
 662      66756E63 
 662      74696F6E 
 662      2D736563 
 662      74696F6E 
 663              	.LASF21:
 664 019c 63795F73 		.ascii	"cy_stc_eeprom_config_t\000"
 664      74635F65 
 664      6570726F 
 664      6D5F636F 
 664      6E666967 
 665              	.LASF38:
 666 01b3 45455052 		.ascii	"EEPROM_Init\000"
 666      4F4D5F49 
 666      6E697400 
 667              	.LASF32:
 668 01bf 636F6E66 		.ascii	"config\000"
 668      696700
 669              	.LASF12:
 670 01c6 646F7562 		.ascii	"double\000"
 670      6C6500
 671              	.LASF10:
 672 01cd 75696E74 		.ascii	"uint32\000"
 672      333200
 673              	.LASF34:
 674 01d4 45455052 		.ascii	"EEPROM_context\000"
 674      4F4D5F63 
 674      6F6E7465 
 674      787400
 675              	.LASF8:
 676 01e3 756E7369 		.ascii	"unsigned int\000"
 676      676E6564 
 676      20696E74 
 676      00
 677              	.LASF29:
 678 01f0 43595F45 		.ascii	"CY_EM_EEPROM_BAD_DATA\000"
 678      4D5F4545 
 678      50524F4D 
 678      5F424144 
 678      5F444154 
 679              	.LASF7:
 680 0206 6C6F6E67 		.ascii	"long long unsigned int\000"
 680      206C6F6E 
 680      6720756E 
 680      7369676E 
 680      65642069 
 681              	.LASF33:
 682 021d 45455052 		.ascii	"EEPROM_config\000"
 682      4F4D5F63 
 682      6F6E6669 
ARM GAS  C:\Users\essele\AppData\Local\Temp\ccq0UoUC.s 			page 16


 682      6700
 683              	.LASF26:
 684 022b 43595F45 		.ascii	"CY_EM_EEPROM_SUCCESS\000"
 684      4D5F4545 
 684      50524F4D 
 684      5F535543 
 684      43455353 
 685              	.LASF19:
 686 0240 626C6F63 		.ascii	"blockingWrite\000"
 686      6B696E67 
 686      57726974 
 686      6500
 687              	.LASF18:
 688 024e 72656475 		.ascii	"redundantCopy\000"
 688      6E64616E 
 688      74436F70 
 688      7900
 689              	.LASF15:
 690 025c 73697A65 		.ascii	"sizetype\000"
 690      74797065 
 690      00
 691              	.LASF6:
 692 0265 6C6F6E67 		.ascii	"long long int\000"
 692      206C6F6E 
 692      6720696E 
 692      7400
 693              	.LASF39:
 694 0273 73746172 		.ascii	"startAddress\000"
 694      74416464 
 694      72657373 
 694      00
 695              	.LASF13:
 696 0280 63686172 		.ascii	"char\000"
 696      00
 697              	.LASF27:
 698 0285 43595F45 		.ascii	"CY_EM_EEPROM_BAD_PARAM\000"
 698      4D5F4545 
 698      50524F4D 
 698      5F424144 
 698      5F504152 
 699              	.LASF31:
 700 029c 63795F65 		.ascii	"cy_en_em_eeprom_status_t\000"
 700      6E5F656D 
 700      5F656570 
 700      726F6D5F 
 700      73746174 
 701              	.LASF2:
 702 02b5 73686F72 		.ascii	"short int\000"
 702      7420696E 
 702      7400
 703              	.LASF22:
 704 02bf 776C456E 		.ascii	"wlEndAddr\000"
 704      64416464 
 704      7200
 705              	.LASF4:
 706 02c9 6C6F6E67 		.ascii	"long int\000"
 706      20696E74 
ARM GAS  C:\Users\essele\AppData\Local\Temp\ccq0UoUC.s 			page 17


 706      00
 707              	.LASF14:
 708 02d2 6C6F6E67 		.ascii	"long double\000"
 708      20646F75 
 708      626C6500 
 709              	.LASF24:
 710 02de 6C617374 		.ascii	"lastWrRowAddr\000"
 710      5772526F 
 710      77416464 
 710      7200
 711              	.LASF0:
 712 02ec 7369676E 		.ascii	"signed char\000"
 712      65642063 
 712      68617200 
 713              	.LASF28:
 714 02f8 43595F45 		.ascii	"CY_EM_EEPROM_BAD_CHECKSUM\000"
 714      4D5F4545 
 714      50524F4D 
 714      5F424144 
 714      5F434845 
 715              		.ident	"GCC: (GNU Tools for ARM Embedded Processors) 5.4.1 20160609 (release) [ARM/embedded-5-bran
