ARM GAS  C:\Users\essele\AppData\Local\Temp\ccotUQ1K.s 			page 1


   1              		.syntax unified
   2              		.cpu cortex-m0
   3              		.fpu softvfp
   4              		.eabi_attribute 20, 1
   5              		.eabi_attribute 21, 1
   6              		.eabi_attribute 23, 3
   7              		.eabi_attribute 24, 1
   8              		.eabi_attribute 25, 1
   9              		.eabi_attribute 26, 1
  10              		.eabi_attribute 30, 6
  11              		.eabi_attribute 34, 0
  12              		.eabi_attribute 18, 4
  13              		.thumb
  14              		.syntax unified
  15              		.file	"USBTMC_descr.c"
  16              		.text
  17              	.Ltext0:
  18              		.cfi_sections	.debug_frame
  19              		.global	USBTMC_DEVICE0_DESCR
  20              		.section	.rodata
  21              		.align	2
  22              		.type	USBTMC_DEVICE0_DESCR, %object
  23              		.size	USBTMC_DEVICE0_DESCR, 18
  24              	USBTMC_DEVICE0_DESCR:
  25 0000 12       		.byte	18
  26 0001 01       		.byte	1
  27 0002 00       		.byte	0
  28 0003 02       		.byte	2
  29 0004 00       		.byte	0
  30 0005 00       		.byte	0
  31 0006 00       		.byte	0
  32 0007 08       		.byte	8
  33 0008 B4       		.byte	-76
  34 0009 04       		.byte	4
  35 000a 51       		.byte	81
  36 000b 80       		.byte	-128
  37 000c 03       		.byte	3
  38 000d 00       		.byte	0
  39 000e 01       		.byte	1
  40 000f 02       		.byte	2
  41 0010 80       		.byte	-128
  42 0011 01       		.byte	1
  43              		.global	USBTMC_DEVICE0_CONFIGURATION0_DESCR
  44 0012 0000     		.align	2
  45              		.type	USBTMC_DEVICE0_CONFIGURATION0_DESCR, %object
  46              		.size	USBTMC_DEVICE0_CONFIGURATION0_DESCR, 39
  47              	USBTMC_DEVICE0_CONFIGURATION0_DESCR:
  48 0014 09       		.byte	9
  49 0015 02       		.byte	2
  50 0016 27       		.byte	39
  51 0017 00       		.byte	0
  52 0018 01       		.byte	1
  53 0019 01       		.byte	1
  54 001a 00       		.byte	0
  55 001b 80       		.byte	-128
  56 001c 19       		.byte	25
  57 001d 09       		.byte	9
ARM GAS  C:\Users\essele\AppData\Local\Temp\ccotUQ1K.s 			page 2


  58 001e 04       		.byte	4
  59 001f 00       		.byte	0
  60 0020 00       		.byte	0
  61 0021 03       		.byte	3
  62 0022 FE       		.byte	-2
  63 0023 03       		.byte	3
  64 0024 01       		.byte	1
  65 0025 00       		.byte	0
  66 0026 07       		.byte	7
  67 0027 05       		.byte	5
  68 0028 81       		.byte	-127
  69 0029 02       		.byte	2
  70 002a 40       		.byte	64
  71 002b 00       		.byte	0
  72 002c 00       		.byte	0
  73 002d 07       		.byte	7
  74 002e 05       		.byte	5
  75 002f 02       		.byte	2
  76 0030 02       		.byte	2
  77 0031 40       		.byte	64
  78 0032 00       		.byte	0
  79 0033 00       		.byte	0
  80 0034 07       		.byte	7
  81 0035 05       		.byte	5
  82 0036 83       		.byte	-125
  83 0037 03       		.byte	3
  84 0038 02       		.byte	2
  85 0039 00       		.byte	0
  86 003a 01       		.byte	1
  87              		.global	USBTMC_STRING_DESCRIPTORS
  88 003b 00       		.align	2
  89              		.type	USBTMC_STRING_DESCRIPTORS, %object
  90              		.size	USBTMC_STRING_DESCRIPTORS, 27
  91              	USBTMC_STRING_DESCRIPTORS:
  92 003c 04       		.byte	4
  93 003d 03       		.byte	3
  94 003e 09       		.byte	9
  95 003f 04       		.byte	4
  96 0040 0A       		.byte	10
  97 0041 03       		.byte	3
  98 0042 42       		.byte	66
  99 0043 00       		.byte	0
 100 0044 6C       		.byte	108
 101 0045 00       		.byte	0
 102 0046 61       		.byte	97
 103 0047 00       		.byte	0
 104 0048 68       		.byte	104
 105 0049 00       		.byte	0
 106 004a 0C       		.byte	12
 107 004b 03       		.byte	3
 108 004c 59       		.byte	89
 109 004d 00       		.byte	0
 110 004e 61       		.byte	97
 111 004f 00       		.byte	0
 112 0050 75       		.byte	117
 113 0051 00       		.byte	0
 114 0052 67       		.byte	103
ARM GAS  C:\Users\essele\AppData\Local\Temp\ccotUQ1K.s 			page 3


 115 0053 00       		.byte	0
 116 0054 69       		.byte	105
 117 0055 00       		.byte	0
 118 0056 00       		.byte	0
 119              		.global	USBTMC_SN_STRING_DESCRIPTOR
 120 0057 00       		.align	2
 121              		.type	USBTMC_SN_STRING_DESCRIPTOR, %object
 122              		.size	USBTMC_SN_STRING_DESCRIPTOR, 22
 123              	USBTMC_SN_STRING_DESCRIPTOR:
 124 0058 16       		.byte	22
 125 0059 03       		.byte	3
 126 005a 4D       		.byte	77
 127 005b 00       		.byte	0
 128 005c 59       		.byte	89
 129 005d 00       		.byte	0
 130 005e 31       		.byte	49
 131 005f 00       		.byte	0
 132 0060 32       		.byte	50
 133 0061 00       		.byte	0
 134 0062 33       		.byte	51
 135 0063 00       		.byte	0
 136 0064 34       		.byte	52
 137 0065 00       		.byte	0
 138 0066 35       		.byte	53
 139 0067 00       		.byte	0
 140 0068 36       		.byte	54
 141 0069 00       		.byte	0
 142 006a 37       		.byte	55
 143 006b 00       		.byte	0
 144 006c 38       		.byte	56
 145 006d 00       		.byte	0
 146              		.global	USBTMC_DEVICE0_CONFIGURATION0_EP_SETTINGS_TABLE
 147 006e 0000     		.align	2
 148              		.type	USBTMC_DEVICE0_CONFIGURATION0_EP_SETTINGS_TABLE, %object
 149              		.size	USBTMC_DEVICE0_CONFIGURATION0_EP_SETTINGS_TABLE, 24
 150              	USBTMC_DEVICE0_CONFIGURATION0_EP_SETTINGS_TABLE:
 151 0070 00       		.byte	0
 152 0071 00       		.byte	0
 153 0072 81       		.byte	-127
 154 0073 02       		.byte	2
 155 0074 4000     		.short	64
 156 0076 FE       		.byte	-2
 157 0077 00       		.space	1
 158 0078 00       		.byte	0
 159 0079 00       		.byte	0
 160 007a 02       		.byte	2
 161 007b 02       		.byte	2
 162 007c 4000     		.short	64
 163 007e FE       		.byte	-2
 164 007f 00       		.space	1
 165 0080 00       		.byte	0
 166 0081 00       		.byte	0
 167 0082 83       		.byte	-125
 168 0083 03       		.byte	3
 169 0084 0200     		.short	2
 170 0086 FE       		.byte	-2
 171 0087 00       		.space	1
ARM GAS  C:\Users\essele\AppData\Local\Temp\ccotUQ1K.s 			page 4


 172              		.global	USBTMC_DEVICE0_CONFIGURATION0_INTERFACE_CLASS
 173              		.align	2
 174              		.type	USBTMC_DEVICE0_CONFIGURATION0_INTERFACE_CLASS, %object
 175              		.size	USBTMC_DEVICE0_CONFIGURATION0_INTERFACE_CLASS, 1
 176              	USBTMC_DEVICE0_CONFIGURATION0_INTERFACE_CLASS:
 177 0088 FE       		.byte	-2
 178              		.global	USBTMC_DEVICE0_CONFIGURATION0_TABLE
 179 0089 000000   		.align	2
 180              		.type	USBTMC_DEVICE0_CONFIGURATION0_TABLE, %object
 181              		.size	USBTMC_DEVICE0_CONFIGURATION0_TABLE, 32
 182              	USBTMC_DEVICE0_CONFIGURATION0_TABLE:
 183 008c 01       		.byte	1
 184 008d 000000   		.space	3
 185 0090 00000000 		.word	USBTMC_DEVICE0_CONFIGURATION0_DESCR
 186 0094 03       		.byte	3
 187 0095 000000   		.space	3
 188 0098 00000000 		.word	USBTMC_DEVICE0_CONFIGURATION0_EP_SETTINGS_TABLE
 189 009c 00       		.byte	0
 190 009d 000000   		.space	3
 191 00a0 00000000 		.word	0
 192 00a4 00       		.byte	0
 193 00a5 000000   		.space	3
 194 00a8 00000000 		.word	USBTMC_DEVICE0_CONFIGURATION0_INTERFACE_CLASS
 195              		.global	USBTMC_DEVICE0_TABLE
 196              		.align	2
 197              		.type	USBTMC_DEVICE0_TABLE, %object
 198              		.size	USBTMC_DEVICE0_TABLE, 24
 199              	USBTMC_DEVICE0_TABLE:
 200 00ac 01       		.byte	1
 201 00ad 000000   		.space	3
 202 00b0 00000000 		.word	USBTMC_DEVICE0_DESCR
 203 00b4 00       		.byte	0
 204 00b5 000000   		.space	3
 205 00b8 00000000 		.word	0
 206 00bc 01       		.byte	1
 207 00bd 000000   		.space	3
 208 00c0 00000000 		.word	USBTMC_DEVICE0_CONFIGURATION0_TABLE
 209              		.global	USBTMC_TABLE
 210              		.align	2
 211              		.type	USBTMC_TABLE, %object
 212              		.size	USBTMC_TABLE, 8
 213              	USBTMC_TABLE:
 214 00c4 01       		.byte	1
 215 00c5 000000   		.space	3
 216 00c8 00000000 		.word	USBTMC_DEVICE0_TABLE
 217              		.text
 218              	.Letext0:
 219              		.file 1 "Generated_Source\\PSoC4\\cytypes.h"
 220              		.file 2 "Generated_Source\\PSoC4\\USBTMC.h"
 221              		.file 3 "Generated_Source\\PSoC4\\USBTMC_descr.c"
 222              		.section	.debug_info,"",%progbits
 223              	.Ldebug_info0:
 224 0000 8D020000 		.4byte	0x28d
 225 0004 0400     		.2byte	0x4
 226 0006 00000000 		.4byte	.Ldebug_abbrev0
 227 000a 04       		.byte	0x4
 228 000b 01       		.uleb128 0x1
ARM GAS  C:\Users\essele\AppData\Local\Temp\ccotUQ1K.s 			page 5


 229 000c E2000000 		.4byte	.LASF34
 230 0010 0C       		.byte	0xc
 231 0011 94010000 		.4byte	.LASF35
 232 0015 8A000000 		.4byte	.LASF36
 233 0019 00000000 		.4byte	.Ldebug_line0
 234 001d 02       		.uleb128 0x2
 235 001e 01       		.byte	0x1
 236 001f 06       		.byte	0x6
 237 0020 13030000 		.4byte	.LASF0
 238 0024 02       		.uleb128 0x2
 239 0025 01       		.byte	0x1
 240 0026 08       		.byte	0x8
 241 0027 55000000 		.4byte	.LASF1
 242 002b 02       		.uleb128 0x2
 243 002c 02       		.byte	0x2
 244 002d 05       		.byte	0x5
 245 002e 8D020000 		.4byte	.LASF2
 246 0032 02       		.uleb128 0x2
 247 0033 02       		.byte	0x2
 248 0034 07       		.byte	0x7
 249 0035 00000000 		.4byte	.LASF3
 250 0039 02       		.uleb128 0x2
 251 003a 04       		.byte	0x4
 252 003b 05       		.byte	0x5
 253 003c F1020000 		.4byte	.LASF4
 254 0040 02       		.uleb128 0x2
 255 0041 04       		.byte	0x4
 256 0042 07       		.byte	0x7
 257 0043 CB000000 		.4byte	.LASF5
 258 0047 02       		.uleb128 0x2
 259 0048 08       		.byte	0x8
 260 0049 05       		.byte	0x5
 261 004a 41020000 		.4byte	.LASF6
 262 004e 02       		.uleb128 0x2
 263 004f 08       		.byte	0x8
 264 0050 07       		.byte	0x7
 265 0051 05020000 		.4byte	.LASF7
 266 0055 03       		.uleb128 0x3
 267 0056 04       		.byte	0x4
 268 0057 05       		.byte	0x5
 269 0058 696E7400 		.ascii	"int\000"
 270 005c 02       		.uleb128 0x2
 271 005d 04       		.byte	0x4
 272 005e 07       		.byte	0x7
 273 005f DD010000 		.4byte	.LASF8
 274 0063 04       		.uleb128 0x4
 275 0064 97020000 		.4byte	.LASF9
 276 0068 01       		.byte	0x1
 277 0069 E401     		.2byte	0x1e4
 278 006b 24000000 		.4byte	0x24
 279 006f 04       		.uleb128 0x4
 280 0070 D6010000 		.4byte	.LASF10
 281 0074 01       		.byte	0x1
 282 0075 E501     		.2byte	0x1e5
 283 0077 32000000 		.4byte	0x32
 284 007b 02       		.uleb128 0x2
 285 007c 04       		.byte	0x4
ARM GAS  C:\Users\essele\AppData\Local\Temp\ccotUQ1K.s 			page 6


 286 007d 04       		.byte	0x4
 287 007e 44000000 		.4byte	.LASF11
 288 0082 02       		.uleb128 0x2
 289 0083 08       		.byte	0x8
 290 0084 04       		.byte	0x4
 291 0085 BA010000 		.4byte	.LASF12
 292 0089 02       		.uleb128 0x2
 293 008a 01       		.byte	0x1
 294 008b 08       		.byte	0x8
 295 008c 4F020000 		.4byte	.LASF13
 296 0090 02       		.uleb128 0x2
 297 0091 08       		.byte	0x8
 298 0092 04       		.byte	0x4
 299 0093 FA020000 		.4byte	.LASF14
 300 0097 02       		.uleb128 0x2
 301 0098 04       		.byte	0x4
 302 0099 07       		.byte	0x7
 303 009a 38020000 		.4byte	.LASF15
 304 009e 05       		.uleb128 0x5
 305 009f 08       		.byte	0x8
 306 00a0 02       		.byte	0x2
 307 00a1 99       		.byte	0x99
 308 00a2 EF000000 		.4byte	0xef
 309 00a6 06       		.uleb128 0x6
 310 00a7 CD020000 		.4byte	.LASF16
 311 00ab 02       		.byte	0x2
 312 00ac 9B       		.byte	0x9b
 313 00ad 63000000 		.4byte	0x63
 314 00b1 00       		.byte	0
 315 00b2 06       		.uleb128 0x6
 316 00b3 4A000000 		.4byte	.LASF17
 317 00b7 02       		.byte	0x2
 318 00b8 9C       		.byte	0x9c
 319 00b9 63000000 		.4byte	0x63
 320 00bd 01       		.byte	0x1
 321 00be 06       		.uleb128 0x6
 322 00bf DD000000 		.4byte	.LASF18
 323 00c3 02       		.byte	0x2
 324 00c4 9D       		.byte	0x9d
 325 00c5 63000000 		.4byte	0x63
 326 00c9 02       		.byte	0x2
 327 00ca 06       		.uleb128 0x6
 328 00cb 7F000000 		.4byte	.LASF19
 329 00cf 02       		.byte	0x2
 330 00d0 9E       		.byte	0x9e
 331 00d1 63000000 		.4byte	0x63
 332 00d5 03       		.byte	0x3
 333 00d6 06       		.uleb128 0x6
 334 00d7 82020000 		.4byte	.LASF20
 335 00db 02       		.byte	0x2
 336 00dc 9F       		.byte	0x9f
 337 00dd 6F000000 		.4byte	0x6f
 338 00e1 04       		.byte	0x4
 339 00e2 06       		.uleb128 0x6
 340 00e3 1F030000 		.4byte	.LASF21
 341 00e7 02       		.byte	0x2
 342 00e8 A0       		.byte	0xa0
ARM GAS  C:\Users\essele\AppData\Local\Temp\ccotUQ1K.s 			page 7


 343 00e9 63000000 		.4byte	0x63
 344 00ed 06       		.byte	0x6
 345 00ee 00       		.byte	0
 346 00ef 07       		.uleb128 0x7
 347 00f0 EA010000 		.4byte	.LASF22
 348 00f4 02       		.byte	0x2
 349 00f5 A1       		.byte	0xa1
 350 00f6 9E000000 		.4byte	0x9e
 351 00fa 05       		.uleb128 0x5
 352 00fb 08       		.byte	0x8
 353 00fc 02       		.byte	0x2
 354 00fd B0       		.byte	0xb0
 355 00fe 19010000 		.4byte	0x119
 356 0102 08       		.uleb128 0x8
 357 0103 6300     		.ascii	"c\000"
 358 0105 02       		.byte	0x2
 359 0106 B2       		.byte	0xb2
 360 0107 63000000 		.4byte	0x63
 361 010b 00       		.byte	0
 362 010c 06       		.uleb128 0x6
 363 010d 1C020000 		.4byte	.LASF23
 364 0111 02       		.byte	0x2
 365 0112 B3       		.byte	0xb3
 366 0113 19010000 		.4byte	0x119
 367 0117 04       		.byte	0x4
 368 0118 00       		.byte	0
 369 0119 09       		.uleb128 0x9
 370 011a 04       		.byte	0x4
 371 011b 1F010000 		.4byte	0x11f
 372 011f 0A       		.uleb128 0xa
 373 0120 07       		.uleb128 0x7
 374 0121 37000000 		.4byte	.LASF24
 375 0125 02       		.byte	0x2
 376 0126 B4       		.byte	0xb4
 377 0127 FA000000 		.4byte	0xfa
 378 012b 0B       		.uleb128 0xb
 379 012c 3B010000 		.4byte	0x13b
 380 0130 3B010000 		.4byte	0x13b
 381 0134 0C       		.uleb128 0xc
 382 0135 97000000 		.4byte	0x97
 383 0139 11       		.byte	0x11
 384 013a 00       		.byte	0
 385 013b 0D       		.uleb128 0xd
 386 013c 63000000 		.4byte	0x63
 387 0140 0E       		.uleb128 0xe
 388 0141 23020000 		.4byte	.LASF25
 389 0145 03       		.byte	0x3
 390 0146 24       		.byte	0x24
 391 0147 51010000 		.4byte	0x151
 392 014b 05       		.uleb128 0x5
 393 014c 03       		.byte	0x3
 394 014d 00000000 		.4byte	USBTMC_DEVICE0_DESCR
 395 0151 0D       		.uleb128 0xd
 396 0152 2B010000 		.4byte	0x12b
 397 0156 0B       		.uleb128 0xb
 398 0157 3B010000 		.4byte	0x13b
 399 015b 66010000 		.4byte	0x166
ARM GAS  C:\Users\essele\AppData\Local\Temp\ccotUQ1K.s 			page 8


 400 015f 0C       		.uleb128 0xc
 401 0160 97000000 		.4byte	0x97
 402 0164 26       		.byte	0x26
 403 0165 00       		.byte	0
 404 0166 0E       		.uleb128 0xe
 405 0167 70010000 		.4byte	.LASF26
 406 016b 03       		.byte	0x3
 407 016c 37       		.byte	0x37
 408 016d 77010000 		.4byte	0x177
 409 0171 05       		.uleb128 0x5
 410 0172 03       		.byte	0x3
 411 0173 00000000 		.4byte	USBTMC_DEVICE0_CONFIGURATION0_DESCR
 412 0177 0D       		.uleb128 0xd
 413 0178 56010000 		.4byte	0x156
 414 017c 0B       		.uleb128 0xb
 415 017d 8C010000 		.4byte	0x18c
 416 0181 8C010000 		.4byte	0x18c
 417 0185 0C       		.uleb128 0xc
 418 0186 97000000 		.4byte	0x97
 419 018a 02       		.byte	0x2
 420 018b 00       		.byte	0
 421 018c 0D       		.uleb128 0xd
 422 018d EF000000 		.4byte	0xef
 423 0191 0E       		.uleb128 0xe
 424 0192 9D020000 		.4byte	.LASF27
 425 0196 03       		.byte	0x3
 426 0197 96       		.byte	0x96
 427 0198 A2010000 		.4byte	0x1a2
 428 019c 05       		.uleb128 0x5
 429 019d 03       		.byte	0x3
 430 019e 00000000 		.4byte	USBTMC_DEVICE0_CONFIGURATION0_EP_SETTINGS_TABLE
 431 01a2 0D       		.uleb128 0xd
 432 01a3 7C010000 		.4byte	0x17c
 433 01a7 0B       		.uleb128 0xb
 434 01a8 3B010000 		.4byte	0x13b
 435 01ac B7010000 		.4byte	0x1b7
 436 01b0 0C       		.uleb128 0xc
 437 01b1 97000000 		.4byte	0x97
 438 01b5 00       		.byte	0
 439 01b6 00       		.byte	0
 440 01b7 0E       		.uleb128 0xe
 441 01b8 54020000 		.4byte	.LASF28
 442 01bc 03       		.byte	0x3
 443 01bd 9C       		.byte	0x9c
 444 01be C8010000 		.4byte	0x1c8
 445 01c2 05       		.uleb128 0x5
 446 01c3 03       		.byte	0x3
 447 01c4 00000000 		.4byte	USBTMC_DEVICE0_CONFIGURATION0_INTERFACE_CLASS
 448 01c8 0D       		.uleb128 0xd
 449 01c9 A7010000 		.4byte	0x1a7
 450 01cd 0B       		.uleb128 0xb
 451 01ce DD010000 		.4byte	0x1dd
 452 01d2 DD010000 		.4byte	0x1dd
 453 01d6 0C       		.uleb128 0xc
 454 01d7 97000000 		.4byte	0x97
 455 01db 03       		.byte	0x3
 456 01dc 00       		.byte	0
ARM GAS  C:\Users\essele\AppData\Local\Temp\ccotUQ1K.s 			page 9


 457 01dd 0D       		.uleb128 0xd
 458 01de 20010000 		.4byte	0x120
 459 01e2 0E       		.uleb128 0xe
 460 01e3 13000000 		.4byte	.LASF29
 461 01e7 03       		.byte	0x3
 462 01e8 A4       		.byte	0xa4
 463 01e9 F3010000 		.4byte	0x1f3
 464 01ed 05       		.uleb128 0x5
 465 01ee 03       		.byte	0x3
 466 01ef 00000000 		.4byte	USBTMC_DEVICE0_CONFIGURATION0_TABLE
 467 01f3 0D       		.uleb128 0xd
 468 01f4 CD010000 		.4byte	0x1cd
 469 01f8 0B       		.uleb128 0xb
 470 01f9 DD010000 		.4byte	0x1dd
 471 01fd 08020000 		.4byte	0x208
 472 0201 0C       		.uleb128 0xc
 473 0202 97000000 		.4byte	0x97
 474 0206 02       		.byte	0x2
 475 0207 00       		.byte	0
 476 0208 0E       		.uleb128 0xe
 477 0209 C1010000 		.4byte	.LASF30
 478 020d 03       		.byte	0x3
 479 020e AE       		.byte	0xae
 480 020f 19020000 		.4byte	0x219
 481 0213 05       		.uleb128 0x5
 482 0214 03       		.byte	0x3
 483 0215 00000000 		.4byte	USBTMC_DEVICE0_TABLE
 484 0219 0D       		.uleb128 0xd
 485 021a F8010000 		.4byte	0x1f8
 486 021e 0B       		.uleb128 0xb
 487 021f DD010000 		.4byte	0x1dd
 488 0223 2E020000 		.4byte	0x22e
 489 0227 0C       		.uleb128 0xc
 490 0228 97000000 		.4byte	0x97
 491 022c 00       		.byte	0
 492 022d 00       		.byte	0
 493 022e 0E       		.uleb128 0xe
 494 022f 06030000 		.4byte	.LASF31
 495 0233 03       		.byte	0x3
 496 0234 B6       		.byte	0xb6
 497 0235 3F020000 		.4byte	0x23f
 498 0239 05       		.uleb128 0x5
 499 023a 03       		.byte	0x3
 500 023b 00000000 		.4byte	USBTMC_TABLE
 501 023f 0D       		.uleb128 0xd
 502 0240 1E020000 		.4byte	0x21e
 503 0244 0B       		.uleb128 0xb
 504 0245 3B010000 		.4byte	0x13b
 505 0249 54020000 		.4byte	0x254
 506 024d 0C       		.uleb128 0xc
 507 024e 97000000 		.4byte	0x97
 508 0252 15       		.byte	0x15
 509 0253 00       		.byte	0
 510 0254 0E       		.uleb128 0xe
 511 0255 63000000 		.4byte	.LASF32
 512 0259 03       		.byte	0x3
 513 025a 86       		.byte	0x86
ARM GAS  C:\Users\essele\AppData\Local\Temp\ccotUQ1K.s 			page 10


 514 025b 65020000 		.4byte	0x265
 515 025f 05       		.uleb128 0x5
 516 0260 03       		.byte	0x3
 517 0261 00000000 		.4byte	USBTMC_SN_STRING_DESCRIPTOR
 518 0265 0D       		.uleb128 0xd
 519 0266 44020000 		.4byte	0x244
 520 026a 0B       		.uleb128 0xb
 521 026b 3B010000 		.4byte	0x13b
 522 026f 7A020000 		.4byte	0x27a
 523 0273 0C       		.uleb128 0xc
 524 0274 97000000 		.4byte	0x97
 525 0278 1A       		.byte	0x1a
 526 0279 00       		.byte	0
 527 027a 0E       		.uleb128 0xe
 528 027b D7020000 		.4byte	.LASF33
 529 027f 03       		.byte	0x3
 530 0280 6C       		.byte	0x6c
 531 0281 8B020000 		.4byte	0x28b
 532 0285 05       		.uleb128 0x5
 533 0286 03       		.byte	0x3
 534 0287 00000000 		.4byte	USBTMC_STRING_DESCRIPTORS
 535 028b 0D       		.uleb128 0xd
 536 028c 6A020000 		.4byte	0x26a
 537 0290 00       		.byte	0
 538              		.section	.debug_abbrev,"",%progbits
 539              	.Ldebug_abbrev0:
 540 0000 01       		.uleb128 0x1
 541 0001 11       		.uleb128 0x11
 542 0002 01       		.byte	0x1
 543 0003 25       		.uleb128 0x25
 544 0004 0E       		.uleb128 0xe
 545 0005 13       		.uleb128 0x13
 546 0006 0B       		.uleb128 0xb
 547 0007 03       		.uleb128 0x3
 548 0008 0E       		.uleb128 0xe
 549 0009 1B       		.uleb128 0x1b
 550 000a 0E       		.uleb128 0xe
 551 000b 10       		.uleb128 0x10
 552 000c 17       		.uleb128 0x17
 553 000d 00       		.byte	0
 554 000e 00       		.byte	0
 555 000f 02       		.uleb128 0x2
 556 0010 24       		.uleb128 0x24
 557 0011 00       		.byte	0
 558 0012 0B       		.uleb128 0xb
 559 0013 0B       		.uleb128 0xb
 560 0014 3E       		.uleb128 0x3e
 561 0015 0B       		.uleb128 0xb
 562 0016 03       		.uleb128 0x3
 563 0017 0E       		.uleb128 0xe
 564 0018 00       		.byte	0
 565 0019 00       		.byte	0
 566 001a 03       		.uleb128 0x3
 567 001b 24       		.uleb128 0x24
 568 001c 00       		.byte	0
 569 001d 0B       		.uleb128 0xb
 570 001e 0B       		.uleb128 0xb
ARM GAS  C:\Users\essele\AppData\Local\Temp\ccotUQ1K.s 			page 11


 571 001f 3E       		.uleb128 0x3e
 572 0020 0B       		.uleb128 0xb
 573 0021 03       		.uleb128 0x3
 574 0022 08       		.uleb128 0x8
 575 0023 00       		.byte	0
 576 0024 00       		.byte	0
 577 0025 04       		.uleb128 0x4
 578 0026 16       		.uleb128 0x16
 579 0027 00       		.byte	0
 580 0028 03       		.uleb128 0x3
 581 0029 0E       		.uleb128 0xe
 582 002a 3A       		.uleb128 0x3a
 583 002b 0B       		.uleb128 0xb
 584 002c 3B       		.uleb128 0x3b
 585 002d 05       		.uleb128 0x5
 586 002e 49       		.uleb128 0x49
 587 002f 13       		.uleb128 0x13
 588 0030 00       		.byte	0
 589 0031 00       		.byte	0
 590 0032 05       		.uleb128 0x5
 591 0033 13       		.uleb128 0x13
 592 0034 01       		.byte	0x1
 593 0035 0B       		.uleb128 0xb
 594 0036 0B       		.uleb128 0xb
 595 0037 3A       		.uleb128 0x3a
 596 0038 0B       		.uleb128 0xb
 597 0039 3B       		.uleb128 0x3b
 598 003a 0B       		.uleb128 0xb
 599 003b 01       		.uleb128 0x1
 600 003c 13       		.uleb128 0x13
 601 003d 00       		.byte	0
 602 003e 00       		.byte	0
 603 003f 06       		.uleb128 0x6
 604 0040 0D       		.uleb128 0xd
 605 0041 00       		.byte	0
 606 0042 03       		.uleb128 0x3
 607 0043 0E       		.uleb128 0xe
 608 0044 3A       		.uleb128 0x3a
 609 0045 0B       		.uleb128 0xb
 610 0046 3B       		.uleb128 0x3b
 611 0047 0B       		.uleb128 0xb
 612 0048 49       		.uleb128 0x49
 613 0049 13       		.uleb128 0x13
 614 004a 38       		.uleb128 0x38
 615 004b 0B       		.uleb128 0xb
 616 004c 00       		.byte	0
 617 004d 00       		.byte	0
 618 004e 07       		.uleb128 0x7
 619 004f 16       		.uleb128 0x16
 620 0050 00       		.byte	0
 621 0051 03       		.uleb128 0x3
 622 0052 0E       		.uleb128 0xe
 623 0053 3A       		.uleb128 0x3a
 624 0054 0B       		.uleb128 0xb
 625 0055 3B       		.uleb128 0x3b
 626 0056 0B       		.uleb128 0xb
 627 0057 49       		.uleb128 0x49
ARM GAS  C:\Users\essele\AppData\Local\Temp\ccotUQ1K.s 			page 12


 628 0058 13       		.uleb128 0x13
 629 0059 00       		.byte	0
 630 005a 00       		.byte	0
 631 005b 08       		.uleb128 0x8
 632 005c 0D       		.uleb128 0xd
 633 005d 00       		.byte	0
 634 005e 03       		.uleb128 0x3
 635 005f 08       		.uleb128 0x8
 636 0060 3A       		.uleb128 0x3a
 637 0061 0B       		.uleb128 0xb
 638 0062 3B       		.uleb128 0x3b
 639 0063 0B       		.uleb128 0xb
 640 0064 49       		.uleb128 0x49
 641 0065 13       		.uleb128 0x13
 642 0066 38       		.uleb128 0x38
 643 0067 0B       		.uleb128 0xb
 644 0068 00       		.byte	0
 645 0069 00       		.byte	0
 646 006a 09       		.uleb128 0x9
 647 006b 0F       		.uleb128 0xf
 648 006c 00       		.byte	0
 649 006d 0B       		.uleb128 0xb
 650 006e 0B       		.uleb128 0xb
 651 006f 49       		.uleb128 0x49
 652 0070 13       		.uleb128 0x13
 653 0071 00       		.byte	0
 654 0072 00       		.byte	0
 655 0073 0A       		.uleb128 0xa
 656 0074 26       		.uleb128 0x26
 657 0075 00       		.byte	0
 658 0076 00       		.byte	0
 659 0077 00       		.byte	0
 660 0078 0B       		.uleb128 0xb
 661 0079 01       		.uleb128 0x1
 662 007a 01       		.byte	0x1
 663 007b 49       		.uleb128 0x49
 664 007c 13       		.uleb128 0x13
 665 007d 01       		.uleb128 0x1
 666 007e 13       		.uleb128 0x13
 667 007f 00       		.byte	0
 668 0080 00       		.byte	0
 669 0081 0C       		.uleb128 0xc
 670 0082 21       		.uleb128 0x21
 671 0083 00       		.byte	0
 672 0084 49       		.uleb128 0x49
 673 0085 13       		.uleb128 0x13
 674 0086 2F       		.uleb128 0x2f
 675 0087 0B       		.uleb128 0xb
 676 0088 00       		.byte	0
 677 0089 00       		.byte	0
 678 008a 0D       		.uleb128 0xd
 679 008b 26       		.uleb128 0x26
 680 008c 00       		.byte	0
 681 008d 49       		.uleb128 0x49
 682 008e 13       		.uleb128 0x13
 683 008f 00       		.byte	0
 684 0090 00       		.byte	0
ARM GAS  C:\Users\essele\AppData\Local\Temp\ccotUQ1K.s 			page 13


 685 0091 0E       		.uleb128 0xe
 686 0092 34       		.uleb128 0x34
 687 0093 00       		.byte	0
 688 0094 03       		.uleb128 0x3
 689 0095 0E       		.uleb128 0xe
 690 0096 3A       		.uleb128 0x3a
 691 0097 0B       		.uleb128 0xb
 692 0098 3B       		.uleb128 0x3b
 693 0099 0B       		.uleb128 0xb
 694 009a 49       		.uleb128 0x49
 695 009b 13       		.uleb128 0x13
 696 009c 3F       		.uleb128 0x3f
 697 009d 19       		.uleb128 0x19
 698 009e 02       		.uleb128 0x2
 699 009f 18       		.uleb128 0x18
 700 00a0 00       		.byte	0
 701 00a1 00       		.byte	0
 702 00a2 00       		.byte	0
 703              		.section	.debug_aranges,"",%progbits
 704 0000 14000000 		.4byte	0x14
 705 0004 0200     		.2byte	0x2
 706 0006 00000000 		.4byte	.Ldebug_info0
 707 000a 04       		.byte	0x4
 708 000b 00       		.byte	0
 709 000c 0000     		.2byte	0
 710 000e 0000     		.2byte	0
 711 0010 00000000 		.4byte	0
 712 0014 00000000 		.4byte	0
 713              		.section	.debug_line,"",%progbits
 714              	.Ldebug_line0:
 715 0000 5B000000 		.section	.debug_str,"MS",%progbits,1
 715      02005500 
 715      00000201 
 715      FB0E0D00 
 715      01010101 
 716              	.LASF3:
 717 0000 73686F72 		.ascii	"short unsigned int\000"
 717      7420756E 
 717      7369676E 
 717      65642069 
 717      6E7400
 718              	.LASF29:
 719 0013 55534254 		.ascii	"USBTMC_DEVICE0_CONFIGURATION0_TABLE\000"
 719      4D435F44 
 719      45564943 
 719      45305F43 
 719      4F4E4649 
 720              	.LASF24:
 721 0037 545F5553 		.ascii	"T_USBTMC_LUT\000"
 721      42544D43 
 721      5F4C5554 
 721      00
 722              	.LASF11:
 723 0044 666C6F61 		.ascii	"float\000"
 723      7400
 724              	.LASF17:
 725 004a 616C7453 		.ascii	"altSetting\000"
ARM GAS  C:\Users\essele\AppData\Local\Temp\ccotUQ1K.s 			page 14


 725      65747469 
 725      6E6700
 726              	.LASF1:
 727 0055 756E7369 		.ascii	"unsigned char\000"
 727      676E6564 
 727      20636861 
 727      7200
 728              	.LASF32:
 729 0063 55534254 		.ascii	"USBTMC_SN_STRING_DESCRIPTOR\000"
 729      4D435F53 
 729      4E5F5354 
 729      52494E47 
 729      5F444553 
 730              	.LASF19:
 731 007f 61747472 		.ascii	"attributes\000"
 731      69627574 
 731      657300
 732              	.LASF36:
 733 008a 5C5C4D61 		.ascii	"\\\\Mac\\Home\\Documents\\dev\\yaugi\\GPIB USB Adap"
 733      635C486F 
 733      6D655C44 
 733      6F63756D 
 733      656E7473 
 734 00b6 7465725C 		.ascii	"ter\\GPIB USB 1.cydsn\000"
 734      47504942 
 734      20555342 
 734      20312E63 
 734      7964736E 
 735              	.LASF5:
 736 00cb 6C6F6E67 		.ascii	"long unsigned int\000"
 736      20756E73 
 736      69676E65 
 736      6420696E 
 736      7400
 737              	.LASF18:
 738 00dd 61646472 		.ascii	"addr\000"
 738      00
 739              	.LASF34:
 740 00e2 474E5520 		.ascii	"GNU C11 5.4.1 20160609 (release) [ARM/embedded-5-br"
 740      43313120 
 740      352E342E 
 740      31203230 
 740      31363036 
 741 0115 616E6368 		.ascii	"anch revision 237715] -mcpu=cortex-m0 -mthumb -g -O"
 741      20726576 
 741      6973696F 
 741      6E203233 
 741      37373135 
 742 0148 30202D66 		.ascii	"0 -ffunction-sections -ffat-lto-objects\000"
 742      66756E63 
 742      74696F6E 
 742      2D736563 
 742      74696F6E 
 743              	.LASF26:
 744 0170 55534254 		.ascii	"USBTMC_DEVICE0_CONFIGURATION0_DESCR\000"
 744      4D435F44 
 744      45564943 
ARM GAS  C:\Users\essele\AppData\Local\Temp\ccotUQ1K.s 			page 15


 744      45305F43 
 744      4F4E4649 
 745              	.LASF35:
 746 0194 47656E65 		.ascii	"Generated_Source\\PSoC4\\USBTMC_descr.c\000"
 746      72617465 
 746      645F536F 
 746      75726365 
 746      5C50536F 
 747              	.LASF12:
 748 01ba 646F7562 		.ascii	"double\000"
 748      6C6500
 749              	.LASF30:
 750 01c1 55534254 		.ascii	"USBTMC_DEVICE0_TABLE\000"
 750      4D435F44 
 750      45564943 
 750      45305F54 
 750      41424C45 
 751              	.LASF10:
 752 01d6 75696E74 		.ascii	"uint16\000"
 752      313600
 753              	.LASF8:
 754 01dd 756E7369 		.ascii	"unsigned int\000"
 754      676E6564 
 754      20696E74 
 754      00
 755              	.LASF22:
 756 01ea 545F5553 		.ascii	"T_USBTMC_EP_SETTINGS_BLOCK\000"
 756      42544D43 
 756      5F45505F 
 756      53455454 
 756      494E4753 
 757              	.LASF7:
 758 0205 6C6F6E67 		.ascii	"long long unsigned int\000"
 758      206C6F6E 
 758      6720756E 
 758      7369676E 
 758      65642069 
 759              	.LASF23:
 760 021c 705F6C69 		.ascii	"p_list\000"
 760      737400
 761              	.LASF25:
 762 0223 55534254 		.ascii	"USBTMC_DEVICE0_DESCR\000"
 762      4D435F44 
 762      45564943 
 762      45305F44 
 762      45534352 
 763              	.LASF15:
 764 0238 73697A65 		.ascii	"sizetype\000"
 764      74797065 
 764      00
 765              	.LASF6:
 766 0241 6C6F6E67 		.ascii	"long long int\000"
 766      206C6F6E 
 766      6720696E 
 766      7400
 767              	.LASF13:
 768 024f 63686172 		.ascii	"char\000"
ARM GAS  C:\Users\essele\AppData\Local\Temp\ccotUQ1K.s 			page 16


 768      00
 769              	.LASF28:
 770 0254 55534254 		.ascii	"USBTMC_DEVICE0_CONFIGURATION0_INTERFACE_CLASS\000"
 770      4D435F44 
 770      45564943 
 770      45305F43 
 770      4F4E4649 
 771              	.LASF20:
 772 0282 62756666 		.ascii	"bufferSize\000"
 772      65725369 
 772      7A6500
 773              	.LASF2:
 774 028d 73686F72 		.ascii	"short int\000"
 774      7420696E 
 774      7400
 775              	.LASF9:
 776 0297 75696E74 		.ascii	"uint8\000"
 776      3800
 777              	.LASF27:
 778 029d 55534254 		.ascii	"USBTMC_DEVICE0_CONFIGURATION0_EP_SETTINGS_TABLE\000"
 778      4D435F44 
 778      45564943 
 778      45305F43 
 778      4F4E4649 
 779              	.LASF16:
 780 02cd 696E7465 		.ascii	"interface\000"
 780      72666163 
 780      6500
 781              	.LASF33:
 782 02d7 55534254 		.ascii	"USBTMC_STRING_DESCRIPTORS\000"
 782      4D435F53 
 782      5452494E 
 782      475F4445 
 782      53435249 
 783              	.LASF4:
 784 02f1 6C6F6E67 		.ascii	"long int\000"
 784      20696E74 
 784      00
 785              	.LASF14:
 786 02fa 6C6F6E67 		.ascii	"long double\000"
 786      20646F75 
 786      626C6500 
 787              	.LASF31:
 788 0306 55534254 		.ascii	"USBTMC_TABLE\000"
 788      4D435F54 
 788      41424C45 
 788      00
 789              	.LASF0:
 790 0313 7369676E 		.ascii	"signed char\000"
 790      65642063 
 790      68617200 
 791              	.LASF21:
 792 031f 624D6973 		.ascii	"bMisc\000"
 792      6300
 793              		.ident	"GCC: (GNU Tools for ARM Embedded Processors) 5.4.1 20160609 (release) [ARM/embedded-5-bran
