ARM GAS  C:\Users\essele\AppData\Local\Temp\cc9ZTamT.s 			page 1


   1              		.syntax unified
   2              		.cpu cortex-m0
   3              		.fpu softvfp
   4              		.eabi_attribute 20, 1
   5              		.eabi_attribute 21, 1
   6              		.eabi_attribute 23, 3
   7              		.eabi_attribute 24, 1
   8              		.eabi_attribute 25, 1
   9              		.eabi_attribute 26, 1
  10              		.eabi_attribute 30, 1
  11              		.eabi_attribute 34, 0
  12              		.eabi_attribute 18, 4
  13              		.thumb
  14              		.syntax unified
  15              		.file	"USBUART_cls.c"
  16              		.text
  17              	.Ltext0:
  18              		.cfi_sections	.debug_frame
  19              		.section	.text.USBUART_DispatchClassRqst,"ax",%progbits
  20              		.align	2
  21              		.global	USBUART_DispatchClassRqst
  22              		.code	16
  23              		.thumb_func
  24              		.type	USBUART_DispatchClassRqst, %function
  25              	USBUART_DispatchClassRqst:
  26              	.LFB1:
  27              		.file 1 "Generated_Source\\PSoC4\\USBUART_cls.c"
   1:Generated_Source\PSoC4/USBUART_cls.c **** /***************************************************************************//**
   2:Generated_Source\PSoC4/USBUART_cls.c **** * \file USBUART_cls.c
   3:Generated_Source\PSoC4/USBUART_cls.c **** * \version 3.20
   4:Generated_Source\PSoC4/USBUART_cls.c **** *
   5:Generated_Source\PSoC4/USBUART_cls.c **** * \brief
   6:Generated_Source\PSoC4/USBUART_cls.c **** *  This file contains the USB Class request handler.
   7:Generated_Source\PSoC4/USBUART_cls.c **** *
   8:Generated_Source\PSoC4/USBUART_cls.c **** ********************************************************************************
   9:Generated_Source\PSoC4/USBUART_cls.c **** * \copyright
  10:Generated_Source\PSoC4/USBUART_cls.c **** * Copyright 2008-2016, Cypress Semiconductor Corporation.  All rights reserved.
  11:Generated_Source\PSoC4/USBUART_cls.c **** * You may use this file only in accordance with the license, terms, conditions,
  12:Generated_Source\PSoC4/USBUART_cls.c **** * disclaimers, and limitations in the end user license agreement accompanying
  13:Generated_Source\PSoC4/USBUART_cls.c **** * the software package with which this file was provided.
  14:Generated_Source\PSoC4/USBUART_cls.c **** *******************************************************************************/
  15:Generated_Source\PSoC4/USBUART_cls.c **** 
  16:Generated_Source\PSoC4/USBUART_cls.c **** #include "USBUART_pvt.h"
  17:Generated_Source\PSoC4/USBUART_cls.c **** #include "cyapicallbacks.h"
  18:Generated_Source\PSoC4/USBUART_cls.c **** 
  19:Generated_Source\PSoC4/USBUART_cls.c **** #if(USBUART_EXTERN_CLS == USBUART_FALSE)
  20:Generated_Source\PSoC4/USBUART_cls.c **** 
  21:Generated_Source\PSoC4/USBUART_cls.c **** /***************************************
  22:Generated_Source\PSoC4/USBUART_cls.c **** * User Implemented Class Driver Declarations.
  23:Generated_Source\PSoC4/USBUART_cls.c **** ***************************************/
  24:Generated_Source\PSoC4/USBUART_cls.c **** /* `#START USER_DEFINED_CLASS_DECLARATIONS` Place your declaration here */
  25:Generated_Source\PSoC4/USBUART_cls.c **** 
  26:Generated_Source\PSoC4/USBUART_cls.c **** /* `#END` */
  27:Generated_Source\PSoC4/USBUART_cls.c **** 
  28:Generated_Source\PSoC4/USBUART_cls.c **** 
  29:Generated_Source\PSoC4/USBUART_cls.c **** /*******************************************************************************
  30:Generated_Source\PSoC4/USBUART_cls.c **** * Function Name: USBUART_DispatchClassRqst
ARM GAS  C:\Users\essele\AppData\Local\Temp\cc9ZTamT.s 			page 2


  31:Generated_Source\PSoC4/USBUART_cls.c **** ****************************************************************************//**
  32:Generated_Source\PSoC4/USBUART_cls.c **** *  This routine dispatches class specific requests depend on interface class.
  33:Generated_Source\PSoC4/USBUART_cls.c **** *
  34:Generated_Source\PSoC4/USBUART_cls.c **** * \return
  35:Generated_Source\PSoC4/USBUART_cls.c **** *  requestHandled.
  36:Generated_Source\PSoC4/USBUART_cls.c **** *
  37:Generated_Source\PSoC4/USBUART_cls.c **** * \reentrant
  38:Generated_Source\PSoC4/USBUART_cls.c **** *  No.
  39:Generated_Source\PSoC4/USBUART_cls.c **** *
  40:Generated_Source\PSoC4/USBUART_cls.c **** *******************************************************************************/
  41:Generated_Source\PSoC4/USBUART_cls.c **** uint8 USBUART_DispatchClassRqst(void) 
  42:Generated_Source\PSoC4/USBUART_cls.c **** {
  28              		.loc 1 42 0
  29              		.cfi_startproc
  30              		@ args = 0, pretend = 0, frame = 0
  31              		@ frame_needed = 0, uses_anonymous_args = 0
  32 0000 10B5     		push	{r4, lr}
  33              		.cfi_def_cfa_offset 8
  34              		.cfi_offset 4, -8
  35              		.cfi_offset 14, -4
  36              	.LVL0:
  43:Generated_Source\PSoC4/USBUART_cls.c ****     uint8 interfaceNumber;
  44:Generated_Source\PSoC4/USBUART_cls.c ****     uint8 requestHandled = USBUART_FALSE;
  45:Generated_Source\PSoC4/USBUART_cls.c **** 
  46:Generated_Source\PSoC4/USBUART_cls.c ****     /* Get interface to which request is intended. */
  47:Generated_Source\PSoC4/USBUART_cls.c ****     switch (USBUART_bmRequestTypeReg & USBUART_RQST_RCPT_MASK)
  37              		.loc 1 47 0
  38 0002 144B     		ldr	r3, .L12
  39 0004 1B68     		ldr	r3, [r3]
  40 0006 0322     		movs	r2, #3
  41 0008 1340     		ands	r3, r2
  42 000a 012B     		cmp	r3, #1
  43 000c 02D0     		beq	.L3
  44 000e 022B     		cmp	r3, #2
  45 0010 04D0     		beq	.L4
  46 0012 0FE0     		b	.L10
  47              	.L3:
  48:Generated_Source\PSoC4/USBUART_cls.c ****     {
  49:Generated_Source\PSoC4/USBUART_cls.c ****         case USBUART_RQST_RCPT_IFC:
  50:Generated_Source\PSoC4/USBUART_cls.c ****             /* Class-specific request directed to interface: wIndexLoReg 
  51:Generated_Source\PSoC4/USBUART_cls.c ****             * contains interface number.
  52:Generated_Source\PSoC4/USBUART_cls.c ****             */
  53:Generated_Source\PSoC4/USBUART_cls.c ****             interfaceNumber = (uint8) USBUART_wIndexLoReg;
  48              		.loc 1 53 0
  49 0014 0F4B     		ldr	r3, .L12
  50 0016 1B69     		ldr	r3, [r3, #16]
  51 0018 DBB2     		uxtb	r3, r3
  52              	.LVL1:
  54:Generated_Source\PSoC4/USBUART_cls.c ****             break;
  53              		.loc 1 54 0
  54 001a 0CE0     		b	.L2
  55              	.LVL2:
  56              	.L4:
  55:Generated_Source\PSoC4/USBUART_cls.c ****         
  56:Generated_Source\PSoC4/USBUART_cls.c ****         case USBUART_RQST_RCPT_EP:
  57:Generated_Source\PSoC4/USBUART_cls.c ****             /* Class-specific request directed to endpoint: wIndexLoReg contains 
  58:Generated_Source\PSoC4/USBUART_cls.c ****             * endpoint number. Find interface related to endpoint. 
ARM GAS  C:\Users\essele\AppData\Local\Temp\cc9ZTamT.s 			page 3


  59:Generated_Source\PSoC4/USBUART_cls.c ****             */
  60:Generated_Source\PSoC4/USBUART_cls.c ****             interfaceNumber = USBUART_EP[USBUART_wIndexLoReg & USBUART_DIR_UNUSED].interface;
  57              		.loc 1 60 0
  58 001c 0D4B     		ldr	r3, .L12
  59 001e 1B69     		ldr	r3, [r3, #16]
  60 0020 7F22     		movs	r2, #127
  61 0022 1340     		ands	r3, r2
  62 0024 5A00     		lsls	r2, r3, #1
  63 0026 D318     		adds	r3, r2, r3
  64 0028 9A00     		lsls	r2, r3, #2
  65 002a 0B4B     		ldr	r3, .L12+4
  66 002c 9A18     		adds	r2, r3, r2
  67 002e 937A     		ldrb	r3, [r2, #10]
  68 0030 DBB2     		uxtb	r3, r3
  69              	.LVL3:
  61:Generated_Source\PSoC4/USBUART_cls.c ****             break;
  70              		.loc 1 61 0
  71 0032 00E0     		b	.L2
  72              	.LVL4:
  73              	.L10:
  62:Generated_Source\PSoC4/USBUART_cls.c ****             
  63:Generated_Source\PSoC4/USBUART_cls.c ****         default:
  64:Generated_Source\PSoC4/USBUART_cls.c ****             /* Default interface is zero. */
  65:Generated_Source\PSoC4/USBUART_cls.c ****             interfaceNumber = 0u;
  74              		.loc 1 65 0
  75 0034 0023     		movs	r3, #0
  76              	.L2:
  77              	.LVL5:
  66:Generated_Source\PSoC4/USBUART_cls.c ****             break;
  67:Generated_Source\PSoC4/USBUART_cls.c ****     }
  68:Generated_Source\PSoC4/USBUART_cls.c ****     
  69:Generated_Source\PSoC4/USBUART_cls.c ****     /* Check that interface is within acceptable range */
  70:Generated_Source\PSoC4/USBUART_cls.c ****     if (interfaceNumber <= USBUART_MAX_INTERFACES_NUMBER)
  78              		.loc 1 70 0
  79 0036 022B     		cmp	r3, #2
  80 0038 07D8     		bhi	.L8
  71:Generated_Source\PSoC4/USBUART_cls.c ****     {
  72:Generated_Source\PSoC4/USBUART_cls.c ****     #if (defined(USBUART_ENABLE_HID_CLASS)   || \
  73:Generated_Source\PSoC4/USBUART_cls.c ****          defined(USBUART_ENABLE_AUDIO_CLASS) || \
  74:Generated_Source\PSoC4/USBUART_cls.c ****          defined(USBUART_ENABLE_CDC_CLASS)   || \
  75:Generated_Source\PSoC4/USBUART_cls.c ****          USBUART_ENABLE_MSC_CLASS)
  76:Generated_Source\PSoC4/USBUART_cls.c **** 
  77:Generated_Source\PSoC4/USBUART_cls.c ****         /* Handle class request depends on interface type. */
  78:Generated_Source\PSoC4/USBUART_cls.c ****         switch (USBUART_interfaceClass[interfaceNumber])
  81              		.loc 1 78 0
  82 003a 084A     		ldr	r2, .L12+8
  83 003c 1268     		ldr	r2, [r2]
  84 003e D35C     		ldrb	r3, [r2, r3]
  85              	.LVL6:
  86 0040 022B     		cmp	r3, #2
  87 0042 04D1     		bne	.L11
  79:Generated_Source\PSoC4/USBUART_cls.c ****         {
  80:Generated_Source\PSoC4/USBUART_cls.c ****         #if defined(USBUART_ENABLE_HID_CLASS)
  81:Generated_Source\PSoC4/USBUART_cls.c ****             case USBUART_CLASS_HID:
  82:Generated_Source\PSoC4/USBUART_cls.c ****                 requestHandled = USBUART_DispatchHIDClassRqst();
  83:Generated_Source\PSoC4/USBUART_cls.c ****                 break;
  84:Generated_Source\PSoC4/USBUART_cls.c ****         #endif /* (USBUART_ENABLE_HID_CLASS) */
ARM GAS  C:\Users\essele\AppData\Local\Temp\cc9ZTamT.s 			page 4


  85:Generated_Source\PSoC4/USBUART_cls.c ****                 
  86:Generated_Source\PSoC4/USBUART_cls.c ****         #if defined(USBUART_ENABLE_AUDIO_CLASS)
  87:Generated_Source\PSoC4/USBUART_cls.c ****             case USBUART_CLASS_AUDIO:
  88:Generated_Source\PSoC4/USBUART_cls.c ****                 requestHandled = USBUART_DispatchAUDIOClassRqst();
  89:Generated_Source\PSoC4/USBUART_cls.c ****                 break;
  90:Generated_Source\PSoC4/USBUART_cls.c ****         #endif /* (USBUART_CLASS_AUDIO) */
  91:Generated_Source\PSoC4/USBUART_cls.c ****                 
  92:Generated_Source\PSoC4/USBUART_cls.c ****         #if defined(USBUART_ENABLE_CDC_CLASS)
  93:Generated_Source\PSoC4/USBUART_cls.c ****             case USBUART_CLASS_CDC:
  94:Generated_Source\PSoC4/USBUART_cls.c ****                 requestHandled = USBUART_DispatchCDCClassRqst();
  88              		.loc 1 94 0
  89 0044 FFF7FEFF 		bl	USBUART_DispatchCDCClassRqst
  90              	.LVL7:
  95:Generated_Source\PSoC4/USBUART_cls.c ****                 break;
  91              		.loc 1 95 0
  92 0048 02E0     		b	.L5
  93              	.LVL8:
  94              	.L8:
  44:Generated_Source\PSoC4/USBUART_cls.c **** 
  95              		.loc 1 44 0
  96 004a 0020     		movs	r0, #0
  97 004c 00E0     		b	.L5
  98              	.LVL9:
  99              	.L11:
  96:Generated_Source\PSoC4/USBUART_cls.c ****         #endif /* (USBUART_ENABLE_CDC_CLASS) */
  97:Generated_Source\PSoC4/USBUART_cls.c ****             
  98:Generated_Source\PSoC4/USBUART_cls.c ****         #if (USBUART_ENABLE_MSC_CLASS)
  99:Generated_Source\PSoC4/USBUART_cls.c ****             case USBUART_CLASS_MSD:
 100:Generated_Source\PSoC4/USBUART_cls.c ****             #if (USBUART_HANDLE_MSC_REQUESTS)
 101:Generated_Source\PSoC4/USBUART_cls.c ****                 /* MSC requests are handled by the component. */
 102:Generated_Source\PSoC4/USBUART_cls.c ****                 requestHandled = USBUART_DispatchMSCClassRqst();
 103:Generated_Source\PSoC4/USBUART_cls.c ****             #elif defined(USBUART_DISPATCH_MSC_CLASS_RQST_CALLBACK)
 104:Generated_Source\PSoC4/USBUART_cls.c ****                 /* MSC requests are handled by user defined callbcak. */
 105:Generated_Source\PSoC4/USBUART_cls.c ****                 requestHandled = USBUART_DispatchMSCClassRqst_Callback();
 106:Generated_Source\PSoC4/USBUART_cls.c ****             #else
 107:Generated_Source\PSoC4/USBUART_cls.c ****                 /* MSC requests are not handled. */
 108:Generated_Source\PSoC4/USBUART_cls.c ****                 requestHandled = USBUART_FALSE;
 109:Generated_Source\PSoC4/USBUART_cls.c ****             #endif /* (USBUART_HANDLE_MSC_REQUESTS) */
 110:Generated_Source\PSoC4/USBUART_cls.c ****                 break;
 111:Generated_Source\PSoC4/USBUART_cls.c ****         #endif /* (USBUART_ENABLE_MSC_CLASS) */
 112:Generated_Source\PSoC4/USBUART_cls.c ****             
 113:Generated_Source\PSoC4/USBUART_cls.c ****             default:
 114:Generated_Source\PSoC4/USBUART_cls.c ****                 /* Request is not handled: unknown class request type. */
 115:Generated_Source\PSoC4/USBUART_cls.c ****                 requestHandled = USBUART_FALSE;
 100              		.loc 1 115 0
 101 004e 0020     		movs	r0, #0
 102              	.LVL10:
 103              	.L5:
 116:Generated_Source\PSoC4/USBUART_cls.c ****                 break;
 117:Generated_Source\PSoC4/USBUART_cls.c ****         }
 118:Generated_Source\PSoC4/USBUART_cls.c ****     #endif /* Class support is enabled */
 119:Generated_Source\PSoC4/USBUART_cls.c ****     }
 120:Generated_Source\PSoC4/USBUART_cls.c ****     
 121:Generated_Source\PSoC4/USBUART_cls.c ****     /* `#START USER_DEFINED_CLASS_CODE` Place your Class request here */
 122:Generated_Source\PSoC4/USBUART_cls.c **** 
 123:Generated_Source\PSoC4/USBUART_cls.c ****     /* `#END` */
 124:Generated_Source\PSoC4/USBUART_cls.c **** 
ARM GAS  C:\Users\essele\AppData\Local\Temp\cc9ZTamT.s 			page 5


 125:Generated_Source\PSoC4/USBUART_cls.c **** #ifdef USBUART_DISPATCH_CLASS_RQST_CALLBACK
 126:Generated_Source\PSoC4/USBUART_cls.c ****     if (USBUART_FALSE == requestHandled)
 127:Generated_Source\PSoC4/USBUART_cls.c ****     {
 128:Generated_Source\PSoC4/USBUART_cls.c ****         requestHandled = USBUART_DispatchClassRqst_Callback(interfaceNumber);
 129:Generated_Source\PSoC4/USBUART_cls.c ****     }
 130:Generated_Source\PSoC4/USBUART_cls.c **** #endif /* (USBUART_DISPATCH_CLASS_RQST_CALLBACK) */
 131:Generated_Source\PSoC4/USBUART_cls.c **** 
 132:Generated_Source\PSoC4/USBUART_cls.c ****     return (requestHandled);
 133:Generated_Source\PSoC4/USBUART_cls.c **** }
 104              		.loc 1 133 0
 105              		@ sp needed
 106 0050 10BD     		pop	{r4, pc}
 107              	.L13:
 108 0052 C046     		.align	2
 109              	.L12:
 110 0054 00002C40 		.word	1076625408
 111 0058 00000000 		.word	USBUART_EP
 112 005c 00000000 		.word	USBUART_interfaceClass
 113              		.cfi_endproc
 114              	.LFE1:
 115              		.size	USBUART_DispatchClassRqst, .-USBUART_DispatchClassRqst
 116              		.text
 117              	.Letext0:
 118              		.file 2 "Generated_Source\\PSoC4\\cytypes.h"
 119              		.file 3 "Generated_Source\\PSoC4\\USBUART.h"
 120              		.file 4 "Generated_Source\\PSoC4\\USBUART_pvt.h"
 121              		.section	.debug_info,"",%progbits
 122              	.Ldebug_info0:
 123 0000 E6010000 		.4byte	0x1e6
 124 0004 0400     		.2byte	0x4
 125 0006 00000000 		.4byte	.Ldebug_abbrev0
 126 000a 04       		.byte	0x4
 127 000b 01       		.uleb128 0x1
 128 000c 9A010000 		.4byte	.LASF33
 129 0010 0C       		.byte	0xc
 130 0011 00000000 		.4byte	.LASF34
 131 0015 4F000000 		.4byte	.LASF35
 132 0019 00000000 		.4byte	.Ldebug_ranges0+0
 133 001d 00000000 		.4byte	0
 134 0021 00000000 		.4byte	.Ldebug_line0
 135 0025 02       		.uleb128 0x2
 136 0026 01       		.byte	0x1
 137 0027 06       		.byte	0x6
 138 0028 A9020000 		.4byte	.LASF0
 139 002c 02       		.uleb128 0x2
 140 002d 01       		.byte	0x1
 141 002e 08       		.byte	0x8
 142 002f EA000000 		.4byte	.LASF1
 143 0033 02       		.uleb128 0x2
 144 0034 02       		.byte	0x2
 145 0035 05       		.byte	0x5
 146 0036 63020000 		.4byte	.LASF2
 147 003a 02       		.uleb128 0x2
 148 003b 02       		.byte	0x2
 149 003c 07       		.byte	0x7
 150 003d 25000000 		.4byte	.LASF3
 151 0041 02       		.uleb128 0x2
ARM GAS  C:\Users\essele\AppData\Local\Temp\cc9ZTamT.s 			page 6


 152 0042 04       		.byte	0x4
 153 0043 05       		.byte	0x5
 154 0044 7D020000 		.4byte	.LASF4
 155 0048 02       		.uleb128 0x2
 156 0049 04       		.byte	0x4
 157 004a 07       		.byte	0x7
 158 004b C3000000 		.4byte	.LASF5
 159 004f 02       		.uleb128 0x2
 160 0050 08       		.byte	0x8
 161 0051 05       		.byte	0x5
 162 0052 38020000 		.4byte	.LASF6
 163 0056 02       		.uleb128 0x2
 164 0057 08       		.byte	0x8
 165 0058 07       		.byte	0x7
 166 0059 5F010000 		.4byte	.LASF7
 167 005d 03       		.uleb128 0x3
 168 005e 04       		.byte	0x4
 169 005f 05       		.byte	0x5
 170 0060 696E7400 		.ascii	"int\000"
 171 0064 02       		.uleb128 0x2
 172 0065 04       		.byte	0x4
 173 0066 07       		.byte	0x7
 174 0067 52010000 		.4byte	.LASF8
 175 006b 04       		.uleb128 0x4
 176 006c 6D020000 		.4byte	.LASF9
 177 0070 02       		.byte	0x2
 178 0071 E401     		.2byte	0x1e4
 179 0073 2C000000 		.4byte	0x2c
 180 0077 04       		.uleb128 0x4
 181 0078 39010000 		.4byte	.LASF10
 182 007c 02       		.byte	0x2
 183 007d E501     		.2byte	0x1e5
 184 007f 3A000000 		.4byte	0x3a
 185 0083 04       		.uleb128 0x4
 186 0084 4B010000 		.4byte	.LASF11
 187 0088 02       		.byte	0x2
 188 0089 E601     		.2byte	0x1e6
 189 008b 48000000 		.4byte	0x48
 190 008f 02       		.uleb128 0x2
 191 0090 04       		.byte	0x4
 192 0091 04       		.byte	0x4
 193 0092 A9000000 		.4byte	.LASF12
 194 0096 02       		.uleb128 0x2
 195 0097 08       		.byte	0x8
 196 0098 04       		.byte	0x4
 197 0099 F8000000 		.4byte	.LASF13
 198 009d 02       		.uleb128 0x2
 199 009e 01       		.byte	0x1
 200 009f 08       		.byte	0x8
 201 00a0 46020000 		.4byte	.LASF14
 202 00a4 02       		.uleb128 0x2
 203 00a5 08       		.byte	0x8
 204 00a6 04       		.byte	0x4
 205 00a7 9D020000 		.4byte	.LASF15
 206 00ab 02       		.uleb128 0x2
 207 00ac 04       		.byte	0x4
 208 00ad 07       		.byte	0x7
ARM GAS  C:\Users\essele\AppData\Local\Temp\cc9ZTamT.s 			page 7


 209 00ae 28020000 		.4byte	.LASF16
 210 00b2 05       		.uleb128 0x5
 211 00b3 0C       		.byte	0xc
 212 00b4 03       		.byte	0x3
 213 00b5 8E       		.byte	0x8e
 214 00b6 27010000 		.4byte	0x127
 215 00ba 06       		.uleb128 0x6
 216 00bb FF000000 		.4byte	.LASF17
 217 00bf 03       		.byte	0x3
 218 00c0 90       		.byte	0x90
 219 00c1 6B000000 		.4byte	0x6b
 220 00c5 00       		.byte	0
 221 00c6 06       		.uleb128 0x6
 222 00c7 40010000 		.4byte	.LASF18
 223 00cb 03       		.byte	0x3
 224 00cc 91       		.byte	0x91
 225 00cd 6B000000 		.4byte	0x6b
 226 00d1 01       		.byte	0x1
 227 00d2 06       		.uleb128 0x6
 228 00d3 76010000 		.4byte	.LASF19
 229 00d7 03       		.byte	0x3
 230 00d8 92       		.byte	0x92
 231 00d9 6B000000 		.4byte	0x6b
 232 00dd 02       		.byte	0x2
 233 00de 06       		.uleb128 0x6
 234 00df AF000000 		.4byte	.LASF20
 235 00e3 03       		.byte	0x3
 236 00e4 93       		.byte	0x93
 237 00e5 6B000000 		.4byte	0x6b
 238 00e9 03       		.byte	0x3
 239 00ea 06       		.uleb128 0x6
 240 00eb D5000000 		.4byte	.LASF21
 241 00ef 03       		.byte	0x3
 242 00f0 94       		.byte	0x94
 243 00f1 6B000000 		.4byte	0x6b
 244 00f5 04       		.byte	0x4
 245 00f6 06       		.uleb128 0x6
 246 00f7 31020000 		.4byte	.LASF22
 247 00fb 03       		.byte	0x3
 248 00fc 95       		.byte	0x95
 249 00fd 6B000000 		.4byte	0x6b
 250 0101 05       		.byte	0x5
 251 0102 06       		.uleb128 0x6
 252 0103 06010000 		.4byte	.LASF23
 253 0107 03       		.byte	0x3
 254 0108 96       		.byte	0x96
 255 0109 77000000 		.4byte	0x77
 256 010d 06       		.byte	0x6
 257 010e 06       		.uleb128 0x6
 258 010f 11010000 		.4byte	.LASF24
 259 0113 03       		.byte	0x3
 260 0114 97       		.byte	0x97
 261 0115 77000000 		.4byte	0x77
 262 0119 08       		.byte	0x8
 263 011a 06       		.uleb128 0x6
 264 011b 73020000 		.4byte	.LASF25
 265 011f 03       		.byte	0x3
ARM GAS  C:\Users\essele\AppData\Local\Temp\cc9ZTamT.s 			page 8


 266 0120 98       		.byte	0x98
 267 0121 6B000000 		.4byte	0x6b
 268 0125 0A       		.byte	0xa
 269 0126 00       		.byte	0
 270 0127 07       		.uleb128 0x7
 271 0128 86020000 		.4byte	.LASF26
 272 012c 03       		.byte	0x3
 273 012d 99       		.byte	0x99
 274 012e B2000000 		.4byte	0xb2
 275 0132 05       		.uleb128 0x5
 276 0133 20       		.byte	0x20
 277 0134 03       		.byte	0x3
 278 0135 C6       		.byte	0xc6
 279 0136 47010000 		.4byte	0x147
 280 013a 06       		.uleb128 0x6
 281 013b 93000000 		.4byte	.LASF27
 282 013f 03       		.byte	0x3
 283 0140 C8       		.byte	0xc8
 284 0141 47010000 		.4byte	0x147
 285 0145 00       		.byte	0
 286 0146 00       		.byte	0
 287 0147 08       		.uleb128 0x8
 288 0148 83000000 		.4byte	0x83
 289 014c 57010000 		.4byte	0x157
 290 0150 09       		.uleb128 0x9
 291 0151 AB000000 		.4byte	0xab
 292 0155 07       		.byte	0x7
 293 0156 00       		.byte	0
 294 0157 07       		.uleb128 0x7
 295 0158 4B020000 		.4byte	.LASF28
 296 015c 03       		.byte	0x3
 297 015d C9       		.byte	0xc9
 298 015e 32010000 		.4byte	0x132
 299 0162 0A       		.uleb128 0xa
 300 0163 80010000 		.4byte	.LASF36
 301 0167 01       		.byte	0x1
 302 0168 29       		.byte	0x29
 303 0169 6B000000 		.4byte	0x6b
 304 016d 00000000 		.4byte	.LFB1
 305 0171 60000000 		.4byte	.LFE1-.LFB1
 306 0175 01       		.uleb128 0x1
 307 0176 9C       		.byte	0x9c
 308 0177 A3010000 		.4byte	0x1a3
 309 017b 0B       		.uleb128 0xb
 310 017c DA000000 		.4byte	.LASF29
 311 0180 01       		.byte	0x1
 312 0181 2B       		.byte	0x2b
 313 0182 6B000000 		.4byte	0x6b
 314 0186 00000000 		.4byte	.LLST0
 315 018a 0B       		.uleb128 0xb
 316 018b 9A000000 		.4byte	.LASF30
 317 018f 01       		.byte	0x1
 318 0190 2C       		.byte	0x2c
 319 0191 6B000000 		.4byte	0x6b
 320 0195 34000000 		.4byte	.LLST1
 321 0199 0C       		.uleb128 0xc
 322 019a 48000000 		.4byte	.LVL7
ARM GAS  C:\Users\essele\AppData\Local\Temp\cc9ZTamT.s 			page 9


 323 019e DE010000 		.4byte	0x1de
 324 01a2 00       		.byte	0
 325 01a3 0D       		.uleb128 0xd
 326 01a4 38000000 		.4byte	.LASF31
 327 01a8 04       		.byte	0x4
 328 01a9 77       		.byte	0x77
 329 01aa AE010000 		.4byte	0x1ae
 330 01ae 0E       		.uleb128 0xe
 331 01af 04       		.byte	0x4
 332 01b0 B4010000 		.4byte	0x1b4
 333 01b4 0F       		.uleb128 0xf
 334 01b5 6B000000 		.4byte	0x6b
 335 01b9 08       		.uleb128 0x8
 336 01ba C9010000 		.4byte	0x1c9
 337 01be C9010000 		.4byte	0x1c9
 338 01c2 09       		.uleb128 0x9
 339 01c3 AB000000 		.4byte	0xab
 340 01c7 08       		.byte	0x8
 341 01c8 00       		.byte	0
 342 01c9 10       		.uleb128 0x10
 343 01ca 27010000 		.4byte	0x127
 344 01ce 0D       		.uleb128 0xd
 345 01cf B8000000 		.4byte	.LASF32
 346 01d3 04       		.byte	0x4
 347 01d4 79       		.byte	0x79
 348 01d5 D9010000 		.4byte	0x1d9
 349 01d9 10       		.uleb128 0x10
 350 01da B9010000 		.4byte	0x1b9
 351 01de 11       		.uleb128 0x11
 352 01df 1C010000 		.4byte	.LASF37
 353 01e3 1C010000 		.4byte	.LASF37
 354 01e7 04       		.byte	0x4
 355 01e8 DF       		.byte	0xdf
 356 01e9 00       		.byte	0
 357              		.section	.debug_abbrev,"",%progbits
 358              	.Ldebug_abbrev0:
 359 0000 01       		.uleb128 0x1
 360 0001 11       		.uleb128 0x11
 361 0002 01       		.byte	0x1
 362 0003 25       		.uleb128 0x25
 363 0004 0E       		.uleb128 0xe
 364 0005 13       		.uleb128 0x13
 365 0006 0B       		.uleb128 0xb
 366 0007 03       		.uleb128 0x3
 367 0008 0E       		.uleb128 0xe
 368 0009 1B       		.uleb128 0x1b
 369 000a 0E       		.uleb128 0xe
 370 000b 55       		.uleb128 0x55
 371 000c 17       		.uleb128 0x17
 372 000d 11       		.uleb128 0x11
 373 000e 01       		.uleb128 0x1
 374 000f 10       		.uleb128 0x10
 375 0010 17       		.uleb128 0x17
 376 0011 00       		.byte	0
 377 0012 00       		.byte	0
 378 0013 02       		.uleb128 0x2
 379 0014 24       		.uleb128 0x24
ARM GAS  C:\Users\essele\AppData\Local\Temp\cc9ZTamT.s 			page 10


 380 0015 00       		.byte	0
 381 0016 0B       		.uleb128 0xb
 382 0017 0B       		.uleb128 0xb
 383 0018 3E       		.uleb128 0x3e
 384 0019 0B       		.uleb128 0xb
 385 001a 03       		.uleb128 0x3
 386 001b 0E       		.uleb128 0xe
 387 001c 00       		.byte	0
 388 001d 00       		.byte	0
 389 001e 03       		.uleb128 0x3
 390 001f 24       		.uleb128 0x24
 391 0020 00       		.byte	0
 392 0021 0B       		.uleb128 0xb
 393 0022 0B       		.uleb128 0xb
 394 0023 3E       		.uleb128 0x3e
 395 0024 0B       		.uleb128 0xb
 396 0025 03       		.uleb128 0x3
 397 0026 08       		.uleb128 0x8
 398 0027 00       		.byte	0
 399 0028 00       		.byte	0
 400 0029 04       		.uleb128 0x4
 401 002a 16       		.uleb128 0x16
 402 002b 00       		.byte	0
 403 002c 03       		.uleb128 0x3
 404 002d 0E       		.uleb128 0xe
 405 002e 3A       		.uleb128 0x3a
 406 002f 0B       		.uleb128 0xb
 407 0030 3B       		.uleb128 0x3b
 408 0031 05       		.uleb128 0x5
 409 0032 49       		.uleb128 0x49
 410 0033 13       		.uleb128 0x13
 411 0034 00       		.byte	0
 412 0035 00       		.byte	0
 413 0036 05       		.uleb128 0x5
 414 0037 13       		.uleb128 0x13
 415 0038 01       		.byte	0x1
 416 0039 0B       		.uleb128 0xb
 417 003a 0B       		.uleb128 0xb
 418 003b 3A       		.uleb128 0x3a
 419 003c 0B       		.uleb128 0xb
 420 003d 3B       		.uleb128 0x3b
 421 003e 0B       		.uleb128 0xb
 422 003f 01       		.uleb128 0x1
 423 0040 13       		.uleb128 0x13
 424 0041 00       		.byte	0
 425 0042 00       		.byte	0
 426 0043 06       		.uleb128 0x6
 427 0044 0D       		.uleb128 0xd
 428 0045 00       		.byte	0
 429 0046 03       		.uleb128 0x3
 430 0047 0E       		.uleb128 0xe
 431 0048 3A       		.uleb128 0x3a
 432 0049 0B       		.uleb128 0xb
 433 004a 3B       		.uleb128 0x3b
 434 004b 0B       		.uleb128 0xb
 435 004c 49       		.uleb128 0x49
 436 004d 13       		.uleb128 0x13
ARM GAS  C:\Users\essele\AppData\Local\Temp\cc9ZTamT.s 			page 11


 437 004e 38       		.uleb128 0x38
 438 004f 0B       		.uleb128 0xb
 439 0050 00       		.byte	0
 440 0051 00       		.byte	0
 441 0052 07       		.uleb128 0x7
 442 0053 16       		.uleb128 0x16
 443 0054 00       		.byte	0
 444 0055 03       		.uleb128 0x3
 445 0056 0E       		.uleb128 0xe
 446 0057 3A       		.uleb128 0x3a
 447 0058 0B       		.uleb128 0xb
 448 0059 3B       		.uleb128 0x3b
 449 005a 0B       		.uleb128 0xb
 450 005b 49       		.uleb128 0x49
 451 005c 13       		.uleb128 0x13
 452 005d 00       		.byte	0
 453 005e 00       		.byte	0
 454 005f 08       		.uleb128 0x8
 455 0060 01       		.uleb128 0x1
 456 0061 01       		.byte	0x1
 457 0062 49       		.uleb128 0x49
 458 0063 13       		.uleb128 0x13
 459 0064 01       		.uleb128 0x1
 460 0065 13       		.uleb128 0x13
 461 0066 00       		.byte	0
 462 0067 00       		.byte	0
 463 0068 09       		.uleb128 0x9
 464 0069 21       		.uleb128 0x21
 465 006a 00       		.byte	0
 466 006b 49       		.uleb128 0x49
 467 006c 13       		.uleb128 0x13
 468 006d 2F       		.uleb128 0x2f
 469 006e 0B       		.uleb128 0xb
 470 006f 00       		.byte	0
 471 0070 00       		.byte	0
 472 0071 0A       		.uleb128 0xa
 473 0072 2E       		.uleb128 0x2e
 474 0073 01       		.byte	0x1
 475 0074 3F       		.uleb128 0x3f
 476 0075 19       		.uleb128 0x19
 477 0076 03       		.uleb128 0x3
 478 0077 0E       		.uleb128 0xe
 479 0078 3A       		.uleb128 0x3a
 480 0079 0B       		.uleb128 0xb
 481 007a 3B       		.uleb128 0x3b
 482 007b 0B       		.uleb128 0xb
 483 007c 27       		.uleb128 0x27
 484 007d 19       		.uleb128 0x19
 485 007e 49       		.uleb128 0x49
 486 007f 13       		.uleb128 0x13
 487 0080 11       		.uleb128 0x11
 488 0081 01       		.uleb128 0x1
 489 0082 12       		.uleb128 0x12
 490 0083 06       		.uleb128 0x6
 491 0084 40       		.uleb128 0x40
 492 0085 18       		.uleb128 0x18
 493 0086 9742     		.uleb128 0x2117
ARM GAS  C:\Users\essele\AppData\Local\Temp\cc9ZTamT.s 			page 12


 494 0088 19       		.uleb128 0x19
 495 0089 01       		.uleb128 0x1
 496 008a 13       		.uleb128 0x13
 497 008b 00       		.byte	0
 498 008c 00       		.byte	0
 499 008d 0B       		.uleb128 0xb
 500 008e 34       		.uleb128 0x34
 501 008f 00       		.byte	0
 502 0090 03       		.uleb128 0x3
 503 0091 0E       		.uleb128 0xe
 504 0092 3A       		.uleb128 0x3a
 505 0093 0B       		.uleb128 0xb
 506 0094 3B       		.uleb128 0x3b
 507 0095 0B       		.uleb128 0xb
 508 0096 49       		.uleb128 0x49
 509 0097 13       		.uleb128 0x13
 510 0098 02       		.uleb128 0x2
 511 0099 17       		.uleb128 0x17
 512 009a 00       		.byte	0
 513 009b 00       		.byte	0
 514 009c 0C       		.uleb128 0xc
 515 009d 898201   		.uleb128 0x4109
 516 00a0 00       		.byte	0
 517 00a1 11       		.uleb128 0x11
 518 00a2 01       		.uleb128 0x1
 519 00a3 31       		.uleb128 0x31
 520 00a4 13       		.uleb128 0x13
 521 00a5 00       		.byte	0
 522 00a6 00       		.byte	0
 523 00a7 0D       		.uleb128 0xd
 524 00a8 34       		.uleb128 0x34
 525 00a9 00       		.byte	0
 526 00aa 03       		.uleb128 0x3
 527 00ab 0E       		.uleb128 0xe
 528 00ac 3A       		.uleb128 0x3a
 529 00ad 0B       		.uleb128 0xb
 530 00ae 3B       		.uleb128 0x3b
 531 00af 0B       		.uleb128 0xb
 532 00b0 49       		.uleb128 0x49
 533 00b1 13       		.uleb128 0x13
 534 00b2 3F       		.uleb128 0x3f
 535 00b3 19       		.uleb128 0x19
 536 00b4 3C       		.uleb128 0x3c
 537 00b5 19       		.uleb128 0x19
 538 00b6 00       		.byte	0
 539 00b7 00       		.byte	0
 540 00b8 0E       		.uleb128 0xe
 541 00b9 0F       		.uleb128 0xf
 542 00ba 00       		.byte	0
 543 00bb 0B       		.uleb128 0xb
 544 00bc 0B       		.uleb128 0xb
 545 00bd 49       		.uleb128 0x49
 546 00be 13       		.uleb128 0x13
 547 00bf 00       		.byte	0
 548 00c0 00       		.byte	0
 549 00c1 0F       		.uleb128 0xf
 550 00c2 26       		.uleb128 0x26
ARM GAS  C:\Users\essele\AppData\Local\Temp\cc9ZTamT.s 			page 13


 551 00c3 00       		.byte	0
 552 00c4 49       		.uleb128 0x49
 553 00c5 13       		.uleb128 0x13
 554 00c6 00       		.byte	0
 555 00c7 00       		.byte	0
 556 00c8 10       		.uleb128 0x10
 557 00c9 35       		.uleb128 0x35
 558 00ca 00       		.byte	0
 559 00cb 49       		.uleb128 0x49
 560 00cc 13       		.uleb128 0x13
 561 00cd 00       		.byte	0
 562 00ce 00       		.byte	0
 563 00cf 11       		.uleb128 0x11
 564 00d0 2E       		.uleb128 0x2e
 565 00d1 00       		.byte	0
 566 00d2 3F       		.uleb128 0x3f
 567 00d3 19       		.uleb128 0x19
 568 00d4 3C       		.uleb128 0x3c
 569 00d5 19       		.uleb128 0x19
 570 00d6 6E       		.uleb128 0x6e
 571 00d7 0E       		.uleb128 0xe
 572 00d8 03       		.uleb128 0x3
 573 00d9 0E       		.uleb128 0xe
 574 00da 3A       		.uleb128 0x3a
 575 00db 0B       		.uleb128 0xb
 576 00dc 3B       		.uleb128 0x3b
 577 00dd 0B       		.uleb128 0xb
 578 00de 00       		.byte	0
 579 00df 00       		.byte	0
 580 00e0 00       		.byte	0
 581              		.section	.debug_loc,"",%progbits
 582              	.Ldebug_loc0:
 583              	.LLST0:
 584 0000 1A000000 		.4byte	.LVL1
 585 0004 1C000000 		.4byte	.LVL2
 586 0008 0100     		.2byte	0x1
 587 000a 53       		.byte	0x53
 588 000b 32000000 		.4byte	.LVL3
 589 000f 34000000 		.4byte	.LVL4
 590 0013 0100     		.2byte	0x1
 591 0015 53       		.byte	0x53
 592 0016 36000000 		.4byte	.LVL5
 593 001a 40000000 		.4byte	.LVL6
 594 001e 0100     		.2byte	0x1
 595 0020 53       		.byte	0x53
 596 0021 4A000000 		.4byte	.LVL8
 597 0025 4E000000 		.4byte	.LVL9
 598 0029 0100     		.2byte	0x1
 599 002b 53       		.byte	0x53
 600 002c 00000000 		.4byte	0
 601 0030 00000000 		.4byte	0
 602              	.LLST1:
 603 0034 02000000 		.4byte	.LVL0
 604 0038 48000000 		.4byte	.LVL7
 605 003c 0200     		.2byte	0x2
 606 003e 30       		.byte	0x30
 607 003f 9F       		.byte	0x9f
ARM GAS  C:\Users\essele\AppData\Local\Temp\cc9ZTamT.s 			page 14


 608 0040 48000000 		.4byte	.LVL7
 609 0044 4A000000 		.4byte	.LVL8
 610 0048 0100     		.2byte	0x1
 611 004a 50       		.byte	0x50
 612 004b 4A000000 		.4byte	.LVL8
 613 004f 50000000 		.4byte	.LVL10
 614 0053 0200     		.2byte	0x2
 615 0055 30       		.byte	0x30
 616 0056 9F       		.byte	0x9f
 617 0057 50000000 		.4byte	.LVL10
 618 005b 60000000 		.4byte	.LFE1
 619 005f 0100     		.2byte	0x1
 620 0061 50       		.byte	0x50
 621 0062 00000000 		.4byte	0
 622 0066 00000000 		.4byte	0
 623              		.section	.debug_aranges,"",%progbits
 624 0000 1C000000 		.4byte	0x1c
 625 0004 0200     		.2byte	0x2
 626 0006 00000000 		.4byte	.Ldebug_info0
 627 000a 04       		.byte	0x4
 628 000b 00       		.byte	0
 629 000c 0000     		.2byte	0
 630 000e 0000     		.2byte	0
 631 0010 00000000 		.4byte	.LFB1
 632 0014 60000000 		.4byte	.LFE1-.LFB1
 633 0018 00000000 		.4byte	0
 634 001c 00000000 		.4byte	0
 635              		.section	.debug_ranges,"",%progbits
 636              	.Ldebug_ranges0:
 637 0000 00000000 		.4byte	.LFB1
 638 0004 60000000 		.4byte	.LFE1
 639 0008 00000000 		.4byte	0
 640 000c 00000000 		.4byte	0
 641              		.section	.debug_line,"",%progbits
 642              	.Ldebug_line0:
 643 0000 91000000 		.section	.debug_str,"MS",%progbits,1
 643      02006600 
 643      00000201 
 643      FB0E0D00 
 643      01010101 
 644              	.LASF34:
 645 0000 47656E65 		.ascii	"Generated_Source\\PSoC4\\USBUART_cls.c\000"
 645      72617465 
 645      645F536F 
 645      75726365 
 645      5C50536F 
 646              	.LASF3:
 647 0025 73686F72 		.ascii	"short unsigned int\000"
 647      7420756E 
 647      7369676E 
 647      65642069 
 647      6E7400
 648              	.LASF31:
 649 0038 55534255 		.ascii	"USBUART_interfaceClass\000"
 649      4152545F 
 649      696E7465 
 649      72666163 
ARM GAS  C:\Users\essele\AppData\Local\Temp\cc9ZTamT.s 			page 15


 649      65436C61 
 650              	.LASF35:
 651 004f 5C5C4D61 		.ascii	"\\\\Mac\\Home\\Documents\\PSoC Creator\\GPIB USB Ad"
 651      635C486F 
 651      6D655C44 
 651      6F63756D 
 651      656E7473 
 652 007c 61707465 		.ascii	"apter\\GPIB USB 1.cydsn\000"
 652      725C4750 
 652      49422055 
 652      53422031 
 652      2E637964 
 653              	.LASF27:
 654 0093 65704461 		.ascii	"epData\000"
 654      746100
 655              	.LASF30:
 656 009a 72657175 		.ascii	"requestHandled\000"
 656      65737448 
 656      616E646C 
 656      656400
 657              	.LASF12:
 658 00a9 666C6F61 		.ascii	"float\000"
 658      7400
 659              	.LASF20:
 660 00af 6570546F 		.ascii	"epToggle\000"
 660      67676C65 
 660      00
 661              	.LASF32:
 662 00b8 55534255 		.ascii	"USBUART_EP\000"
 662      4152545F 
 662      455000
 663              	.LASF5:
 664 00c3 6C6F6E67 		.ascii	"long unsigned int\000"
 664      20756E73 
 664      69676E65 
 664      6420696E 
 664      7400
 665              	.LASF21:
 666 00d5 61646472 		.ascii	"addr\000"
 666      00
 667              	.LASF29:
 668 00da 696E7465 		.ascii	"interfaceNumber\000"
 668      72666163 
 668      654E756D 
 668      62657200 
 669              	.LASF1:
 670 00ea 756E7369 		.ascii	"unsigned char\000"
 670      676E6564 
 670      20636861 
 670      7200
 671              	.LASF13:
 672 00f8 646F7562 		.ascii	"double\000"
 672      6C6500
 673              	.LASF17:
 674 00ff 61747472 		.ascii	"attrib\000"
 674      696200
 675              	.LASF23:
ARM GAS  C:\Users\essele\AppData\Local\Temp\cc9ZTamT.s 			page 16


 676 0106 62756666 		.ascii	"buffOffset\000"
 676      4F666673 
 676      657400
 677              	.LASF24:
 678 0111 62756666 		.ascii	"bufferSize\000"
 678      65725369 
 678      7A6500
 679              	.LASF37:
 680 011c 55534255 		.ascii	"USBUART_DispatchCDCClassRqst\000"
 680      4152545F 
 680      44697370 
 680      61746368 
 680      43444343 
 681              	.LASF10:
 682 0139 75696E74 		.ascii	"uint16\000"
 682      313600
 683              	.LASF18:
 684 0140 61706945 		.ascii	"apiEpState\000"
 684      70537461 
 684      746500
 685              	.LASF11:
 686 014b 75696E74 		.ascii	"uint32\000"
 686      333200
 687              	.LASF8:
 688 0152 756E7369 		.ascii	"unsigned int\000"
 688      676E6564 
 688      20696E74 
 688      00
 689              	.LASF7:
 690 015f 6C6F6E67 		.ascii	"long long unsigned int\000"
 690      206C6F6E 
 690      6720756E 
 690      7369676E 
 690      65642069 
 691              	.LASF19:
 692 0176 68774570 		.ascii	"hwEpState\000"
 692      53746174 
 692      6500
 693              	.LASF36:
 694 0180 55534255 		.ascii	"USBUART_DispatchClassRqst\000"
 694      4152545F 
 694      44697370 
 694      61746368 
 694      436C6173 
 695              	.LASF33:
 696 019a 474E5520 		.ascii	"GNU C11 5.4.1 20160609 (release) [ARM/embedded-5-br"
 696      43313120 
 696      352E342E 
 696      31203230 
 696      31363036 
 697 01cd 616E6368 		.ascii	"anch revision 237715] -mcpu=cortex-m0 -mthumb -g -O"
 697      20726576 
 697      6973696F 
 697      6E203233 
 697      37373135 
 698 0200 67202D66 		.ascii	"g -ffunction-sections -ffat-lto-objects\000"
 698      66756E63 
ARM GAS  C:\Users\essele\AppData\Local\Temp\cc9ZTamT.s 			page 17


 698      74696F6E 
 698      2D736563 
 698      74696F6E 
 699              	.LASF16:
 700 0228 73697A65 		.ascii	"sizetype\000"
 700      74797065 
 700      00
 701              	.LASF22:
 702 0231 65704D6F 		.ascii	"epMode\000"
 702      646500
 703              	.LASF6:
 704 0238 6C6F6E67 		.ascii	"long long int\000"
 704      206C6F6E 
 704      6720696E 
 704      7400
 705              	.LASF14:
 706 0246 63686172 		.ascii	"char\000"
 706      00
 707              	.LASF28:
 708 024b 55534255 		.ascii	"USBUART_ep0_data_struct\000"
 708      4152545F 
 708      6570305F 
 708      64617461 
 708      5F737472 
 709              	.LASF2:
 710 0263 73686F72 		.ascii	"short int\000"
 710      7420696E 
 710      7400
 711              	.LASF9:
 712 026d 75696E74 		.ascii	"uint8\000"
 712      3800
 713              	.LASF25:
 714 0273 696E7465 		.ascii	"interface\000"
 714      72666163 
 714      6500
 715              	.LASF4:
 716 027d 6C6F6E67 		.ascii	"long int\000"
 716      20696E74 
 716      00
 717              	.LASF26:
 718 0286 545F5553 		.ascii	"T_USBUART_EP_CTL_BLOCK\000"
 718      42554152 
 718      545F4550 
 718      5F43544C 
 718      5F424C4F 
 719              	.LASF15:
 720 029d 6C6F6E67 		.ascii	"long double\000"
 720      20646F75 
 720      626C6500 
 721              	.LASF0:
 722 02a9 7369676E 		.ascii	"signed char\000"
 722      65642063 
 722      68617200 
 723              		.ident	"GCC: (GNU Tools for ARM Embedded Processors) 5.4.1 20160609 (release) [ARM/embedded-5-bran
