--------------- Clean Started: 10/14/2019 15:35:38 Project: GPIB USB 1, Configuration: ARM GCC 5.4-2016-q2-update Debug ---------------
Deleting file ".\CortexM0\ARM_GCC_541\Debug\main.o"
Deleting file ".\CortexM0\ARM_GCC_541\Debug\gpib.o"
Deleting file ".\CortexM0\ARM_GCC_541\Debug\serial.o"
Deleting file ".\CortexM0\ARM_GCC_541\Debug\input.o"
Deleting file ".\CortexM0\ARM_GCC_541\Debug\command.o"
Deleting file ".\CortexM0\ARM_GCC_541\Debug\settings.o"
Deleting file ".\CortexM0\ARM_GCC_541\Debug\cyfitter_cfg.o"
Deleting file ".\CortexM0\ARM_GCC_541\Debug\cymetadata.o"
Deleting file ".\CortexM0\ARM_GCC_541\Debug\cy_em_eeprom.o"
Deleting file ".\CortexM0\ARM_GCC_541\Debug\Cm0Start.o"
Deleting file ".\CortexM0\ARM_GCC_541\Debug\CyFlash.o"
Deleting file ".\CortexM0\ARM_GCC_541\Debug\CyLib.o"
Deleting file ".\CortexM0\ARM_GCC_541\Debug\cyPm.o"
Deleting file ".\CortexM0\ARM_GCC_541\Debug\cyutils.o"
Deleting file ".\CortexM0\ARM_GCC_541\Debug\CyBootAsmGnu.o"
Deleting file ".\CortexM0\ARM_GCC_541\Debug\CyDMA.o"
Deleting file ".\CortexM0\ARM_GCC_541\Debug\CyLFClk.o"
Deleting file ".\CortexM0\ARM_GCC_541\Debug\USBUART.o"
Deleting file ".\CortexM0\ARM_GCC_541\Debug\USBUART_audio.o"
Deleting file ".\CortexM0\ARM_GCC_541\Debug\USBUART_boot.o"
Deleting file ".\CortexM0\ARM_GCC_541\Debug\USBUART_cdc.o"
Deleting file ".\CortexM0\ARM_GCC_541\Debug\USBUART_cls.o"
Deleting file ".\CortexM0\ARM_GCC_541\Debug\USBUART_descr.o"
Deleting file ".\CortexM0\ARM_GCC_541\Debug\USBUART_drv.o"
Deleting file ".\CortexM0\ARM_GCC_541\Debug\USBUART_episr.o"
Deleting file ".\CortexM0\ARM_GCC_541\Debug\USBUART_hid.o"
Deleting file ".\CortexM0\ARM_GCC_541\Debug\USBUART_pm.o"
Deleting file ".\CortexM0\ARM_GCC_541\Debug\USBUART_std.o"
Deleting file ".\CortexM0\ARM_GCC_541\Debug\USBUART_vnd.o"
Deleting file ".\CortexM0\ARM_GCC_541\Debug\USBUART_midi.o"
Deleting file ".\CortexM0\ARM_GCC_541\Debug\USBUART_msc.o"
Deleting file ".\CortexM0\ARM_GCC_541\Debug\USBUART_Dp.o"
Deleting file ".\CortexM0\ARM_GCC_541\Debug\USBUART_Dp_PM.o"
Deleting file ".\CortexM0\ARM_GCC_541\Debug\USBUART_Dm.o"
Deleting file ".\CortexM0\ARM_GCC_541\Debug\USBUART_Dm_PM.o"
Deleting file ".\CortexM0\ARM_GCC_541\Debug\LED1.o"
Deleting file ".\CortexM0\ARM_GCC_541\Debug\LED1_PM.o"
Deleting file ".\CortexM0\ARM_GCC_541\Debug\LED2.o"
Deleting file ".\CortexM0\ARM_GCC_541\Debug\LED2_PM.o"
Deleting file ".\CortexM0\ARM_GCC_541\Debug\PWM_1.o"
Deleting file ".\CortexM0\ARM_GCC_541\Debug\PWM_1_PM.o"
Deleting file ".\CortexM0\ARM_GCC_541\Debug\Clock_1.o"
Deleting file ".\CortexM0\ARM_GCC_541\Debug\DIO.o"
Deleting file ".\CortexM0\ARM_GCC_541\Debug\DIO_PM.o"
Deleting file ".\CortexM0\ARM_GCC_541\Debug\SIG.o"
Deleting file ".\CortexM0\ARM_GCC_541\Debug\SIG_PM.o"
Deleting file ".\CortexM0\ARM_GCC_541\Debug\SW1.o"
Deleting file ".\CortexM0\ARM_GCC_541\Debug\SW1_PM.o"
Deleting file ".\CortexM0\ARM_GCC_541\Debug\EEPROM.o"
Deleting file ".\CortexM0\ARM_GCC_541\Debug\Timer1.o"
Deleting file ".\CortexM0\ARM_GCC_541\Debug\Timer1_PM.o"
Deleting file ".\CortexM0\ARM_GCC_541\Debug\Clock_2.o"
Deleting file ".\CortexM0\ARM_GCC_541\Debug\GPIB USB 1.hex"
Deleting file ".\CortexM0\ARM_GCC_541\Debug\GPIB USB 1.elf"
Deleting file ".\CortexM0\ARM_GCC_541\Debug\GPIB USB 1.map"
Deleting file ".\GPIB USB 1.cycdx"
Deleting file ".\GPIB USB 1.svd"
Deleting file ".\GPIB USB 1.rpt"
Deleting file ".\GPIB USB 1_timing.html"
Deleting file ".\CortexM0\ARM_GCC_541\Debug\.deps\SOURCE_C__ARM_GCC_GENERIC.P"
Deleting file ".\CortexM0\ARM_GCC_541\Debug\.deps\SOURCE_ASM__ARM_GCC_GENERIC.P"
--------------- Clean Succeeded: 10/14/2019 15:35:38 ---------------
